#start!!!  2020-12-13  22:55:41
#cuda devices: 0
#loading data ...
#building model ...
#model: LinearNet(depth=4, width=512)
#training model ...
#epoch[1]:	1.0e-05	4.70595	80.64%	13.55%	5.32%	13.46%	1.94%	35.6s	*
#epoch[2]:	5.1e-04	4.31652	80.25%	13.94%	6.20%	13.26%	2.71%	35.6s	*
#epoch[3]:	1.0e-05	4.15381	82.48%	14.13%	7.84%	13.84%	3.39%	35.2s	*
#epoch[4]:	8.6e-04	4.09268	79.09%	14.52%	8.33%	13.55%	3.87%	35.2s	*
#epoch[5]:	5.1e-04	3.98922	81.32%	14.13%	8.33%	13.65%	3.29%	34.8s
#epoch[6]:	1.6e-04	3.96483	82.28%	15.10%	8.91%	14.52%	3.97%	34.9s	*
#epoch[7]:	1.0e-05	3.90969	82.38%	15.10%	9.00%	14.42%	3.97%	34.9s
#epoch[8]:	9.6e-04	3.92695	81.22%	15.88%	8.81%	14.52%	3.87%	34.9s
#epoch[9]:	8.6e-04	3.85698	81.41%	15.59%	9.78%	15.00%	7.36%	34.8s	*
#epoch[10]:	6.9e-04	3.80570	82.19%	16.65%	9.68%	15.68%	6.00%	35.0s
#epoch[11]:	5.1e-04	3.76601	82.77%	17.04%	9.58%	15.88%	4.65%	35.0s
#epoch[12]:	3.2e-04	3.73580	81.99%	18.39%	9.87%	16.75%	6.78%	34.8s
#epoch[13]:	1.6e-04	3.69210	83.06%	17.72%	10.45%	16.65%	6.10%	34.5s
#epoch[14]:	4.8e-05	3.69785	82.96%	18.10%	11.62%	16.94%	6.00%	35.1s
#epoch[15]:	1.0e-05	3.69859	83.16%	18.20%	11.33%	16.75%	5.61%	37.2s
#epoch[16]:	9.9e-04	3.71539	82.28%	17.13%	12.10%	15.78%	5.13%	36.6s
#epoch[17]:	9.6e-04	3.65163	82.58%	18.10%	13.46%	16.55%	6.29%	36.4s
#epoch[18]:	9.2e-04	3.58404	82.38%	20.62%	12.78%	19.17%	8.52%	36.0s	*
#epoch[19]:	8.6e-04	3.57040	82.96%	21.59%	16.26%	20.23%	9.68%	35.3s	*
#epoch[20]:	7.8e-04	3.54944	83.45%	24.01%	17.13%	22.27%	12.20%	37.0s	*
#epoch[21]:	6.9e-04	3.46969	82.48%	21.20%	15.00%	19.75%	9.29%	39.2s
#epoch[22]:	6.0e-04	3.48225	84.22%	24.30%	16.75%	23.14%	13.84%	39.1s	*
#epoch[23]:	5.1e-04	3.44266	84.22%	24.88%	20.33%	23.81%	12.97%	39.7s
#epoch[24]:	4.1e-04	3.38033	82.58%	24.69%	17.91%	22.65%	14.04%	39.5s	*
#epoch[25]:	3.2e-04	3.36057	83.06%	24.98%	19.36%	23.43%	12.49%	39.0s
#epoch[26]:	2.3e-04	3.32815	84.03%	26.14%	19.65%	24.39%	12.49%	39.5s
#epoch[27]:	1.6e-04	3.31468	84.61%	27.30%	20.04%	25.85%	13.94%	39.3s
#epoch[28]:	9.3e-05	3.33498	84.32%	27.11%	19.94%	25.17%	13.75%	39.4s
#epoch[29]:	4.8e-05	3.30984	84.41%	27.20%	20.33%	25.65%	14.23%	39.3s	*
#epoch[30]:	2.0e-05	3.27283	84.70%	27.30%	20.91%	25.46%	13.94%	39.2s
#epoch[31]:	1.0e-05	3.26431	85.00%	27.69%	20.81%	25.85%	14.42%	39.5s	*
#epoch[32]:	1.0e-03	3.37460	83.74%	25.07%	18.97%	23.33%	12.39%	39.2s
#epoch[33]:	9.9e-04	3.31137	84.51%	25.36%	18.49%	23.81%	12.39%	38.5s
#epoch[34]:	9.8e-04	3.29400	83.06%	25.46%	19.75%	23.62%	15.49%	39.2s	*
#epoch[35]:	9.6e-04	3.26771	83.64%	26.91%	20.33%	25.46%	14.13%	37.7s
#epoch[36]:	9.4e-04	3.19113	83.35%	30.01%	22.65%	27.59%	16.07%	35.5s	*
#epoch[37]:	9.2e-04	3.15592	85.29%	29.91%	23.04%	28.85%	18.10%	35.1s	*
#epoch[38]:	8.9e-04	3.12396	84.80%	30.69%	26.14%	29.43%	18.20%	35.2s	*
#epoch[39]:	8.6e-04	3.06210	85.29%	28.94%	26.62%	27.40%	16.84%	34.9s
#epoch[40]:	8.2e-04	3.06023	85.48%	34.17%	30.01%	32.43%	21.39%	35.0s	*
#epoch[41]:	7.8e-04	3.02067	85.87%	33.69%	29.24%	31.85%	21.30%	35.0s
#epoch[42]:	7.4e-04	2.98401	85.00%	33.88%	30.20%	31.27%	21.39%	35.2s
#epoch[43]:	6.9e-04	2.94634	85.19%	36.98%	28.07%	34.95%	22.94%	34.9s	*
#epoch[44]:	6.5e-04	2.92251	86.25%	37.75%	30.98%	35.33%	23.43%	34.9s	*
#epoch[45]:	6.0e-04	2.87023	86.25%	37.56%	29.91%	35.14%	23.91%	36.4s	*
#epoch[46]:	5.5e-04	2.86330	86.83%	38.24%	34.08%	36.11%	25.85%	39.1s	*
#epoch[47]:	5.1e-04	2.81050	87.51%	38.24%	32.62%	36.50%	25.94%	38.8s	*
#epoch[48]:	4.6e-04	2.79074	86.64%	38.72%	33.98%	36.40%	25.56%	38.7s
#epoch[49]:	4.1e-04	2.75905	85.29%	40.56%	36.59%	36.69%	25.75%	39.0s
#epoch[50]:	3.6e-04	2.73946	86.54%	40.85%	34.56%	38.53%	27.30%	39.1s	*
#epoch[51]:	3.2e-04	2.71514	87.51%	41.05%	36.98%	39.69%	29.53%	39.0s	*
#epoch[52]:	2.7e-04	2.67240	88.19%	43.85%	37.46%	42.30%	31.56%	39.0s	*
#epoch[53]:	2.3e-04	2.63215	87.71%	45.89%	38.53%	43.56%	32.62%	39.2s	*
#epoch[54]:	1.9e-04	2.65537	87.51%	45.01%	39.79%	42.79%	32.33%	39.5s
#epoch[55]:	1.6e-04	2.59848	87.71%	44.05%	38.04%	42.21%	31.36%	39.0s
#epoch[56]:	1.2e-04	2.55067	88.87%	45.11%	38.82%	43.27%	32.24%	38.9s
#epoch[57]:	9.3e-05	2.55778	87.32%	45.11%	38.82%	43.18%	32.53%	38.0s
#epoch[58]:	6.8e-05	2.53037	88.09%	47.14%	40.66%	45.21%	34.08%	34.7s	*
#epoch[59]:	4.8e-05	2.53612	88.48%	47.14%	40.27%	45.21%	34.08%	34.9s
#epoch[60]:	3.1e-05	2.50988	88.48%	46.56%	40.27%	44.72%	34.08%	34.8s
#epoch[61]:	2.0e-05	2.50062	88.29%	46.76%	40.46%	44.34%	33.59%	34.6s
#epoch[62]:	1.2e-05	2.51125	88.29%	46.85%	41.05%	44.92%	34.37%	34.9s	*
#epoch[63]:	1.0e-05	2.51788	88.29%	47.05%	40.95%	44.82%	34.75%	34.9s	*
#epoch[64]:	1.0e-03	2.80558	87.71%	43.76%	37.85%	41.72%	30.49%	34.7s
#epoch[65]:	1.0e-03	2.70842	86.54%	42.21%	38.82%	39.69%	30.40%	34.4s
#epoch[66]:	9.9e-04	2.68540	86.74%	44.63%	38.72%	42.01%	32.62%	34.8s
#epoch[67]:	9.9e-04	2.62555	86.06%	43.47%	39.79%	41.14%	31.75%	35.1s
#epoch[68]:	9.9e-04	2.58682	87.32%	42.30%	37.46%	40.76%	30.20%	34.8s
#epoch[69]:	9.8e-04	2.53103	86.83%	44.24%	36.59%	41.63%	31.36%	35.1s
#epoch[70]:	9.7e-04	2.52277	87.03%	46.08%	41.14%	43.66%	33.20%	34.7s
#epoch[71]:	9.6e-04	2.45701	87.61%	46.56%	40.08%	44.92%	34.95%	34.9s	*
#epoch[72]:	9.5e-04	2.45695	86.45%	42.98%	36.50%	39.79%	29.33%	35.0s
#epoch[73]:	9.4e-04	2.39957	86.93%	48.79%	41.63%	46.27%	35.82%	34.6s	*
#epoch[74]:	9.3e-04	2.37254	87.12%	49.08%	43.37%	45.69%	35.82%	34.3s
#epoch[75]:	9.2e-04	2.30670	88.67%	45.50%	39.88%	43.85%	33.59%	35.1s
#epoch[76]:	9.0e-04	2.31119	88.00%	48.98%	44.14%	46.95%	37.46%	34.4s	*
#epoch[77]:	8.9e-04	2.27980	87.71%	49.76%	43.18%	47.34%	37.08%	34.9s
#epoch[78]:	8.7e-04	2.23897	86.54%	50.73%	45.01%	48.50%	38.72%	34.7s	*
#epoch[79]:	8.6e-04	2.21914	87.90%	52.47%	45.98%	48.79%	39.40%	34.8s	*
#epoch[80]:	8.4e-04	2.16074	87.61%	51.98%	45.79%	49.18%	38.53%	34.8s
#epoch[81]:	8.2e-04	2.13027	85.58%	53.92%	49.47%	48.89%	39.21%	34.6s
#epoch[82]:	8.0e-04	2.12798	88.96%	52.37%	47.53%	49.76%	40.95%	34.8s	*
#epoch[83]:	7.8e-04	2.07839	88.67%	52.86%	48.60%	49.85%	39.88%	35.0s
#epoch[84]:	7.6e-04	2.01687	88.87%	53.34%	47.73%	51.02%	41.82%	35.0s	*
#epoch[85]:	7.4e-04	1.99987	87.80%	51.79%	47.43%	48.31%	40.76%	34.8s
#epoch[86]:	7.2e-04	2.01001	88.67%	56.44%	51.21%	53.82%	45.11%	34.5s	*
#epoch[87]:	6.9e-04	1.94205	89.64%	56.24%	51.60%	53.92%	45.40%	34.9s	*
#epoch[88]:	6.7e-04	1.92295	88.38%	56.44%	51.60%	53.15%	43.85%	34.9s
#epoch[89]:	6.5e-04	1.86174	89.74%	57.02%	54.40%	54.89%	46.95%	34.7s	*
#epoch[90]:	6.3e-04	1.84707	87.42%	57.02%	52.37%	54.11%	44.92%	34.8s
#epoch[91]:	6.0e-04	1.80751	86.06%	57.02%	52.37%	53.92%	45.01%	34.8s
#epoch[92]:	5.8e-04	1.76980	89.16%	58.28%	52.86%	55.76%	46.27%	34.7s
#epoch[93]:	5.5e-04	1.74944	89.16%	57.50%	55.08%	55.08%	48.11%	35.1s	*
#epoch[94]:	5.3e-04	1.74037	89.25%	58.76%	54.89%	55.95%	48.69%	34.6s	*
#epoch[95]:	5.1e-04	1.70949	90.03%	59.83%	55.28%	57.12%	48.98%	34.8s	*
#epoch[96]:	4.8e-04	1.66739	90.03%	60.50%	54.60%	58.08%	49.18%	34.4s	*
#epoch[97]:	4.6e-04	1.64450	88.77%	60.41%	55.86%	57.41%	49.27%	34.9s	*
#epoch[98]:	4.3e-04	1.62955	88.96%	60.60%	55.76%	57.99%	49.27%	34.8s
#epoch[99]:	4.1e-04	1.61149	88.96%	60.31%	55.76%	57.60%	49.56%	35.0s	*
#epoch[100]:	3.8e-04	1.57186	88.29%	60.60%	54.89%	57.31%	48.21%	34.7s
#epoch[101]:	3.6e-04	1.56031	89.25%	60.79%	56.82%	58.57%	50.34%	34.6s	*
#epoch[102]:	3.4e-04	1.53362	88.67%	60.60%	55.95%	57.70%	50.34%	35.0s
#epoch[103]:	3.2e-04	1.49727	88.48%	62.63%	58.76%	59.34%	52.76%	34.9s	*
#epoch[104]:	2.9e-04	1.46671	88.67%	62.44%	57.41%	59.24%	51.60%	34.6s
#epoch[105]:	2.7e-04	1.45414	88.77%	62.54%	58.08%	59.83%	51.89%	34.9s
#epoch[106]:	2.5e-04	1.42137	89.16%	63.60%	58.95%	60.41%	52.47%	34.7s
#epoch[107]:	2.3e-04	1.42170	88.58%	63.41%	58.86%	60.50%	52.66%	35.0s
#epoch[108]:	2.1e-04	1.42462	88.29%	62.73%	58.18%	59.92%	52.08%	34.7s
#epoch[109]:	1.9e-04	1.38851	88.87%	62.63%	58.28%	59.44%	52.27%	34.9s
#epoch[110]:	1.7e-04	1.36854	88.29%	63.79%	58.76%	60.99%	52.66%	34.3s
#epoch[111]:	1.5e-04	1.33998	89.35%	63.21%	58.47%	60.99%	53.24%	34.6s	*
#epoch[112]:	1.4e-04	1.33030	88.67%	64.09%	59.15%	61.47%	53.92%	34.9s	*
#epoch[113]:	1.2e-04	1.33982	89.35%	64.38%	59.92%	61.76%	54.31%	34.7s	*
#epoch[114]:	1.1e-04	1.34189	88.77%	63.99%	60.31%	61.57%	54.79%	34.8s	*
#epoch[115]:	9.3e-05	1.31011	89.06%	63.60%	59.83%	60.89%	54.02%	34.9s
#epoch[116]:	8.0e-05	1.31087	89.25%	64.28%	59.54%	61.57%	53.92%	34.9s
#epoch[117]:	6.8e-05	1.30234	88.67%	64.38%	58.95%	61.37%	52.86%	34.3s
#epoch[118]:	5.8e-05	1.29531	88.77%	65.05%	60.99%	62.34%	54.89%	35.1s	*
#epoch[119]:	4.8e-05	1.27093	89.64%	64.47%	59.73%	61.86%	54.31%	34.7s
#epoch[120]:	3.9e-05	1.28719	88.96%	63.99%	58.95%	61.37%	53.24%	34.8s
#epoch[121]:	3.1e-05	1.27767	89.16%	64.47%	59.73%	62.15%	54.11%	34.4s
#epoch[122]:	2.5e-05	1.25659	88.96%	63.99%	60.12%	61.57%	54.31%	34.9s
#epoch[123]:	2.0e-05	1.27942	89.06%	64.57%	60.41%	61.76%	54.60%	35.2s
#epoch[124]:	1.5e-05	1.27011	88.96%	65.25%	60.99%	62.34%	54.99%	35.0s	*
#epoch[125]:	1.2e-05	1.26953	88.96%	65.34%	60.50%	62.73%	55.37%	34.5s	*
#epoch[126]:	1.1e-05	1.26079	89.06%	65.34%	60.70%	62.44%	55.08%	34.6s
#epoch[127]:	1.0e-05	1.26175	88.87%	64.76%	60.79%	62.05%	54.99%	34.6s
#epoch[128]:	1.0e-03	2.69553	83.06%	48.69%	42.98%	45.60%	36.59%	35.0s
#epoch[129]:	1.0e-03	2.16057	87.51%	48.21%	46.95%	45.30%	36.98%	34.5s
#epoch[130]:	9.9e-04	1.94848	88.29%	52.18%	49.27%	49.37%	41.05%	34.8s
#epoch[131]:	9.9e-04	1.82822	88.87%	56.34%	51.21%	53.34%	43.56%	35.3s
#epoch[132]:	9.9e-04	1.80129	87.90%	56.73%	51.31%	52.95%	44.24%	34.8s
#epoch[133]:	9.8e-04	1.74197	87.71%	59.15%	54.31%	55.37%	47.24%	34.6s
#epoch[134]:	9.7e-04	1.68045	89.16%	57.41%	52.08%	54.70%	46.47%	34.9s
#epoch[135]:	9.6e-04	1.68023	89.25%	57.21%	51.31%	54.60%	45.89%	34.6s
#epoch[136]:	9.5e-04	1.58969	87.51%	59.73%	54.79%	56.24%	47.24%	34.9s
#epoch[137]:	9.4e-04	1.57088	89.06%	60.89%	54.60%	58.86%	49.56%	34.8s
#epoch[138]:	9.3e-04	1.55208	88.19%	60.12%	55.57%	56.73%	48.69%	34.5s
#epoch[139]:	9.2e-04	1.49582	87.61%	59.73%	54.50%	57.02%	48.79%	34.6s
#epoch[140]:	9.0e-04	1.44869	88.58%	61.28%	57.02%	58.95%	51.31%	35.0s
#epoch[141]:	8.9e-04	1.38383	88.96%	62.92%	57.79%	59.92%	51.40%	34.9s
#epoch[142]:	8.7e-04	1.35558	88.77%	61.57%	57.50%	58.47%	50.63%	34.8s
#epoch[143]:	8.6e-04	1.36592	88.58%	61.86%	57.70%	58.95%	50.82%	34.3s
#epoch[144]:	8.4e-04	1.33209	89.25%	61.76%	56.73%	59.05%	51.60%	34.8s
#epoch[145]:	8.2e-04	1.33141	88.29%	61.76%	56.34%	58.47%	49.66%	34.7s
#epoch[146]:	8.0e-04	1.25200	88.38%	64.38%	60.79%	61.18%	54.40%	35.1s
#epoch[147]:	7.8e-04	1.25850	88.38%	63.60%	58.47%	60.41%	52.95%	35.0s
#epoch[148]:	7.6e-04	1.21562	88.58%	64.47%	60.79%	61.96%	55.08%	34.6s
#epoch[149]:	7.4e-04	1.16328	88.29%	61.76%	57.79%	59.05%	51.50%	34.8s
#epoch[150]:	7.2e-04	1.13551	89.06%	63.41%	60.79%	60.79%	53.73%	35.2s
#epoch[151]:	6.9e-04	1.12761	88.67%	63.21%	59.63%	60.50%	53.05%	34.5s
#epoch[152]:	6.7e-04	1.11108	88.00%	65.34%	60.50%	62.83%	55.47%	34.8s	*
#epoch[153]:	6.5e-04	1.08407	88.48%	63.70%	59.73%	60.60%	53.53%	34.7s
#epoch[154]:	6.3e-04	1.06017	88.96%	64.67%	60.99%	62.15%	55.47%	35.0s
#epoch[155]:	6.0e-04	1.03665	88.58%	63.70%	60.12%	61.28%	54.11%	34.5s
#epoch[156]:	5.8e-04	1.01366	88.67%	64.28%	60.41%	61.37%	53.92%	34.9s
#epoch[157]:	5.5e-04	0.98837	88.29%	64.18%	58.95%	61.28%	53.15%	34.6s
#epoch[158]:	5.3e-04	0.96497	88.96%	65.34%	61.08%	61.96%	55.28%	34.8s
#epoch[159]:	5.1e-04	0.95374	88.77%	63.41%	60.41%	61.18%	54.21%	34.8s
#epoch[160]:	4.8e-04	0.93846	88.96%	65.44%	60.31%	62.54%	55.18%	35.1s
#epoch[161]:	4.6e-04	0.92231	88.87%	64.09%	60.60%	61.18%	54.40%	34.8s
#epoch[162]:	4.3e-04	0.91525	88.58%	63.31%	60.02%	60.79%	54.60%	35.4s
#epoch[163]:	4.1e-04	0.89021	88.96%	64.67%	58.76%	62.34%	54.11%	34.7s
#epoch[164]:	3.8e-04	0.87324	88.77%	64.47%	60.02%	61.86%	54.02%	34.8s
#epoch[165]:	3.6e-04	0.86395	89.06%	64.38%	59.73%	62.44%	54.60%	34.6s
#epoch[166]:	3.4e-04	0.85548	88.58%	63.89%	60.21%	61.28%	54.02%	34.9s
#epoch[167]:	3.2e-04	0.83850	88.67%	63.12%	60.21%	60.89%	53.73%	34.9s
#epoch[168]:	2.9e-04	0.82668	88.58%	63.99%	60.50%	61.37%	54.21%	35.1s
#epoch[169]:	2.7e-04	0.81490	88.77%	64.96%	61.47%	62.73%	55.28%	35.0s
#epoch[170]:	2.5e-04	0.81587	88.09%	63.99%	60.21%	60.89%	53.82%	34.8s
#epoch[171]:	2.3e-04	0.80386	88.19%	63.89%	59.92%	60.70%	53.34%	34.7s
#epoch[172]:	2.1e-04	0.79318	88.58%	64.57%	60.41%	61.76%	54.02%	34.6s
#epoch[173]:	1.9e-04	0.79042	88.58%	64.96%	61.18%	62.25%	54.89%	35.0s
#epoch[174]:	1.7e-04	0.79220	88.87%	63.70%	59.73%	60.99%	53.53%	35.1s
#epoch[175]:	1.5e-04	0.77247	88.67%	64.76%	60.60%	61.86%	54.50%	34.5s
#epoch[176]:	1.4e-04	0.76106	88.77%	64.09%	59.92%	61.47%	53.44%	35.0s
#epoch[177]:	1.2e-04	0.76707	88.96%	63.21%	59.44%	60.99%	53.34%	34.8s
#epoch[178]:	1.1e-04	0.76982	88.77%	63.21%	58.66%	60.60%	52.47%	35.0s
#epoch[179]:	9.3e-05	0.75752	88.67%	64.28%	60.70%	61.28%	54.21%	34.6s
#epoch[180]:	8.0e-05	0.74444	88.38%	63.60%	60.21%	60.79%	53.44%	34.7s
#epoch[181]:	6.8e-05	0.76479	88.58%	64.09%	60.60%	61.08%	54.02%	35.1s
#epoch[182]:	5.8e-05	0.75307	88.77%	63.60%	59.83%	60.60%	53.63%	34.8s
#epoch[183]:	4.8e-05	0.75724	88.96%	64.09%	60.02%	61.28%	54.40%	35.3s
#epoch[184]:	3.9e-05	0.74482	88.58%	63.60%	59.34%	60.70%	53.15%	34.4s
#epoch[185]:	3.1e-05	0.74911	88.77%	63.70%	60.21%	60.70%	53.73%	34.6s
#epoch[186]:	2.5e-05	0.73279	88.77%	63.60%	60.02%	60.79%	53.82%	34.7s
#epoch[187]:	2.0e-05	0.74855	88.77%	63.60%	60.60%	60.70%	53.82%	34.6s
#epoch[188]:	1.5e-05	0.73944	88.77%	63.50%	59.83%	60.70%	53.44%	34.9s
#epoch[189]:	1.2e-05	0.74081	88.77%	63.41%	60.02%	60.50%	53.53%	34.7s
#epoch[190]:	1.1e-05	0.73655	88.96%	63.50%	60.21%	60.70%	53.53%	34.7s
#epoch[191]:	1.0e-05	0.73999	88.87%	63.89%	60.60%	60.99%	54.02%	34.5s
#epoch[192]:	1.0e-03	2.80496	85.67%	49.08%	43.85%	45.50%	35.33%	34.5s
#epoch[193]:	1.0e-03	1.86068	86.45%	54.89%	51.11%	51.21%	43.08%	34.7s
#epoch[194]:	9.9e-04	1.58544	88.58%	59.63%	55.95%	56.82%	49.08%	34.7s
#epoch[195]:	9.9e-04	1.37885	87.22%	58.37%	53.05%	55.08%	46.47%	35.4s
#epoch[196]:	9.9e-04	1.32554	87.51%	58.66%	52.66%	54.89%	46.18%	34.7s
#epoch[197]:	9.8e-04	1.22248	87.71%	57.60%	56.24%	54.02%	47.73%	34.5s
#epoch[198]:	9.7e-04	1.10631	88.38%	62.34%	59.05%	58.47%	51.02%	34.7s
#epoch[199]:	9.6e-04	1.07346	88.87%	63.50%	58.18%	60.31%	52.47%	34.7s
#epoch[200]:	9.5e-04	1.01928	88.29%	62.44%	59.15%	59.05%	51.79%	34.2s
#epoch[201]:	9.4e-04	0.99249	87.12%	61.47%	56.05%	57.60%	49.95%	34.0s
#epoch[202]:	9.3e-04	1.01426	88.19%	62.92%	57.60%	60.60%	52.66%	34.4s
#epoch[203]:	9.2e-04	0.94605	89.25%	62.05%	56.92%	59.24%	51.31%	34.3s
#epoch[204]:	9.0e-04	0.90162	89.45%	63.41%	59.54%	61.47%	54.21%	34.2s
#epoch[205]:	8.9e-04	0.87448	89.06%	64.28%	60.50%	61.86%	54.60%	33.9s
#epoch[206]:	8.7e-04	0.83641	89.06%	66.12%	61.47%	62.44%	54.89%	34.3s
#epoch[207]:	8.6e-04	0.80114	87.80%	62.15%	57.99%	58.95%	51.02%	34.9s
#epoch[208]:	8.4e-04	0.79308	88.09%	64.38%	59.92%	61.57%	53.82%	34.5s
#epoch[209]:	8.2e-04	0.77751	90.32%	63.31%	59.15%	60.99%	53.53%	34.2s
#epoch[210]:	8.0e-04	0.76014	88.38%	64.28%	60.31%	60.50%	52.95%	36.0s
#epoch[211]:	7.8e-04	0.74001	88.96%	63.70%	59.24%	61.08%	53.15%	36.5s
#epoch[212]:	7.6e-04	0.71109	88.67%	63.79%	59.73%	60.99%	53.73%	36.6s
#epoch[213]:	7.4e-04	0.70062	89.35%	65.05%	61.18%	62.83%	55.08%	36.4s
#epoch[214]:	7.2e-04	0.68423	89.16%	63.79%	59.63%	60.79%	53.05%	36.7s
#epoch[215]:	6.9e-04	0.67284	89.16%	63.89%	60.12%	61.37%	53.82%	33.8s
#epoch[216]:	6.7e-04	0.66755	88.58%	64.18%	60.89%	61.96%	54.99%	33.8s
#epoch[217]:	6.5e-04	0.65537	89.45%	63.31%	59.34%	61.08%	53.82%	34.0s
#epoch[218]:	6.3e-04	0.63355	88.58%	65.05%	61.67%	62.05%	55.37%	34.5s
#epoch[219]:	6.0e-04	0.63474	88.58%	63.79%	59.92%	60.89%	52.86%	34.1s
#epoch[220]:	5.8e-04	0.60516	89.35%	63.60%	60.02%	61.08%	53.63%	34.0s
#epoch[221]:	5.5e-04	0.61461	89.64%	63.02%	59.54%	60.99%	54.11%	34.2s
#epoch[222]:	5.3e-04	0.59308	89.35%	64.18%	60.70%	61.76%	54.02%	34.0s
#epoch[223]:	5.1e-04	0.59492	88.19%	64.28%	59.83%	61.47%	54.02%	33.6s
#epoch[224]:	4.8e-04	0.57532	88.67%	63.50%	60.79%	60.99%	53.92%	34.2s
#epoch[225]:	4.6e-04	0.57101	89.35%	65.05%	61.37%	62.92%	55.57%	34.7s	*
#epoch[226]:	4.3e-04	0.56678	88.96%	64.28%	60.31%	61.18%	54.02%	34.0s
#epoch[227]:	4.1e-04	0.55952	88.58%	64.96%	59.83%	62.15%	54.31%	34.2s
#epoch[228]:	3.8e-04	0.55458	88.58%	63.21%	59.34%	60.79%	53.44%	34.2s
#epoch[229]:	3.6e-04	0.55635	88.77%	64.86%	61.18%	61.96%	54.60%	34.0s
#epoch[230]:	3.4e-04	0.53857	89.06%	63.99%	60.60%	61.76%	54.70%	33.8s
#epoch[231]:	3.2e-04	0.53011	89.06%	63.50%	59.83%	61.28%	53.92%	34.0s
#epoch[232]:	2.9e-04	0.52406	88.77%	64.18%	60.60%	61.57%	54.21%	34.3s
#epoch[233]:	2.7e-04	0.53009	89.64%	63.41%	61.08%	61.47%	54.99%	33.9s
#epoch[234]:	2.5e-04	0.52357	88.48%	63.99%	59.54%	61.28%	53.44%	34.5s
#epoch[235]:	2.3e-04	0.51480	88.48%	63.60%	60.02%	60.70%	54.11%	34.2s
#epoch[236]:	2.1e-04	0.52160	89.25%	63.70%	61.37%	61.37%	54.99%	34.3s
#epoch[237]:	1.9e-04	0.50729	88.67%	64.47%	60.02%	61.67%	54.60%	34.2s
#epoch[238]:	1.7e-04	0.51629	89.06%	63.79%	59.92%	60.99%	54.02%	34.0s
#epoch[239]:	1.5e-04	0.50884	88.48%	63.50%	59.83%	60.79%	53.44%	34.0s
#epoch[240]:	1.4e-04	0.50063	88.29%	64.18%	60.70%	61.37%	54.50%	34.4s
#epoch[241]:	1.2e-04	0.49472	88.87%	63.41%	60.02%	60.70%	54.11%	34.2s
#epoch[242]:	1.1e-04	0.49610	88.67%	64.09%	60.21%	61.18%	53.63%	34.4s
#epoch[243]:	9.3e-05	0.51176	88.87%	64.28%	60.31%	61.76%	54.02%	34.2s
#epoch[244]:	8.0e-05	0.49060	88.48%	63.70%	59.83%	60.89%	53.63%	34.9s
#epoch[245]:	6.8e-05	0.50387	88.48%	63.70%	60.21%	60.99%	54.02%	34.6s
#epoch[246]:	5.8e-05	0.49838	88.67%	63.60%	60.21%	60.89%	53.63%	34.9s
#epoch[247]:	4.8e-05	0.49995	88.67%	63.41%	60.41%	60.99%	53.73%	34.7s
#epoch[248]:	3.9e-05	0.48871	88.58%	63.12%	60.31%	60.50%	53.92%	35.0s
#epoch[249]:	3.1e-05	0.49031	88.48%	63.21%	60.12%	60.50%	53.53%	34.6s
#epoch[250]:	2.5e-05	0.49124	88.58%	63.21%	60.21%	60.50%	53.53%	34.8s
#epoch[251]:	2.0e-05	0.49309	88.58%	63.21%	60.21%	60.50%	53.73%	34.7s
#epoch[252]:	1.5e-05	0.48761	88.48%	63.02%	60.41%	60.31%	53.63%	34.9s
#epoch[253]:	1.2e-05	0.49168	88.48%	63.31%	60.41%	60.60%	53.92%	34.7s
#epoch[254]:	1.1e-05	0.47954	88.67%	63.21%	59.92%	60.70%	53.82%	35.0s
#epoch[255]:	1.0e-05	0.49876	88.58%	63.21%	60.12%	60.50%	53.53%	34.4s
#epoch[256]:	1.0e-03	2.94181	82.87%	29.62%	26.04%	26.91%	17.13%	34.5s
#epoch[257]:	1.0e-03	2.03284	85.58%	57.31%	51.89%	52.18%	43.27%	34.9s
#epoch[258]:	9.9e-04	1.44009	87.42%	56.15%	51.98%	52.95%	44.63%	35.2s
#epoch[259]:	9.9e-04	1.26402	85.38%	59.92%	56.73%	55.08%	47.24%	35.9s
#epoch[260]:	9.9e-04	1.01182	88.19%	62.25%	58.57%	59.15%	51.98%	34.8s
#epoch[261]:	9.8e-04	0.89792	88.09%	61.57%	57.60%	58.76%	51.11%	31.9s
#epoch[262]:	9.7e-04	0.87831	88.58%	64.38%	60.89%	60.89%	53.73%	32.4s
#epoch[263]:	9.6e-04	0.73667	89.74%	63.60%	60.79%	61.28%	54.60%	31.7s
#epoch[264]:	9.5e-04	0.69793	89.64%	64.38%	60.70%	61.67%	54.21%	32.4s
#epoch[265]:	9.4e-04	0.65185	88.67%	64.38%	61.08%	61.67%	54.79%	34.7s
#epoch[266]:	9.3e-04	0.61839	90.22%	63.70%	60.70%	61.37%	54.40%	34.8s
#epoch[267]:	9.2e-04	0.59477	88.77%	65.63%	60.79%	62.15%	54.50%	35.0s
#epoch[268]:	9.0e-04	0.58402	88.77%	63.50%	59.63%	60.41%	53.24%	34.7s
#epoch[269]:	8.9e-04	0.56551	89.16%	63.70%	60.21%	61.18%	54.21%	34.8s
#epoch[270]:	8.7e-04	0.56023	87.71%	64.18%	60.99%	60.50%	53.44%	34.9s
#epoch[271]:	8.6e-04	0.53386	89.45%	64.76%	60.79%	62.63%	55.37%	34.9s
#epoch[272]:	8.4e-04	0.54141	89.16%	65.54%	60.99%	63.02%	55.08%	34.7s
#epoch[273]:	8.2e-04	0.50919	89.35%	64.96%	60.79%	62.63%	54.99%	34.6s
#epoch[274]:	8.0e-04	0.50302	88.67%	63.21%	58.57%	60.50%	52.47%	34.5s
#epoch[275]:	7.8e-04	0.49044	88.48%	65.05%	59.92%	62.34%	54.02%	35.0s
#epoch[276]:	7.6e-04	0.47928	88.87%	64.67%	60.21%	62.15%	54.99%	34.4s
#epoch[277]:	7.4e-04	0.48224	89.06%	64.38%	61.76%	61.67%	55.37%	34.9s
#epoch[278]:	7.2e-04	0.47344	89.55%	64.57%	60.21%	61.67%	54.50%	35.0s
#epoch[279]:	6.9e-04	0.45475	88.87%	63.99%	60.12%	61.18%	54.11%	34.9s
#epoch[280]:	6.7e-04	0.45292	89.06%	64.18%	60.79%	61.76%	53.92%	34.7s
#epoch[281]:	6.5e-04	0.45327	88.38%	64.47%	60.89%	61.28%	54.40%	34.6s
#epoch[282]:	6.3e-04	0.45013	88.19%	63.12%	58.66%	60.12%	52.37%	34.7s
#epoch[283]:	6.0e-04	0.44132	89.06%	63.99%	59.92%	61.18%	53.73%	34.9s
#epoch[284]:	5.8e-04	0.42900	88.77%	64.57%	60.21%	61.67%	54.60%	34.9s
#epoch[285]:	5.5e-04	0.42852	89.16%	64.28%	59.54%	61.76%	54.99%	35.0s
#epoch[286]:	5.3e-04	0.41959	88.38%	64.67%	60.12%	61.96%	54.11%	34.8s
#epoch[287]:	5.1e-04	0.41875	88.96%	64.96%	60.21%	62.44%	54.60%	35.1s
#epoch[288]:	4.8e-04	0.40877	88.96%	64.47%	60.70%	61.76%	54.31%	34.7s
#epoch[289]:	4.6e-04	0.40947	88.96%	63.31%	60.41%	60.99%	53.53%	34.8s
#epoch[290]:	4.3e-04	0.40646	88.38%	63.89%	61.08%	61.47%	55.08%	34.7s
#epoch[291]:	4.1e-04	0.40601	89.06%	64.76%	60.21%	62.34%	54.89%	34.8s
#epoch[292]:	3.8e-04	0.39973	88.87%	63.21%	60.50%	60.50%	53.82%	34.8s
#epoch[293]:	3.6e-04	0.39209	89.06%	63.21%	60.21%	60.99%	53.44%	34.9s
#epoch[294]:	3.4e-04	0.39539	88.38%	63.50%	60.12%	60.89%	53.92%	34.9s
#epoch[295]:	3.2e-04	0.38377	88.29%	62.92%	60.02%	60.31%	53.05%	34.8s
#epoch[296]:	2.9e-04	0.38479	88.29%	63.41%	59.54%	60.50%	52.76%	34.9s
#epoch[297]:	2.7e-04	0.38404	88.38%	63.12%	59.73%	60.50%	52.86%	34.8s
#epoch[298]:	2.5e-04	0.38271	89.16%	62.73%	59.15%	60.21%	52.66%	34.3s
#epoch[299]:	2.3e-04	0.37461	88.58%	63.12%	59.24%	60.21%	52.86%	34.8s
#epoch[300]:	2.1e-04	0.37691	88.87%	63.60%	61.08%	60.70%	53.44%	34.3s
#epoch[301]:	1.9e-04	0.37465	88.77%	63.70%	60.02%	60.79%	53.53%	34.8s
#epoch[302]:	1.7e-04	0.37641	88.29%	63.99%	60.02%	61.08%	53.53%	34.8s
#epoch[303]:	1.5e-04	0.38351	88.58%	63.41%	59.44%	61.08%	53.15%	34.8s
#epoch[304]:	1.4e-04	0.36957	89.25%	64.09%	59.83%	61.76%	53.63%	35.4s
#epoch[305]:	1.2e-04	0.37189	88.77%	63.79%	59.92%	61.28%	53.15%	36.1s
#epoch[306]:	1.1e-04	0.37304	88.58%	63.50%	59.92%	60.89%	52.95%	36.1s
#epoch[307]:	9.3e-05	0.36581	89.06%	63.79%	59.83%	61.18%	53.44%	37.4s
#epoch[308]:	8.0e-05	0.36860	89.06%	63.70%	59.54%	61.08%	53.44%	35.2s
#epoch[309]:	6.8e-05	0.36758	88.67%	64.18%	60.21%	61.37%	53.44%	36.7s
#epoch[310]:	5.8e-05	0.36711	88.29%	63.60%	60.02%	60.89%	52.86%	39.5s
#epoch[311]:	4.8e-05	0.36850	88.48%	63.50%	59.92%	60.79%	53.05%	35.3s
#epoch[312]:	3.9e-05	0.36415	88.48%	63.79%	60.02%	61.08%	53.53%	35.0s
#epoch[313]:	3.1e-05	0.36487	88.48%	63.89%	59.83%	61.18%	53.15%	34.5s
#epoch[314]:	2.5e-05	0.36139	88.38%	63.89%	59.92%	60.89%	52.86%	34.8s
#epoch[315]:	2.0e-05	0.36761	88.48%	63.79%	59.73%	60.99%	52.95%	34.5s
#epoch[316]:	1.5e-05	0.36819	88.48%	63.70%	59.63%	61.08%	52.95%	35.7s
#epoch[317]:	1.2e-05	0.36688	88.77%	63.21%	59.92%	60.70%	53.05%	35.7s
#epoch[318]:	1.1e-05	0.36181	88.87%	63.12%	60.02%	60.70%	53.05%	35.7s
#epoch[319]:	1.0e-05	0.36054	88.67%	63.41%	59.83%	60.79%	52.95%	35.3s
#done!!!  2020-12-14  02:03:00
