#start!!!  2020-12-13  22:55:47
#cuda devices: 1
#loading data ...
#building model ...
#model: CNN(depth=6, width=128)
#training model ...
#epoch[1]:	1.0e-05	4.84103	84.22%	14.81%	7.74%	14.42%	3.68%	71.5s	*
#epoch[2]:	5.1e-04	4.27744	85.09%	17.23%	12.68%	16.46%	9.00%	70.6s	*
#epoch[3]:	1.0e-05	3.94640	86.64%	19.75%	14.42%	19.17%	8.42%	72.0s
#epoch[4]:	8.6e-04	3.82109	86.25%	23.14%	15.97%	23.04%	10.94%	71.6s	*
#epoch[5]:	5.1e-04	3.57693	87.80%	24.78%	19.94%	24.20%	15.97%	71.9s	*
#epoch[6]:	1.6e-04	3.36976	88.00%	26.72%	21.88%	26.04%	18.59%	71.7s	*
#epoch[7]:	1.0e-05	3.28158	88.58%	27.49%	25.46%	26.82%	18.59%	71.8s
#epoch[8]:	9.6e-04	3.30140	86.54%	24.49%	21.78%	23.81%	17.52%	71.2s
#epoch[9]:	8.6e-04	3.16203	84.90%	32.14%	28.46%	30.49%	23.81%	71.2s	*
#epoch[10]:	6.9e-04	2.95079	88.38%	33.11%	28.65%	31.75%	23.62%	71.5s
#epoch[11]:	5.1e-04	2.79760	86.25%	34.85%	30.30%	32.33%	25.17%	71.8s	*
#epoch[12]:	3.2e-04	2.69256	88.77%	41.24%	38.63%	39.59%	32.43%	70.9s	*
#epoch[13]:	1.6e-04	2.54219	89.93%	46.56%	39.21%	45.11%	35.24%	71.4s	*
#epoch[14]:	4.8e-05	2.45931	89.45%	44.82%	39.79%	42.98%	34.66%	71.3s
#epoch[15]:	1.0e-05	2.46276	89.55%	45.50%	41.34%	43.56%	35.62%	71.8s	*
#epoch[16]:	9.9e-04	2.67653	86.93%	40.95%	36.21%	39.21%	31.46%	71.8s
#epoch[17]:	9.6e-04	2.52132	88.67%	41.92%	37.56%	40.66%	33.40%	70.9s
#epoch[18]:	9.2e-04	2.39975	82.96%	47.24%	41.72%	42.11%	32.91%	71.4s
#epoch[19]:	8.6e-04	2.24233	90.61%	48.60%	43.76%	47.43%	39.01%	72.0s	*
#epoch[20]:	7.8e-04	2.16060	83.35%	36.98%	35.62%	34.95%	29.04%	71.4s
#epoch[21]:	6.9e-04	2.02103	89.55%	43.66%	42.69%	41.53%	34.37%	73.0s
#epoch[22]:	6.0e-04	1.93706	88.96%	43.56%	42.40%	41.92%	34.85%	71.9s
#epoch[23]:	5.1e-04	1.84214	87.22%	41.82%	36.59%	40.08%	31.56%	72.1s
#epoch[24]:	4.1e-04	1.75152	91.00%	46.76%	45.40%	45.60%	38.72%	72.2s
#epoch[25]:	3.2e-04	1.71399	90.90%	59.24%	52.08%	57.50%	48.11%	71.7s	*
#epoch[26]:	2.3e-04	1.65486	90.13%	58.18%	54.70%	56.05%	47.82%	71.5s
#epoch[27]:	1.6e-04	1.58297	90.61%	57.12%	53.44%	55.57%	47.73%	72.1s
#epoch[28]:	9.3e-05	1.57061	91.00%	60.79%	54.99%	59.24%	50.44%	71.7s	*
#epoch[29]:	4.8e-05	1.56861	90.71%	61.76%	55.66%	60.12%	50.53%	72.1s	*
#epoch[30]:	2.0e-05	1.54319	90.80%	55.76%	52.27%	54.31%	46.18%	72.1s
#epoch[31]:	1.0e-05	1.54740	90.61%	62.34%	54.79%	60.31%	50.24%	72.1s
#epoch[32]:	1.0e-03	1.77391	86.54%	48.60%	44.53%	45.60%	37.85%	71.5s
#epoch[33]:	9.9e-04	1.80620	90.03%	52.37%	48.40%	50.82%	41.05%	71.6s
#epoch[34]:	9.8e-04	1.68992	88.87%	54.21%	49.66%	51.69%	44.43%	71.6s
#epoch[35]:	9.6e-04	1.60775	89.64%	57.12%	53.15%	55.76%	48.31%	72.0s
#epoch[36]:	9.4e-04	1.52341	89.84%	44.82%	42.21%	44.05%	36.88%	71.9s
#epoch[37]:	9.2e-04	1.43464	89.93%	58.57%	52.27%	56.73%	48.79%	71.8s
#epoch[38]:	8.9e-04	1.39088	90.32%	56.15%	52.08%	54.50%	47.24%	71.4s
#epoch[39]:	8.6e-04	1.33030	90.32%	62.73%	56.15%	61.47%	51.69%	71.8s	*
#epoch[40]:	8.2e-04	1.24923	90.32%	61.18%	57.02%	59.54%	51.69%	72.0s
#epoch[41]:	7.8e-04	1.18742	90.22%	58.18%	53.24%	56.34%	48.21%	71.8s
#epoch[42]:	7.4e-04	1.16730	90.13%	62.34%	56.15%	60.31%	52.47%	72.7s	*
#epoch[43]:	6.9e-04	1.12832	90.61%	57.21%	54.11%	55.95%	48.79%	71.4s
#epoch[44]:	6.5e-04	1.06851	91.00%	61.86%	55.37%	60.60%	52.27%	71.3s
#epoch[45]:	6.0e-04	1.03759	91.38%	60.89%	58.08%	59.34%	51.98%	71.0s
#epoch[46]:	5.5e-04	1.00116	90.51%	64.96%	59.54%	63.02%	55.47%	71.9s	*
#epoch[47]:	5.1e-04	0.96303	91.38%	65.83%	60.70%	64.28%	55.66%	70.9s	*
#epoch[48]:	4.6e-04	0.95991	90.42%	59.54%	55.76%	57.50%	49.85%	72.2s
#epoch[49]:	4.1e-04	0.90934	90.71%	58.95%	55.08%	57.60%	50.82%	72.2s
#epoch[50]:	3.6e-04	0.91996	91.38%	65.73%	60.21%	64.47%	56.73%	71.7s	*
#epoch[51]:	3.2e-04	0.89261	90.51%	60.89%	57.41%	59.34%	52.57%	71.6s
#epoch[52]:	2.7e-04	0.87717	90.80%	61.37%	57.12%	60.12%	52.47%	71.8s
#epoch[53]:	2.3e-04	0.85483	90.90%	62.34%	60.02%	60.89%	54.11%	71.8s
#epoch[54]:	1.9e-04	0.84099	90.61%	65.92%	60.12%	64.28%	56.92%	72.2s	*
#epoch[55]:	1.6e-04	0.82194	91.58%	67.18%	61.08%	65.73%	57.79%	71.5s	*
#epoch[56]:	1.2e-04	0.81251	90.90%	57.70%	54.70%	56.05%	49.76%	71.4s
#epoch[57]:	9.3e-05	0.80989	90.13%	56.24%	52.27%	54.11%	46.76%	71.6s
#epoch[58]:	6.8e-05	0.80347	90.13%	62.25%	57.60%	60.21%	52.27%	71.8s
#epoch[59]:	4.8e-05	0.82506	90.90%	62.15%	57.79%	60.50%	53.24%	71.3s
#epoch[60]:	3.1e-05	0.81392	91.19%	67.47%	60.99%	65.63%	57.50%	72.4s
#epoch[61]:	2.0e-05	0.81521	90.51%	60.50%	56.82%	58.86%	52.08%	71.1s
#epoch[62]:	1.2e-05	0.80905	91.19%	62.34%	59.15%	60.89%	53.53%	71.6s
#epoch[63]:	1.0e-05	0.81636	90.71%	63.89%	60.70%	62.25%	54.70%	71.8s
#epoch[64]:	1.0e-03	0.86905	90.03%	61.18%	57.99%	59.44%	51.89%	72.6s
#epoch[65]:	1.0e-03	0.89772	90.22%	62.83%	58.08%	61.57%	53.82%	71.8s
#epoch[66]:	9.9e-04	0.90912	90.32%	62.05%	57.50%	60.31%	52.37%	72.1s
#epoch[67]:	9.9e-04	0.88384	89.93%	57.31%	53.34%	55.37%	48.89%	70.9s
#epoch[68]:	9.9e-04	0.84293	90.32%	62.63%	58.95%	61.08%	54.11%	72.6s
#epoch[69]:	9.8e-04	0.79407	88.29%	54.79%	53.73%	52.57%	46.66%	71.6s
#epoch[70]:	9.7e-04	0.78959	89.64%	59.54%	56.05%	57.79%	51.02%	72.1s
#epoch[71]:	9.6e-04	0.74058	90.03%	62.54%	58.76%	60.41%	53.53%	72.0s
#epoch[72]:	9.5e-04	0.71926	90.22%	53.15%	50.44%	51.69%	45.30%	71.6s
#epoch[73]:	9.4e-04	0.68658	91.00%	63.60%	60.21%	61.67%	54.79%	72.6s
#epoch[74]:	9.3e-04	0.67900	89.35%	63.50%	59.83%	61.37%	54.31%	71.8s
#epoch[75]:	9.2e-04	0.62340	89.25%	56.92%	55.86%	55.37%	49.85%	71.4s
#epoch[76]:	9.0e-04	0.61195	89.45%	58.47%	55.66%	57.02%	50.53%	71.8s
#epoch[77]:	8.9e-04	0.60893	89.35%	53.73%	52.27%	52.08%	46.85%	71.8s
#epoch[78]:	8.7e-04	0.56075	89.64%	66.41%	61.76%	63.89%	56.34%	72.4s
#epoch[79]:	8.6e-04	0.54246	89.74%	56.63%	54.99%	54.99%	48.98%	71.2s
#epoch[80]:	8.4e-04	0.54745	89.35%	65.34%	61.08%	63.12%	55.47%	71.7s
#epoch[81]:	8.2e-04	0.52492	89.45%	62.83%	58.28%	60.41%	53.05%	71.9s
#epoch[82]:	8.0e-04	0.50798	90.51%	66.51%	61.37%	64.86%	56.92%	72.2s
#epoch[83]:	7.8e-04	0.49291	89.35%	59.15%	55.86%	57.41%	50.24%	72.2s
#epoch[84]:	7.6e-04	0.48056	90.51%	61.67%	57.41%	60.31%	53.15%	71.8s
#epoch[85]:	7.4e-04	0.47162	90.03%	61.37%	57.41%	59.73%	51.31%	72.1s
#epoch[86]:	7.2e-04	0.46037	90.13%	65.54%	61.18%	63.89%	55.76%	71.8s
#epoch[87]:	6.9e-04	0.43263	90.13%	64.67%	60.99%	62.73%	55.08%	71.6s
#epoch[88]:	6.7e-04	0.43194	89.93%	60.02%	56.44%	58.37%	51.21%	72.3s
#epoch[89]:	6.5e-04	0.42814	90.80%	64.09%	59.83%	62.73%	54.70%	72.2s
#epoch[90]:	6.3e-04	0.39603	89.55%	56.34%	52.37%	54.99%	47.24%	71.2s
#epoch[91]:	6.0e-04	0.38665	90.61%	60.02%	56.63%	58.66%	51.60%	72.1s
#epoch[92]:	5.8e-04	0.37791	90.42%	65.25%	60.99%	63.41%	55.37%	72.2s
#epoch[93]:	5.5e-04	0.38406	88.77%	46.27%	44.82%	44.82%	38.82%	71.7s
#epoch[94]:	5.3e-04	0.35441	90.32%	67.38%	63.02%	65.63%	57.79%	71.5s
#epoch[95]:	5.1e-04	0.36297	90.22%	65.15%	60.99%	63.31%	55.57%	71.2s
#epoch[96]:	4.8e-04	0.34772	90.71%	65.83%	60.99%	63.79%	57.12%	72.1s
#epoch[97]:	4.6e-04	0.35849	90.42%	65.92%	61.57%	64.38%	56.05%	72.2s
#epoch[98]:	4.3e-04	0.33797	90.61%	62.25%	59.05%	60.99%	53.24%	72.2s
#epoch[99]:	4.1e-04	0.34432	90.32%	63.60%	57.79%	62.25%	53.53%	71.4s
#epoch[100]:	3.8e-04	0.33680	90.51%	61.86%	57.21%	60.31%	52.27%	72.1s
#epoch[101]:	3.6e-04	0.33644	90.42%	65.34%	60.79%	63.79%	55.57%	71.8s
#epoch[102]:	3.4e-04	0.31713	90.51%	64.57%	60.99%	63.02%	54.79%	71.1s
#epoch[103]:	3.2e-04	0.31386	89.74%	65.05%	61.08%	63.02%	54.79%	72.2s
#epoch[104]:	2.9e-04	0.30317	89.93%	66.60%	61.86%	64.47%	56.24%	72.0s
#epoch[105]:	2.7e-04	0.31288	89.84%	66.51%	62.34%	64.47%	56.53%	71.2s
#epoch[106]:	2.5e-04	0.30166	90.51%	67.28%	62.15%	65.73%	57.02%	71.4s
#epoch[107]:	2.3e-04	0.30410	89.55%	63.89%	59.44%	61.96%	53.82%	71.5s
#epoch[108]:	2.1e-04	0.29362	90.13%	63.60%	58.86%	62.25%	53.82%	71.9s
#epoch[109]:	1.9e-04	0.29331	90.03%	63.41%	59.73%	62.15%	53.73%	71.7s
#epoch[110]:	1.7e-04	0.28998	90.03%	63.70%	60.12%	61.86%	54.11%	71.3s
#epoch[111]:	1.5e-04	0.29908	90.61%	65.92%	62.54%	64.28%	56.73%	71.8s
#epoch[112]:	1.4e-04	0.29922	90.13%	64.67%	60.50%	62.92%	54.99%	71.4s
#epoch[113]:	1.2e-04	0.27833	89.74%	61.28%	57.41%	59.24%	50.92%	71.7s
#epoch[114]:	1.1e-04	0.30287	90.03%	63.99%	60.41%	62.05%	54.50%	71.8s
#epoch[115]:	9.3e-05	0.28274	89.84%	61.28%	57.50%	59.34%	51.40%	71.3s
#epoch[116]:	8.0e-05	0.28105	90.22%	64.09%	59.83%	62.54%	53.92%	72.2s
#epoch[117]:	6.8e-05	0.28529	89.93%	63.79%	59.83%	61.96%	53.82%	71.7s
#epoch[118]:	5.8e-05	0.28892	89.16%	54.50%	51.02%	52.37%	44.53%	71.1s
#epoch[119]:	4.8e-05	0.27778	90.51%	66.12%	62.25%	64.67%	56.73%	72.1s
#epoch[120]:	3.9e-05	0.28472	89.84%	57.50%	53.73%	55.57%	47.24%	71.3s
#epoch[121]:	3.1e-05	0.28432	90.13%	60.02%	54.79%	58.18%	49.76%	70.9s
#epoch[122]:	2.5e-05	0.28413	89.84%	60.21%	56.24%	58.47%	50.24%	72.4s
#epoch[123]:	2.0e-05	0.27746	90.32%	65.83%	61.76%	63.99%	56.05%	71.6s
#epoch[124]:	1.5e-05	0.26888	89.74%	53.82%	49.85%	51.79%	44.63%	71.0s
#epoch[125]:	1.2e-05	0.28745	90.03%	63.41%	59.63%	61.86%	53.73%	72.9s
#epoch[126]:	1.1e-05	0.28079	90.13%	63.50%	60.02%	61.47%	53.92%	72.2s
#epoch[127]:	1.0e-05	0.27864	89.74%	56.15%	51.89%	54.40%	46.56%	73.2s
#epoch[128]:	1.0e-03	0.29960	89.55%	60.60%	56.73%	58.37%	50.92%	72.1s
#epoch[129]:	1.0e-03	0.30975	89.55%	60.99%	58.57%	58.86%	52.27%	71.8s
#epoch[130]:	9.9e-04	0.31229	89.93%	59.54%	54.70%	58.37%	49.85%	71.7s
#epoch[131]:	9.9e-04	0.31275	90.51%	63.99%	60.31%	62.05%	54.02%	72.2s
#epoch[132]:	9.9e-04	0.30272	89.64%	63.70%	58.76%	61.86%	53.24%	71.8s
#epoch[133]:	9.8e-04	0.30465	89.06%	57.50%	53.24%	55.76%	47.73%	72.1s
#epoch[134]:	9.7e-04	0.29700	90.22%	60.21%	56.73%	58.76%	50.34%	71.7s
#epoch[135]:	9.6e-04	0.27293	90.03%	54.31%	51.31%	52.76%	45.60%	70.8s
#epoch[136]:	9.5e-04	0.26311	89.55%	62.92%	59.63%	61.47%	53.73%	71.3s
#epoch[137]:	9.4e-04	0.25887	90.13%	64.38%	60.41%	62.44%	54.02%	71.7s
#epoch[138]:	9.3e-04	0.24310	90.71%	62.54%	59.63%	60.99%	53.73%	72.1s
#epoch[139]:	9.2e-04	0.23929	90.42%	58.86%	54.02%	56.53%	48.31%	71.8s
#epoch[140]:	9.0e-04	0.23459	90.42%	64.18%	60.41%	62.44%	54.40%	72.0s
#epoch[141]:	8.9e-04	0.21366	90.51%	65.73%	61.47%	63.99%	55.76%	72.1s
#epoch[142]:	8.7e-04	0.21732	88.58%	52.66%	48.98%	50.73%	44.14%	71.7s
#epoch[143]:	8.6e-04	0.20731	90.61%	66.51%	62.34%	64.76%	56.53%	71.9s
#epoch[144]:	8.4e-04	0.20086	89.84%	64.09%	58.86%	62.34%	53.44%	71.8s
#epoch[145]:	8.2e-04	0.19987	90.51%	62.34%	57.31%	60.79%	52.57%	71.0s
#epoch[146]:	8.0e-04	0.19234	90.71%	67.38%	63.41%	65.73%	58.47%	71.7s	*
#epoch[147]:	7.8e-04	0.18910	90.42%	67.09%	61.67%	65.05%	57.12%	72.1s
#epoch[148]:	7.6e-04	0.18515	90.03%	65.83%	61.86%	64.38%	56.92%	71.5s
#epoch[149]:	7.4e-04	0.17830	90.32%	66.51%	62.25%	64.86%	57.31%	71.9s
#epoch[150]:	7.2e-04	0.17443	90.51%	61.57%	58.57%	60.12%	53.05%	71.9s
#epoch[151]:	6.9e-04	0.17221	89.35%	61.57%	58.28%	59.83%	51.50%	72.5s
#epoch[152]:	6.7e-04	0.17304	90.71%	61.18%	57.31%	59.73%	51.98%	72.9s
#epoch[153]:	6.5e-04	0.16470	90.13%	65.34%	61.28%	63.79%	55.57%	71.6s
#epoch[154]:	6.3e-04	0.16263	90.32%	53.73%	50.92%	52.08%	46.27%	72.1s
#epoch[155]:	6.0e-04	0.16027	90.13%	65.63%	61.76%	63.99%	56.15%	72.5s
#epoch[156]:	5.8e-04	0.15932	90.32%	51.40%	49.27%	50.05%	44.43%	71.5s
#epoch[157]:	5.5e-04	0.15670	90.51%	64.57%	61.18%	63.12%	54.79%	72.3s
#epoch[158]:	5.3e-04	0.15899	89.74%	56.53%	51.79%	54.99%	47.05%	71.7s
#epoch[159]:	5.1e-04	0.15671	89.16%	48.50%	46.85%	46.66%	40.95%	72.1s
#epoch[160]:	4.8e-04	0.15218	90.32%	66.12%	62.63%	64.28%	56.24%	71.9s
#epoch[161]:	4.6e-04	0.15211	90.51%	66.41%	62.73%	65.05%	56.82%	72.4s
#epoch[162]:	4.3e-04	0.15316	90.90%	62.83%	59.54%	61.47%	53.44%	71.9s
#epoch[163]:	4.1e-04	0.15075	90.13%	66.02%	63.12%	64.18%	56.44%	72.1s
#epoch[164]:	3.8e-04	0.15024	90.42%	62.83%	58.28%	61.28%	52.47%	71.9s
#epoch[165]:	3.6e-04	0.14884	90.61%	66.89%	62.63%	65.34%	57.70%	72.3s
#epoch[166]:	3.4e-04	0.14878	90.22%	57.31%	53.44%	55.66%	48.40%	71.3s
#epoch[167]:	3.2e-04	0.14769	90.42%	64.86%	60.79%	62.83%	55.18%	72.8s
#epoch[168]:	2.9e-04	0.14786	89.35%	55.76%	52.47%	54.02%	46.37%	71.7s
#epoch[169]:	2.7e-04	0.14808	90.51%	66.70%	61.47%	65.25%	56.15%	71.8s
#epoch[170]:	2.5e-04	0.14503	90.71%	64.18%	61.18%	62.63%	54.79%	71.3s
#epoch[171]:	2.3e-04	0.14633	90.80%	63.31%	59.63%	61.86%	54.21%	71.7s
#epoch[172]:	2.1e-04	0.14493	90.71%	67.28%	63.60%	65.73%	58.08%	71.4s
#epoch[173]:	1.9e-04	0.14553	89.84%	54.11%	51.69%	52.27%	45.79%	71.6s
#epoch[174]:	1.7e-04	0.14395	90.51%	65.44%	61.47%	63.89%	55.66%	73.2s
#epoch[175]:	1.5e-04	0.14293	90.22%	66.60%	61.86%	64.76%	57.21%	71.9s
#epoch[176]:	1.4e-04	0.14786	91.09%	64.09%	60.60%	62.54%	54.99%	73.2s
#epoch[177]:	1.2e-04	0.14231	90.61%	58.57%	54.89%	56.92%	49.85%	72.5s
#epoch[178]:	1.1e-04	0.14716	90.90%	66.60%	63.21%	65.05%	57.50%	71.7s
#epoch[179]:	9.3e-05	0.14551	91.09%	65.63%	62.05%	64.28%	55.95%	72.4s
#epoch[180]:	8.0e-05	0.14403	90.42%	63.41%	60.31%	62.05%	54.50%	71.2s
#epoch[181]:	6.8e-05	0.14226	90.80%	66.51%	62.54%	64.86%	57.02%	72.0s
#epoch[182]:	5.8e-05	0.14329	90.90%	67.18%	63.12%	65.73%	56.92%	72.3s
#epoch[183]:	4.8e-05	0.14258	91.00%	64.57%	61.18%	63.21%	55.28%	71.9s
#epoch[184]:	3.9e-05	0.14191	90.90%	67.76%	62.54%	66.02%	57.79%	71.4s
#epoch[185]:	3.1e-05	0.14337	89.74%	61.96%	58.28%	60.21%	52.08%	72.6s
#epoch[186]:	2.5e-05	0.14065	90.90%	59.34%	55.86%	57.89%	50.44%	72.6s
#epoch[187]:	2.0e-05	0.14210	90.61%	67.28%	62.83%	65.44%	57.31%	72.6s
#epoch[188]:	1.5e-05	0.14127	90.22%	62.05%	58.86%	60.50%	52.47%	71.9s
#epoch[189]:	1.2e-05	0.14232	90.80%	63.41%	61.18%	62.54%	54.79%	71.7s
#epoch[190]:	1.1e-05	0.14174	91.19%	64.76%	61.18%	63.31%	54.79%	72.6s
#epoch[191]:	1.0e-05	0.14228	90.42%	66.21%	62.15%	64.67%	56.44%	73.0s
#epoch[192]:	1.0e-03	0.14671	90.51%	60.12%	56.92%	58.18%	50.24%	71.8s
#epoch[193]:	1.0e-03	0.15735	89.74%	65.05%	61.57%	63.79%	55.28%	72.6s
#epoch[194]:	9.9e-04	0.16174	88.09%	36.21%	35.91%	34.37%	29.53%	72.3s
#epoch[195]:	9.9e-04	0.16098	90.13%	53.92%	51.11%	53.05%	45.98%	72.5s
#epoch[196]:	9.9e-04	0.15770	89.84%	62.54%	58.76%	60.41%	52.27%	72.9s
#epoch[197]:	9.8e-04	0.15299	90.13%	66.80%	61.18%	64.76%	56.05%	71.9s
#epoch[198]:	9.7e-04	0.15008	88.00%	34.27%	34.27%	33.01%	28.07%	72.1s
#epoch[199]:	9.6e-04	0.14712	90.61%	53.24%	50.24%	51.69%	44.82%	72.8s
#epoch[200]:	9.5e-04	0.14588	90.51%	63.70%	59.54%	61.76%	52.95%	72.0s
#epoch[201]:	9.4e-04	0.14484	90.03%	64.86%	61.47%	62.92%	54.89%	71.9s
#epoch[202]:	9.3e-04	0.14375	90.13%	67.96%	62.83%	66.02%	57.79%	72.3s
#epoch[203]:	9.2e-04	0.14133	91.09%	61.67%	57.21%	60.31%	52.08%	71.8s
#epoch[204]:	9.0e-04	0.14031	90.71%	64.76%	59.54%	63.02%	54.40%	72.3s
#epoch[205]:	8.9e-04	0.13928	87.61%	34.85%	33.98%	33.49%	28.27%	72.7s
#epoch[206]:	8.7e-04	0.14051	91.29%	64.09%	59.63%	62.73%	53.63%	72.2s
#epoch[207]:	8.6e-04	0.14106	89.84%	66.70%	62.15%	64.76%	56.34%	72.0s
#epoch[208]:	8.4e-04	0.14026	90.03%	57.21%	53.24%	56.05%	47.73%	72.2s
#epoch[209]:	8.2e-04	0.13733	90.61%	60.70%	56.53%	59.24%	51.40%	73.1s
#epoch[210]:	8.0e-04	0.13620	89.64%	59.83%	55.18%	58.08%	49.95%	72.3s
#epoch[211]:	7.8e-04	0.13565	90.03%	62.83%	58.28%	61.08%	52.47%	72.0s
#epoch[212]:	7.6e-04	0.13764	90.71%	65.92%	62.92%	64.28%	56.44%	72.3s
#epoch[213]:	7.4e-04	0.13591	90.03%	49.37%	47.14%	47.82%	42.01%	72.1s
#epoch[214]:	7.2e-04	0.13400	90.71%	67.57%	62.54%	66.21%	57.31%	72.7s
#epoch[215]:	6.9e-04	0.13376	91.19%	67.47%	63.02%	65.63%	57.31%	72.3s
#epoch[216]:	6.7e-04	0.13349	90.03%	67.57%	63.70%	66.12%	57.70%	72.1s
#epoch[217]:	6.5e-04	0.13346	90.90%	66.70%	62.54%	65.15%	58.47%	72.1s
#epoch[218]:	6.3e-04	0.13297	89.93%	60.21%	55.18%	58.47%	49.56%	71.8s
#epoch[219]:	6.0e-04	0.13230	90.13%	66.41%	62.05%	64.96%	56.63%	71.9s
#epoch[220]:	5.8e-04	0.13287	90.71%	65.44%	61.67%	63.99%	56.05%	71.8s
#epoch[221]:	5.5e-04	0.13159	90.42%	63.50%	58.76%	62.15%	53.05%	71.7s
#epoch[222]:	5.3e-04	0.13133	90.61%	62.92%	58.95%	61.47%	53.44%	71.7s
#epoch[223]:	5.1e-04	0.13204	90.80%	65.15%	60.41%	63.89%	54.60%	71.9s
#epoch[224]:	4.8e-04	0.13091	89.93%	57.21%	53.24%	55.57%	47.63%	72.1s
#epoch[225]:	4.6e-04	0.13140	90.71%	65.73%	61.28%	64.09%	55.47%	72.3s
#epoch[226]:	4.3e-04	0.13023	90.80%	63.21%	58.18%	61.37%	52.47%	71.5s
#epoch[227]:	4.1e-04	0.13114	90.42%	54.11%	51.79%	53.05%	46.56%	72.4s
#epoch[228]:	3.8e-04	0.13074	91.38%	67.86%	63.99%	66.60%	58.95%	72.0s	*
#epoch[229]:	3.6e-04	0.13100	90.61%	61.37%	56.53%	59.92%	51.69%	71.6s
#epoch[230]:	3.4e-04	0.12915	89.35%	61.28%	56.73%	59.24%	50.63%	71.1s
#epoch[231]:	3.2e-04	0.12924	91.00%	65.63%	62.54%	63.89%	56.05%	71.8s
#epoch[232]:	2.9e-04	0.12982	90.90%	65.34%	60.70%	63.60%	54.89%	72.0s
#epoch[233]:	2.7e-04	0.12919	90.80%	68.05%	63.12%	66.12%	58.47%	72.5s
#epoch[234]:	2.5e-04	0.13012	90.71%	67.57%	63.31%	65.83%	57.99%	71.6s
#epoch[235]:	2.3e-04	0.12922	91.00%	67.86%	63.31%	66.21%	58.57%	72.3s
#epoch[236]:	2.1e-04	0.12824	90.22%	60.60%	56.15%	58.95%	50.92%	71.6s
#epoch[237]:	1.9e-04	0.12830	90.80%	63.70%	59.63%	62.25%	53.92%	71.9s
#epoch[238]:	1.7e-04	0.12808	89.84%	46.56%	44.34%	45.50%	39.79%	72.0s
#epoch[239]:	1.5e-04	0.12840	90.42%	57.31%	53.92%	56.24%	48.69%	71.9s
#epoch[240]:	1.4e-04	0.12858	90.51%	60.12%	55.57%	58.66%	50.15%	71.6s
#epoch[241]:	1.2e-04	0.12805	90.13%	64.09%	60.41%	62.54%	54.50%	73.0s
#epoch[242]:	1.1e-04	0.12777	90.03%	48.02%	46.47%	46.37%	41.05%	71.8s
#epoch[243]:	9.3e-05	0.12809	90.61%	67.38%	62.92%	66.02%	57.21%	71.8s
#epoch[244]:	8.0e-05	0.12756	90.80%	66.51%	62.05%	65.34%	56.53%	72.4s
#epoch[245]:	6.8e-05	0.12837	90.90%	68.25%	63.21%	66.60%	58.08%	71.5s
#epoch[246]:	5.8e-05	0.12861	90.42%	66.70%	63.89%	65.25%	58.08%	73.1s
#epoch[247]:	4.8e-05	0.12707	90.32%	58.86%	55.28%	57.12%	49.66%	72.2s
#epoch[248]:	3.9e-05	0.12727	90.80%	66.21%	63.21%	64.76%	56.92%	71.8s
#epoch[249]:	3.1e-05	0.12764	91.00%	57.41%	53.05%	56.24%	48.11%	72.0s
#epoch[250]:	2.5e-05	0.12805	90.90%	66.80%	62.73%	65.25%	57.02%	72.0s
#epoch[251]:	2.0e-05	0.12656	91.09%	67.28%	63.02%	65.83%	56.82%	71.7s
#epoch[252]:	1.5e-05	0.12754	90.71%	60.50%	55.66%	58.95%	50.63%	71.9s
#epoch[253]:	1.2e-05	0.12792	90.90%	68.34%	63.50%	66.70%	57.50%	73.0s
#epoch[254]:	1.1e-05	0.12651	90.90%	55.57%	52.57%	54.50%	46.95%	72.1s
#epoch[255]:	1.0e-05	0.12743	90.61%	66.89%	62.73%	65.54%	57.02%	71.3s
#epoch[256]:	1.0e-03	0.12808	90.13%	64.57%	60.79%	62.83%	54.50%	72.2s
#epoch[257]:	1.0e-03	0.12960	90.42%	67.76%	64.38%	66.02%	57.89%	71.8s
#epoch[258]:	9.9e-04	0.12966	89.64%	64.67%	59.83%	62.54%	53.63%	71.9s
#epoch[259]:	9.9e-04	0.12840	90.80%	63.41%	57.41%	62.25%	52.57%	72.3s
#epoch[260]:	9.9e-04	0.13421	90.32%	61.28%	59.05%	59.54%	52.57%	72.1s
#epoch[261]:	9.8e-04	0.13333	90.03%	65.34%	60.70%	63.79%	54.89%	71.4s
#epoch[262]:	9.7e-04	0.13107	90.51%	66.51%	62.83%	64.38%	56.15%	72.1s
#epoch[263]:	9.6e-04	0.12908	90.61%	62.05%	57.60%	60.21%	50.92%	71.6s
#epoch[264]:	9.5e-04	0.12775	90.51%	54.79%	50.92%	53.44%	46.08%	71.0s
#epoch[265]:	9.4e-04	0.12925	91.00%	59.92%	54.99%	58.37%	49.95%	71.8s
#epoch[266]:	9.3e-04	0.12798	90.42%	66.60%	63.60%	64.86%	57.50%	71.4s
#epoch[267]:	9.2e-04	0.12843	90.03%	56.05%	53.34%	54.31%	47.53%	72.1s
#epoch[268]:	9.0e-04	0.12801	90.42%	48.98%	47.82%	47.73%	42.40%	71.9s
#epoch[269]:	8.9e-04	0.12817	89.55%	54.70%	52.08%	52.95%	46.27%	73.1s
#epoch[270]:	8.7e-04	0.12695	91.00%	65.05%	60.70%	63.70%	54.89%	71.8s
#epoch[271]:	8.6e-04	0.12714	90.90%	62.44%	57.02%	61.28%	52.66%	72.4s
#epoch[272]:	8.4e-04	0.12684	90.80%	66.41%	62.34%	64.96%	56.05%	74.2s
#epoch[273]:	8.2e-04	0.12582	90.32%	67.86%	63.41%	65.83%	57.41%	72.2s
#epoch[274]:	8.0e-04	0.12712	90.42%	67.86%	63.89%	66.21%	58.08%	71.7s
#epoch[275]:	7.8e-04	0.12591	90.51%	68.34%	63.21%	66.21%	58.66%	71.8s
#epoch[276]:	7.6e-04	0.12535	90.51%	62.63%	57.60%	60.89%	52.76%	71.3s
#epoch[277]:	7.4e-04	0.12448	89.93%	67.09%	63.60%	64.86%	57.02%	71.6s
#epoch[278]:	7.2e-04	0.12467	89.84%	64.96%	60.60%	62.73%	54.60%	72.3s
#epoch[279]:	6.9e-04	0.12455	89.16%	61.57%	57.50%	59.24%	51.50%	71.5s
#epoch[280]:	6.7e-04	0.12615	90.22%	57.70%	53.15%	55.95%	47.63%	72.4s
#epoch[281]:	6.5e-04	0.12416	89.45%	61.37%	55.66%	58.66%	50.05%	71.9s
#epoch[282]:	6.3e-04	0.12583	91.00%	67.09%	63.31%	65.34%	57.50%	72.4s
#epoch[283]:	6.0e-04	0.12363	90.90%	68.54%	64.09%	66.70%	57.60%	72.1s
#epoch[284]:	5.8e-04	0.12340	90.61%	66.31%	62.25%	64.96%	56.44%	72.2s
#epoch[285]:	5.5e-04	0.12235	89.35%	57.79%	54.60%	55.76%	48.50%	71.1s
#epoch[286]:	5.3e-04	0.12271	89.25%	59.24%	55.08%	57.12%	48.98%	72.1s
#epoch[287]:	5.1e-04	0.12303	90.51%	68.54%	63.60%	66.31%	58.76%	71.9s
#epoch[288]:	4.8e-04	0.12398	90.90%	64.67%	60.31%	62.73%	54.40%	72.0s
#epoch[289]:	4.6e-04	0.12404	89.93%	66.89%	63.31%	64.86%	57.12%	71.9s
#epoch[290]:	4.3e-04	0.12357	90.80%	62.83%	58.86%	61.18%	53.24%	72.2s
#epoch[291]:	4.1e-04	0.12182	90.51%	66.41%	62.83%	64.76%	56.53%	71.4s
#epoch[292]:	3.8e-04	0.12220	90.61%	64.86%	60.50%	63.41%	54.70%	72.9s
#epoch[293]:	3.6e-04	0.12189	90.90%	63.31%	58.18%	61.47%	52.86%	72.2s
#epoch[294]:	3.4e-04	0.12247	90.51%	67.28%	63.99%	65.92%	58.18%	72.2s
#epoch[295]:	3.2e-04	0.12162	90.42%	66.70%	63.02%	64.96%	56.24%	71.2s
#epoch[296]:	2.9e-04	0.12220	90.71%	67.76%	64.47%	66.12%	58.28%	71.9s
#epoch[297]:	2.7e-04	0.12095	89.64%	59.73%	55.28%	57.79%	50.24%	72.5s
#epoch[298]:	2.5e-04	0.12084	91.00%	66.80%	62.83%	64.76%	56.44%	71.5s
#epoch[299]:	2.3e-04	0.12217	90.51%	62.54%	57.70%	60.89%	52.27%	71.2s
#epoch[300]:	2.1e-04	0.12040	90.61%	68.25%	64.18%	66.41%	58.18%	72.3s
#epoch[301]:	1.9e-04	0.12118	90.32%	66.51%	62.63%	64.76%	56.24%	72.6s
#epoch[302]:	1.7e-04	0.12202	90.51%	68.34%	62.44%	66.31%	58.57%	71.6s
#epoch[303]:	1.5e-04	0.12101	90.61%	66.80%	63.02%	64.96%	56.24%	71.2s
#epoch[304]:	1.4e-04	0.12067	90.42%	69.12%	64.47%	67.28%	59.15%	71.2s	*
#epoch[305]:	1.2e-04	0.12011	90.13%	68.05%	63.60%	66.21%	58.28%	71.7s
#epoch[306]:	1.1e-04	0.12044	90.61%	63.89%	59.24%	61.96%	53.34%	72.2s
#epoch[307]:	9.3e-05	0.12049	90.03%	54.99%	52.08%	53.53%	46.18%	71.9s
#epoch[308]:	8.0e-05	0.12127	90.13%	61.76%	56.92%	60.12%	51.98%	72.1s
#epoch[309]:	6.8e-05	0.12049	90.13%	60.41%	55.28%	58.66%	50.24%	71.6s
#epoch[310]:	5.8e-05	0.12079	90.32%	67.38%	63.21%	65.63%	57.31%	71.6s
#epoch[311]:	4.8e-05	0.12093	90.03%	61.86%	56.53%	60.02%	51.40%	71.1s
#epoch[312]:	3.9e-05	0.12003	90.03%	65.73%	61.76%	63.79%	55.28%	71.4s
#epoch[313]:	3.1e-05	0.12090	90.42%	67.76%	63.70%	66.02%	57.41%	70.8s
#epoch[314]:	2.5e-05	0.12048	90.42%	65.73%	62.05%	64.09%	56.05%	71.7s
#epoch[315]:	2.0e-05	0.12032	90.13%	57.89%	53.44%	56.15%	48.50%	71.3s
#epoch[316]:	1.5e-05	0.11975	90.90%	57.12%	52.86%	56.15%	48.21%	71.4s
#epoch[317]:	1.2e-05	0.11978	90.42%	64.76%	60.12%	62.83%	54.60%	72.0s
#epoch[318]:	1.1e-05	0.12011	90.90%	65.83%	61.76%	63.99%	55.66%	71.1s
#epoch[319]:	1.0e-05	0.12010	90.51%	66.41%	62.44%	64.38%	55.95%	71.5s
#done!!!  2020-12-14  05:18:18
