#start!!!  2020-12-17  00:26:10
#cuda devices: 7
#loading data ...
#building model ...
#model: TransNet2(depth=5, width=512)
#training model ...
#epoch[1]:	1.0e-05	3.40303	83.71%	25.66%	21.34%	24.95%	17.17%	271.2s	*
#epoch[2]:	5.1e-04	2.82661	84.38%	35.81%	30.90%	34.28%	26.65%	267.7s	*
#epoch[3]:	1.0e-05	2.44343	85.39%	41.69%	35.67%	39.13%	30.57%	267.5s	*
#epoch[4]:	8.6e-04	2.27011	88.52%	53.35%	49.32%	51.38%	43.42%	265.3s	*
#epoch[5]:	5.1e-04	1.76578	90.62%	63.86%	59.68%	61.71%	54.56%	249.3s	*
#epoch[6]:	1.6e-04	1.47733	92.07%	69.58%	65.54%	67.60%	60.88%	245.0s	*
#epoch[7]:	1.0e-05	1.36346	93.06%	71.85%	67.93%	70.20%	63.87%	287.8s	*
#epoch[8]:	9.6e-04	1.36389	93.09%	73.53%	70.72%	71.54%	65.87%	244.1s	*
#epoch[9]:	8.6e-04	1.08641	94.05%	79.65%	77.13%	77.98%	72.96%	243.9s	*
#epoch[10]:	6.9e-04	0.90533	94.31%	84.78%	82.24%	82.67%	78.52%	243.6s	*
#epoch[11]:	5.1e-04	0.78796	96.13%	86.86%	84.70%	85.72%	81.96%	247.2s	*
#epoch[12]:	3.2e-04	0.70999	96.64%	88.40%	86.37%	87.39%	83.96%	244.4s	*
#epoch[13]:	1.6e-04	0.65499	97.01%	89.16%	87.17%	88.26%	85.05%	243.9s	*
#epoch[14]:	4.8e-05	0.63348	97.11%	89.46%	87.58%	88.60%	85.44%	244.1s	*
#epoch[15]:	1.0e-05	0.62093	97.23%	89.65%	87.67%	88.90%	85.74%	332.8s	*
#epoch[16]:	9.9e-04	0.68138	96.08%	89.08%	87.59%	87.49%	84.48%	351.7s
#epoch[17]:	9.6e-04	0.60681	96.31%	89.87%	88.49%	88.46%	85.69%	244.3s
#epoch[18]:	9.2e-04	0.53915	97.35%	91.72%	90.50%	90.86%	88.48%	243.1s	*
#epoch[19]:	8.6e-04	0.50195	97.31%	92.51%	91.30%	91.51%	89.29%	242.2s	*
#epoch[20]:	7.8e-04	0.46368	97.76%	93.19%	92.05%	92.47%	90.29%	243.5s	*
#epoch[21]:	6.9e-04	0.42048	97.95%	93.75%	92.89%	93.12%	91.31%	242.7s	*
#epoch[22]:	6.0e-04	0.40499	98.07%	94.09%	93.36%	93.53%	91.87%	241.8s	*
#epoch[23]:	5.1e-04	0.37765	98.15%	94.62%	93.75%	93.99%	92.45%	242.8s	*
#epoch[24]:	4.1e-04	0.36296	98.37%	94.77%	94.17%	94.27%	92.73%	243.7s	*
#epoch[25]:	3.2e-04	0.35804	98.46%	95.29%	94.48%	94.81%	93.37%	242.9s	*
#epoch[26]:	2.3e-04	0.34153	98.53%	95.47%	94.68%	95.04%	93.68%	278.9s	*
#epoch[27]:	1.5e-04	0.34014	98.60%	95.73%	94.93%	95.34%	93.99%	291.5s	*
#epoch[28]:	9.3e-05	0.32563	98.69%	95.79%	95.02%	95.44%	94.17%	240.2s	*
#epoch[29]:	4.8e-05	0.32189	98.69%	95.90%	95.14%	95.54%	94.27%	240.3s	*
#epoch[30]:	2.0e-05	0.31527	98.66%	95.89%	95.11%	95.50%	94.22%	240.6s
#epoch[31]:	1.0e-05	0.31613	98.71%	95.94%	95.16%	95.58%	94.31%	244.3s	*
#epoch[32]:	1.0e-03	0.36541	97.59%	94.72%	94.17%	93.60%	92.17%	240.1s
#epoch[33]:	9.9e-04	0.34853	97.93%	95.16%	94.51%	94.31%	92.93%	239.5s
#epoch[34]:	9.8e-04	0.33633	98.34%	95.60%	95.15%	95.00%	93.78%	267.0s
#epoch[35]:	9.6e-04	0.31247	98.14%	95.64%	95.26%	94.80%	93.68%	240.2s
#epoch[36]:	9.4e-04	0.30649	98.51%	96.16%	95.67%	95.59%	94.45%	239.3s	*
#epoch[37]:	9.2e-04	0.29518	98.29%	96.36%	95.92%	95.60%	94.62%	239.5s	*
#epoch[38]:	8.9e-04	0.28187	98.68%	96.56%	96.10%	96.12%	95.06%	240.3s	*
#epoch[39]:	8.6e-04	0.26883	98.52%	96.56%	96.11%	96.02%	95.05%	239.4s
#epoch[40]:	8.2e-04	0.25921	98.61%	96.89%	96.43%	96.30%	95.38%	239.9s	*
#epoch[41]:	7.8e-04	0.25280	98.61%	96.86%	96.46%	96.41%	95.57%	238.7s	*
#epoch[42]:	7.4e-04	0.24607	98.84%	97.06%	96.68%	96.68%	95.87%	239.1s	*
#epoch[43]:	6.9e-04	0.24036	98.74%	97.04%	96.69%	96.61%	95.83%	239.2s
#epoch[44]:	6.5e-04	0.23767	98.91%	97.27%	96.95%	96.88%	96.14%	239.2s	*
#epoch[45]:	6.0e-04	0.22907	98.79%	97.34%	96.96%	96.86%	96.05%	238.2s
#epoch[46]:	5.5e-04	0.22796	98.95%	97.45%	97.13%	97.10%	96.34%	239.7s	*
#epoch[47]:	5.1e-04	0.21595	99.04%	97.57%	97.15%	97.29%	96.54%	239.5s	*
#epoch[48]:	4.6e-04	0.21523	99.10%	97.60%	97.24%	97.35%	96.64%	239.0s	*
#epoch[49]:	4.1e-04	0.21195	99.00%	97.69%	97.37%	97.35%	96.67%	240.0s	*
#epoch[50]:	3.6e-04	0.20583	99.09%	97.78%	97.42%	97.44%	96.74%	239.2s	*
#epoch[51]:	3.2e-04	0.20488	99.03%	97.70%	97.40%	97.37%	96.69%	293.0s
#epoch[52]:	2.7e-04	0.20323	99.13%	97.88%	97.48%	97.58%	96.88%	261.3s	*
#epoch[53]:	2.3e-04	0.20122	99.09%	97.87%	97.52%	97.58%	96.92%	260.4s	*
#epoch[54]:	1.9e-04	0.19548	99.11%	97.88%	97.52%	97.60%	96.92%	273.8s
#epoch[55]:	1.5e-04	0.19483	99.17%	97.98%	97.61%	97.70%	97.04%	239.5s	*
#epoch[56]:	1.2e-04	0.19760	99.18%	97.95%	97.55%	97.70%	97.04%	239.0s
#epoch[57]:	9.3e-05	0.19282	99.18%	98.01%	97.61%	97.75%	97.10%	244.7s	*
#epoch[58]:	6.8e-05	0.19121	99.18%	97.98%	97.61%	97.75%	97.13%	240.1s	*
#epoch[59]:	4.8e-05	0.19284	99.13%	98.01%	97.58%	97.76%	97.10%	239.1s
#epoch[60]:	3.1e-05	0.19237	99.18%	98.06%	97.65%	97.82%	97.19%	238.6s	*
#epoch[61]:	2.0e-05	0.19252	99.22%	98.04%	97.65%	97.82%	97.19%	238.5s	*
#epoch[62]:	1.2e-05	0.19252	99.21%	98.06%	97.69%	97.83%	97.20%	239.2s	*
#epoch[63]:	1.0e-05	0.19023	99.21%	98.04%	97.65%	97.82%	97.18%	239.2s
#epoch[64]:	1.0e-03	0.21924	98.63%	97.37%	97.12%	96.72%	95.92%	238.8s
#epoch[65]:	1.0e-03	0.21866	98.94%	97.58%	97.33%	97.20%	96.50%	240.0s
#epoch[66]:	9.9e-04	0.20877	98.94%	97.62%	97.45%	97.23%	96.59%	244.3s
#epoch[67]:	9.9e-04	0.20771	98.97%	97.62%	97.42%	97.27%	96.63%	244.1s
#epoch[68]:	9.9e-04	0.20076	98.65%	97.53%	97.31%	96.95%	96.38%	277.4s
#epoch[69]:	9.8e-04	0.19780	98.75%	97.73%	97.61%	97.21%	96.60%	238.7s
#epoch[70]:	9.7e-04	0.19572	98.99%	97.80%	97.67%	97.46%	96.92%	240.6s
#epoch[71]:	9.6e-04	0.19393	98.95%	97.81%	97.73%	97.48%	96.98%	239.8s
#epoch[72]:	9.5e-04	0.19067	99.05%	97.98%	97.74%	97.65%	97.11%	239.9s
#epoch[73]:	9.4e-04	0.18197	99.07%	98.10%	97.86%	97.79%	97.25%	239.4s	*
#epoch[74]:	9.3e-04	0.18344	98.89%	98.05%	97.85%	97.59%	97.07%	279.0s
#epoch[75]:	9.2e-04	0.17937	99.18%	98.21%	97.92%	97.96%	97.42%	238.7s	*
#epoch[76]:	9.0e-04	0.17333	99.03%	98.05%	97.83%	97.72%	97.23%	238.3s
#epoch[77]:	8.9e-04	0.17438	99.16%	98.28%	98.08%	98.02%	97.55%	238.9s	*
#epoch[78]:	8.7e-04	0.16820	98.90%	98.05%	97.82%	97.66%	97.15%	239.3s
#epoch[79]:	8.6e-04	0.16467	99.10%	98.35%	98.11%	98.03%	97.59%	239.6s	*
#epoch[80]:	8.4e-04	0.16566	99.10%	98.35%	98.17%	98.03%	97.58%	239.5s
#epoch[81]:	8.2e-04	0.16107	99.19%	98.35%	98.09%	98.07%	97.59%	238.8s
#epoch[82]:	8.0e-04	0.15819	99.21%	98.40%	98.18%	98.17%	97.71%	239.3s	*
#epoch[83]:	7.8e-04	0.15611	99.21%	98.42%	98.24%	98.22%	97.79%	276.2s	*
#epoch[84]:	7.6e-04	0.15698	99.16%	98.43%	98.19%	98.16%	97.67%	261.0s
#epoch[85]:	7.4e-04	0.15351	99.24%	98.43%	98.18%	98.26%	97.81%	261.9s	*
#epoch[86]:	7.2e-04	0.15296	99.24%	98.40%	98.17%	98.21%	97.75%	261.9s
#epoch[87]:	6.9e-04	0.14985	99.20%	98.46%	98.31%	98.22%	97.83%	260.5s	*
#epoch[88]:	6.7e-04	0.14622	99.29%	98.55%	98.34%	98.33%	97.91%	267.2s	*
#epoch[89]:	6.5e-04	0.14733	99.28%	98.56%	98.31%	98.37%	97.95%	238.1s	*
#epoch[90]:	6.3e-04	0.14468	99.23%	98.49%	98.32%	98.28%	97.86%	266.6s
#epoch[91]:	6.0e-04	0.14352	99.23%	98.52%	98.28%	98.32%	97.91%	237.7s
#epoch[92]:	5.8e-04	0.14380	99.27%	98.59%	98.37%	98.42%	97.99%	239.2s	*
#epoch[93]:	5.5e-04	0.14120	99.27%	98.60%	98.35%	98.39%	97.97%	318.5s
#epoch[94]:	5.3e-04	0.13955	99.33%	98.61%	98.42%	98.44%	98.06%	260.7s	*
#epoch[95]:	5.1e-04	0.13850	99.28%	98.56%	98.40%	98.38%	98.04%	275.4s
#epoch[96]:	4.8e-04	0.13751	99.25%	98.56%	98.39%	98.34%	97.96%	238.6s
#epoch[97]:	4.6e-04	0.13616	99.26%	98.64%	98.40%	98.40%	97.99%	238.6s
#epoch[98]:	4.3e-04	0.13585	99.31%	98.56%	98.38%	98.38%	98.01%	237.7s
#epoch[99]:	4.1e-04	0.13558	99.29%	98.62%	98.42%	98.42%	98.04%	238.0s
#epoch[100]:	3.8e-04	0.13251	99.36%	98.68%	98.43%	98.51%	98.10%	267.5s	*
#epoch[101]:	3.6e-04	0.13190	99.36%	98.65%	98.46%	98.47%	98.09%	238.3s
#epoch[102]:	3.4e-04	0.13064	99.32%	98.61%	98.43%	98.40%	98.03%	237.8s
#epoch[103]:	3.2e-04	0.12921	99.33%	98.73%	98.49%	98.50%	98.11%	236.8s	*
#epoch[104]:	2.9e-04	0.13048	99.31%	98.71%	98.49%	98.49%	98.10%	237.7s
#epoch[105]:	2.7e-04	0.12871	99.36%	98.71%	98.50%	98.54%	98.16%	282.0s	*
#epoch[106]:	2.5e-04	0.13054	99.38%	98.72%	98.52%	98.54%	98.19%	237.8s	*
#epoch[107]:	2.3e-04	0.12798	99.34%	98.70%	98.54%	98.49%	98.12%	237.7s
#epoch[108]:	2.1e-04	0.12544	99.37%	98.72%	98.52%	98.57%	98.19%	237.8s
#epoch[109]:	1.9e-04	0.12688	99.38%	98.73%	98.52%	98.57%	98.19%	241.8s
#epoch[110]:	1.7e-04	0.12572	99.34%	98.70%	98.50%	98.52%	98.14%	237.4s
#epoch[111]:	1.5e-04	0.12516	99.37%	98.71%	98.52%	98.57%	98.21%	237.0s	*
#epoch[112]:	1.4e-04	0.12719	99.32%	98.71%	98.54%	98.50%	98.16%	238.0s
#epoch[113]:	1.2e-04	0.12573	99.34%	98.74%	98.54%	98.55%	98.17%	237.6s
#epoch[114]:	1.1e-04	0.12485	99.34%	98.74%	98.57%	98.53%	98.17%	238.3s
#epoch[115]:	9.3e-05	0.12488	99.38%	98.75%	98.56%	98.58%	98.21%	238.6s	*
#epoch[116]:	8.0e-05	0.12549	99.33%	98.76%	98.52%	98.56%	98.19%	237.7s
#epoch[117]:	6.8e-05	0.12509	99.40%	98.74%	98.53%	98.58%	98.20%	238.0s
#epoch[118]:	5.8e-05	0.12462	99.39%	98.78%	98.55%	98.61%	98.24%	238.3s	*
#epoch[119]:	4.8e-05	0.12300	99.34%	98.76%	98.53%	98.56%	98.17%	237.8s
#epoch[120]:	3.9e-05	0.12556	99.40%	98.76%	98.54%	98.60%	98.22%	237.2s
#epoch[121]:	3.1e-05	0.12514	99.39%	98.74%	98.54%	98.55%	98.21%	238.0s
#epoch[122]:	2.5e-05	0.12393	99.36%	98.75%	98.55%	98.56%	98.22%	237.8s
#epoch[123]:	2.0e-05	0.12424	99.37%	98.76%	98.54%	98.58%	98.24%	238.3s
#epoch[124]:	1.5e-05	0.12292	99.38%	98.77%	98.55%	98.61%	98.24%	237.0s
#epoch[125]:	1.2e-05	0.12400	99.39%	98.76%	98.55%	98.60%	98.23%	237.2s
#epoch[126]:	1.1e-05	0.12419	99.39%	98.77%	98.56%	98.61%	98.23%	272.8s
#epoch[127]:	1.0e-05	0.12217	99.39%	98.77%	98.55%	98.61%	98.24%	277.3s
#epoch[128]:	1.0e-03	0.13775	98.98%	98.49%	98.34%	98.02%	97.64%	237.7s
#epoch[129]:	1.0e-03	0.14208	99.14%	98.58%	98.40%	98.34%	97.96%	265.2s
#epoch[130]:	9.9e-04	0.13692	99.24%	98.59%	98.40%	98.37%	98.01%	251.0s
#epoch[131]:	9.9e-04	0.13343	99.21%	98.53%	98.38%	98.28%	97.92%	238.2s
#epoch[132]:	9.9e-04	0.13456	99.21%	98.51%	98.38%	98.31%	97.93%	282.5s
#epoch[133]:	9.8e-04	0.13227	99.10%	98.58%	98.38%	98.22%	97.85%	237.9s
#epoch[134]:	9.7e-04	0.13076	99.15%	98.50%	98.42%	98.24%	97.93%	238.4s
#epoch[135]:	9.6e-04	0.12811	99.26%	98.62%	98.41%	98.43%	98.04%	237.9s
#epoch[136]:	9.5e-04	0.12840	98.94%	98.59%	98.37%	98.10%	97.71%	243.0s
#epoch[137]:	9.4e-04	0.12778	99.25%	98.59%	98.44%	98.36%	98.02%	237.5s
#epoch[138]:	9.3e-04	0.12574	99.09%	98.64%	98.49%	98.31%	97.98%	238.6s
#epoch[139]:	9.2e-04	0.12293	99.13%	98.65%	98.49%	98.37%	98.04%	238.0s
#epoch[140]:	9.0e-04	0.12083	99.24%	98.63%	98.51%	98.46%	98.10%	278.4s
#epoch[141]:	8.9e-04	0.11823	99.29%	98.73%	98.61%	98.55%	98.25%	238.4s	*
#epoch[142]:	8.7e-04	0.11862	99.06%	98.67%	98.52%	98.31%	98.00%	265.3s
#epoch[143]:	8.6e-04	0.12060	99.20%	98.73%	98.55%	98.44%	98.14%	254.5s
#epoch[144]:	8.4e-04	0.11885	99.16%	98.68%	98.52%	98.39%	98.06%	237.2s
#epoch[145]:	8.2e-04	0.11607	99.29%	98.76%	98.59%	98.56%	98.19%	259.1s
#epoch[146]:	8.0e-04	0.11475	99.27%	98.72%	98.52%	98.49%	98.17%	237.6s
#epoch[147]:	7.8e-04	0.11402	99.23%	98.72%	98.48%	98.45%	98.06%	237.9s
#epoch[148]:	7.6e-04	0.11210	99.31%	98.78%	98.61%	98.60%	98.28%	238.2s	*
#epoch[149]:	7.4e-04	0.11246	99.34%	98.72%	98.59%	98.56%	98.24%	238.4s
#epoch[150]:	7.2e-04	0.11208	99.24%	98.70%	98.57%	98.49%	98.19%	237.6s
#epoch[151]:	6.9e-04	0.11061	99.29%	98.72%	98.60%	98.54%	98.22%	237.9s
#epoch[152]:	6.7e-04	0.10950	99.32%	98.73%	98.61%	98.61%	98.30%	237.3s	*
#epoch[153]:	6.5e-04	0.10962	99.33%	98.77%	98.64%	98.63%	98.34%	238.4s	*
#epoch[154]:	6.3e-04	0.10722	99.32%	98.79%	98.70%	98.62%	98.35%	255.9s	*
#epoch[155]:	6.0e-04	0.10724	99.29%	98.79%	98.68%	98.56%	98.28%	238.1s
#epoch[156]:	5.8e-04	0.10571	99.38%	98.85%	98.68%	98.71%	98.40%	238.3s	*
#epoch[157]:	5.5e-04	0.10787	99.35%	98.76%	98.70%	98.59%	98.31%	243.4s
#epoch[158]:	5.3e-04	0.10658	99.33%	98.82%	98.69%	98.67%	98.37%	243.3s
#epoch[159]:	5.1e-04	0.10294	99.36%	98.82%	98.66%	98.66%	98.36%	244.3s
#epoch[160]:	4.8e-04	0.10584	99.29%	98.81%	98.70%	98.61%	98.36%	255.8s
#epoch[161]:	4.6e-04	0.10335	99.32%	98.85%	98.72%	98.66%	98.37%	244.0s
#epoch[162]:	4.3e-04	0.10293	99.34%	98.83%	98.74%	98.65%	98.39%	248.4s
#epoch[163]:	4.1e-04	0.10149	99.35%	98.82%	98.74%	98.64%	98.37%	243.4s
#epoch[164]:	3.8e-04	0.10253	99.35%	98.81%	98.70%	98.66%	98.37%	243.4s
#epoch[165]:	3.6e-04	0.10119	99.34%	98.84%	98.73%	98.65%	98.37%	244.1s
#epoch[166]:	3.4e-04	0.10090	99.35%	98.85%	98.71%	98.68%	98.41%	243.8s	*
#epoch[167]:	3.2e-04	0.10118	99.41%	98.91%	98.78%	98.72%	98.43%	243.9s	*
#epoch[168]:	2.9e-04	0.10102	99.38%	98.88%	98.70%	98.72%	98.40%	240.7s
#epoch[169]:	2.7e-04	0.10073	99.38%	98.89%	98.76%	98.73%	98.46%	238.3s	*
#epoch[170]:	2.5e-04	0.10036	99.32%	98.88%	98.74%	98.69%	98.40%	238.2s
#epoch[171]:	2.3e-04	0.09917	99.34%	98.88%	98.74%	98.70%	98.40%	237.7s
#epoch[172]:	2.1e-04	0.09829	99.34%	98.86%	98.75%	98.67%	98.39%	237.8s
#epoch[173]:	1.9e-04	0.09876	99.37%	98.93%	98.78%	98.75%	98.46%	238.3s	*
#epoch[174]:	1.7e-04	0.09861	99.38%	98.95%	98.79%	98.76%	98.47%	289.6s	*
#epoch[175]:	1.5e-04	0.09810	99.38%	98.88%	98.77%	98.72%	98.43%	238.5s
#epoch[176]:	1.4e-04	0.09792	99.37%	98.91%	98.79%	98.74%	98.48%	237.5s	*
#epoch[177]:	1.2e-04	0.09768	99.40%	98.92%	98.78%	98.76%	98.46%	237.9s
#epoch[178]:	1.1e-04	0.09809	99.37%	98.88%	98.77%	98.71%	98.43%	237.2s
#epoch[179]:	9.3e-05	0.09734	99.39%	98.91%	98.78%	98.75%	98.47%	278.1s
#epoch[180]:	8.0e-05	0.09770	99.37%	98.94%	98.79%	98.76%	98.47%	237.8s
#epoch[181]:	6.8e-05	0.09737	99.37%	98.94%	98.78%	98.75%	98.46%	237.2s
#epoch[182]:	5.8e-05	0.09873	99.40%	98.91%	98.78%	98.75%	98.47%	237.8s
#epoch[183]:	4.8e-05	0.09655	99.37%	98.95%	98.78%	98.77%	98.49%	237.4s	*
#epoch[184]:	3.9e-05	0.09646	99.40%	98.94%	98.78%	98.79%	98.49%	238.0s
#epoch[185]:	3.1e-05	0.09805	99.41%	98.93%	98.79%	98.79%	98.48%	237.0s
#epoch[186]:	2.5e-05	0.09701	99.39%	98.93%	98.79%	98.77%	98.47%	237.4s
#epoch[187]:	2.0e-05	0.09616	99.39%	98.94%	98.79%	98.78%	98.48%	237.8s
#epoch[188]:	1.5e-05	0.09667	99.38%	98.92%	98.79%	98.77%	98.49%	241.9s
#epoch[189]:	1.2e-05	0.09611	99.39%	98.92%	98.82%	98.77%	98.49%	237.7s
#epoch[190]:	1.1e-05	0.09752	99.38%	98.93%	98.83%	98.77%	98.50%	237.8s	*
#epoch[191]:	1.0e-05	0.09644	99.40%	98.92%	98.81%	98.77%	98.49%	238.3s
#epoch[192]:	1.0e-03	0.10620	99.29%	98.75%	98.67%	98.54%	98.26%	259.7s
#epoch[193]:	1.0e-03	0.10785	99.18%	98.70%	98.58%	98.45%	98.16%	244.4s
#epoch[194]:	9.9e-04	0.10633	99.13%	98.67%	98.56%	98.35%	98.04%	238.3s
#epoch[195]:	9.9e-04	0.10740	99.08%	98.77%	98.64%	98.34%	98.01%	238.8s
#epoch[196]:	9.9e-04	0.10707	99.23%	98.69%	98.59%	98.46%	98.17%	238.1s
#epoch[197]:	9.8e-04	0.10454	98.95%	98.63%	98.57%	98.14%	97.87%	238.3s
#epoch[198]:	9.7e-04	0.10474	99.24%	98.75%	98.66%	98.53%	98.22%	238.4s
#epoch[199]:	9.6e-04	0.10324	99.28%	98.80%	98.68%	98.63%	98.33%	238.3s
#epoch[200]:	9.5e-04	0.10096	99.27%	98.79%	98.64%	98.58%	98.31%	278.2s
#epoch[201]:	9.4e-04	0.10263	99.21%	98.72%	98.59%	98.50%	98.18%	237.7s
#epoch[202]:	9.3e-04	0.10205	99.23%	98.77%	98.62%	98.57%	98.31%	237.8s
#epoch[203]:	9.2e-04	0.09969	99.29%	98.82%	98.70%	98.64%	98.34%	238.5s
#epoch[204]:	9.0e-04	0.09818	99.22%	98.82%	98.69%	98.57%	98.26%	261.3s
#epoch[205]:	8.9e-04	0.10010	99.30%	98.79%	98.66%	98.60%	98.32%	237.2s
#epoch[206]:	8.7e-04	0.09908	99.26%	98.80%	98.72%	98.60%	98.34%	237.8s
#epoch[207]:	8.6e-04	0.09655	99.25%	98.80%	98.68%	98.58%	98.34%	238.3s
#epoch[208]:	8.4e-04	0.09648	99.28%	98.75%	98.68%	98.54%	98.28%	284.6s
#epoch[209]:	8.2e-04	0.09626	99.34%	98.77%	98.68%	98.60%	98.34%	238.2s
#epoch[210]:	8.0e-04	0.09559	99.24%	98.79%	98.65%	98.56%	98.28%	237.5s
#epoch[211]:	7.8e-04	0.09352	99.23%	98.79%	98.71%	98.56%	98.28%	282.1s
#epoch[212]:	7.6e-04	0.09235	99.34%	98.87%	98.75%	98.73%	98.47%	237.5s
#epoch[213]:	7.4e-04	0.09340	99.33%	98.86%	98.75%	98.66%	98.40%	238.1s
#epoch[214]:	7.2e-04	0.09319	99.33%	98.85%	98.72%	98.67%	98.39%	237.7s
#epoch[215]:	6.9e-04	0.09250	99.33%	98.81%	98.73%	98.61%	98.38%	243.0s
#epoch[216]:	6.7e-04	0.09232	99.25%	98.89%	98.77%	98.64%	98.39%	237.5s
#epoch[217]:	6.5e-04	0.09053	99.31%	98.84%	98.71%	98.67%	98.40%	238.3s
#epoch[218]:	6.3e-04	0.09090	99.34%	98.88%	98.76%	98.73%	98.46%	238.2s
#epoch[219]:	6.0e-04	0.08976	99.26%	98.91%	98.80%	98.68%	98.45%	272.4s
#epoch[220]:	5.8e-04	0.08898	99.37%	98.92%	98.82%	98.76%	98.50%	260.5s	*
#epoch[221]:	5.5e-04	0.08986	99.34%	98.85%	98.75%	98.70%	98.45%	238.6s
#epoch[222]:	5.3e-04	0.08895	99.34%	98.87%	98.79%	98.73%	98.49%	238.0s
#epoch[223]:	5.1e-04	0.08779	99.31%	98.88%	98.77%	98.69%	98.45%	237.7s
#epoch[224]:	4.8e-04	0.08801	99.35%	98.90%	98.78%	98.76%	98.51%	238.8s	*
#epoch[225]:	4.6e-04	0.08875	99.37%	98.89%	98.78%	98.73%	98.50%	238.5s
#epoch[226]:	4.3e-04	0.08763	99.36%	98.91%	98.80%	98.74%	98.49%	238.2s
#epoch[227]:	4.1e-04	0.08726	99.31%	98.88%	98.76%	98.68%	98.42%	237.7s
#epoch[228]:	3.8e-04	0.08583	99.39%	98.91%	98.79%	98.76%	98.50%	244.8s
#epoch[229]:	3.6e-04	0.08766	99.34%	98.91%	98.78%	98.74%	98.49%	272.4s
#epoch[230]:	3.4e-04	0.08732	99.34%	98.91%	98.76%	98.72%	98.46%	281.2s
#epoch[231]:	3.2e-04	0.08603	99.40%	98.92%	98.79%	98.79%	98.52%	275.7s	*
#epoch[232]:	2.9e-04	0.08627	99.40%	98.91%	98.79%	98.78%	98.52%	276.9s
#epoch[233]:	2.7e-04	0.08599	99.36%	98.96%	98.80%	98.77%	98.49%	285.8s
#epoch[234]:	2.5e-04	0.08499	99.40%	98.93%	98.82%	98.79%	98.55%	268.4s	*
#epoch[235]:	2.3e-04	0.08535	99.38%	98.92%	98.82%	98.75%	98.50%	279.8s
#epoch[236]:	2.1e-04	0.08553	99.39%	98.94%	98.83%	98.77%	98.52%	282.7s
#epoch[237]:	1.9e-04	0.08517	99.35%	98.92%	98.79%	98.74%	98.48%	290.8s
#epoch[238]:	1.7e-04	0.08556	99.36%	98.95%	98.82%	98.78%	98.51%	287.1s
#epoch[239]:	1.5e-04	0.08462	99.36%	98.94%	98.81%	98.76%	98.51%	293.2s
#epoch[240]:	1.4e-04	0.08427	99.37%	98.92%	98.80%	98.76%	98.52%	278.9s
#epoch[241]:	1.2e-04	0.08453	99.38%	98.94%	98.82%	98.77%	98.52%	290.1s
#epoch[242]:	1.1e-04	0.08373	99.34%	98.94%	98.82%	98.74%	98.51%	239.2s
#epoch[243]:	9.3e-05	0.08426	99.38%	98.94%	98.80%	98.78%	98.51%	338.2s
#epoch[244]:	8.0e-05	0.08377	99.39%	98.95%	98.82%	98.79%	98.53%	319.9s
#epoch[245]:	6.8e-05	0.08433	99.40%	98.92%	98.81%	98.78%	98.53%	334.6s
#epoch[246]:	5.8e-05	0.08314	99.38%	98.92%	98.79%	98.75%	98.49%	318.9s
#epoch[247]:	4.8e-05	0.08385	99.41%	98.93%	98.81%	98.80%	98.55%	323.8s
#epoch[248]:	3.9e-05	0.08358	99.39%	98.93%	98.79%	98.78%	98.52%	313.5s
#epoch[249]:	3.1e-05	0.08446	99.39%	98.92%	98.82%	98.77%	98.52%	342.9s
#epoch[250]:	2.5e-05	0.08396	99.39%	98.94%	98.82%	98.79%	98.54%	330.9s
#epoch[251]:	2.0e-05	0.08389	99.40%	98.93%	98.82%	98.79%	98.54%	276.6s
#epoch[252]:	1.5e-05	0.08421	99.38%	98.93%	98.82%	98.77%	98.53%	315.4s
#epoch[253]:	1.2e-05	0.08487	99.39%	98.93%	98.82%	98.78%	98.54%	299.1s
#epoch[254]:	1.1e-05	0.08375	99.40%	98.93%	98.81%	98.79%	98.54%	292.0s
#epoch[255]:	1.0e-05	0.08351	99.39%	98.92%	98.81%	98.77%	98.52%	237.7s
#epoch[256]:	1.0e-03	0.09152	99.13%	98.70%	98.63%	98.40%	98.14%	237.1s
#epoch[257]:	1.0e-03	0.09069	99.22%	98.81%	98.68%	98.60%	98.32%	237.7s
#epoch[258]:	9.9e-04	0.09270	99.26%	98.75%	98.67%	98.58%	98.32%	237.2s
#epoch[259]:	9.9e-04	0.08997	99.26%	98.84%	98.73%	98.61%	98.36%	237.2s
#epoch[260]:	9.9e-04	0.08910	99.24%	98.77%	98.69%	98.55%	98.28%	280.2s
#epoch[261]:	9.8e-04	0.09188	99.25%	98.83%	98.77%	98.59%	98.37%	237.3s
#epoch[262]:	9.7e-04	0.09024	99.35%	98.86%	98.72%	98.70%	98.46%	237.7s
#epoch[263]:	9.6e-04	0.08989	99.24%	98.82%	98.70%	98.58%	98.34%	238.2s
#epoch[264]:	9.5e-04	0.08719	99.30%	98.85%	98.75%	98.65%	98.41%	237.8s
#epoch[265]:	9.4e-04	0.08797	99.19%	98.75%	98.67%	98.49%	98.28%	291.1s
#epoch[266]:	9.3e-04	0.08754	99.28%	98.79%	98.67%	98.58%	98.33%	243.5s
#epoch[267]:	9.2e-04	0.08555	99.32%	98.88%	98.79%	98.71%	98.50%	248.6s
#epoch[268]:	9.0e-04	0.08764	99.27%	98.82%	98.73%	98.60%	98.36%	243.0s
#epoch[269]:	8.9e-04	0.08643	99.25%	98.79%	98.70%	98.56%	98.33%	243.1s
#epoch[270]:	8.7e-04	0.08646	99.15%	98.82%	98.71%	98.51%	98.25%	239.9s
#epoch[271]:	8.6e-04	0.08525	99.34%	98.81%	98.76%	98.67%	98.45%	238.0s
#epoch[272]:	8.4e-04	0.08520	99.35%	98.87%	98.76%	98.73%	98.48%	237.8s
#epoch[273]:	8.2e-04	0.08461	99.34%	98.88%	98.78%	98.70%	98.46%	237.2s
#epoch[274]:	8.0e-04	0.08396	99.24%	98.85%	98.77%	98.61%	98.39%	238.5s
#epoch[275]:	7.8e-04	0.08252	99.23%	98.84%	98.72%	98.58%	98.33%	238.2s
#epoch[276]:	7.6e-04	0.08337	99.35%	98.88%	98.77%	98.70%	98.45%	237.6s
#epoch[277]:	7.4e-04	0.08287	99.27%	98.88%	98.78%	98.68%	98.44%	238.7s
#epoch[278]:	7.2e-04	0.08341	99.33%	98.89%	98.75%	98.69%	98.43%	237.8s
#epoch[279]:	6.9e-04	0.08211	99.32%	98.88%	98.83%	98.69%	98.46%	238.1s
#epoch[280]:	6.7e-04	0.08175	99.35%	98.87%	98.79%	98.67%	98.45%	318.8s
#epoch[281]:	6.5e-04	0.08095	99.36%	98.93%	98.80%	98.76%	98.51%	320.6s
#epoch[282]:	6.3e-04	0.08166	99.27%	98.86%	98.80%	98.64%	98.43%	324.3s
#epoch[283]:	6.0e-04	0.08077	99.31%	98.87%	98.80%	98.70%	98.47%	317.2s
#epoch[284]:	5.8e-04	0.08007	99.31%	98.88%	98.77%	98.70%	98.46%	301.7s
#epoch[285]:	5.5e-04	0.07970	99.34%	98.88%	98.80%	98.73%	98.49%	316.1s
#epoch[286]:	5.3e-04	0.08002	99.32%	98.92%	98.80%	98.75%	98.48%	300.9s
#epoch[287]:	5.1e-04	0.07987	99.37%	98.89%	98.82%	98.73%	98.50%	281.4s
#epoch[288]:	4.8e-04	0.07881	99.34%	98.90%	98.78%	98.72%	98.48%	275.4s
#epoch[289]:	4.6e-04	0.07882	99.31%	98.91%	98.80%	98.70%	98.45%	294.3s
#epoch[290]:	4.3e-04	0.07828	99.35%	98.94%	98.81%	98.77%	98.54%	274.1s
#epoch[291]:	4.1e-04	0.07851	99.35%	98.91%	98.79%	98.75%	98.51%	284.9s
#epoch[292]:	3.8e-04	0.07902	99.36%	98.94%	98.82%	98.79%	98.55%	280.9s	*
#epoch[293]:	3.6e-04	0.07849	99.34%	98.91%	98.78%	98.75%	98.49%	287.2s
#epoch[294]:	3.4e-04	0.07803	99.36%	98.93%	98.81%	98.76%	98.51%	291.4s
#epoch[295]:	3.2e-04	0.07767	99.39%	98.95%	98.82%	98.79%	98.53%	277.9s
#epoch[296]:	2.9e-04	0.07740	99.37%	98.93%	98.83%	98.76%	98.54%	274.1s
#epoch[297]:	2.7e-04	0.07698	99.40%	98.94%	98.82%	98.80%	98.56%	277.7s	*
#epoch[298]:	2.5e-04	0.07694	99.39%	98.94%	98.82%	98.77%	98.53%	246.3s
#epoch[299]:	2.3e-04	0.07685	99.34%	98.91%	98.80%	98.76%	98.50%	251.9s
#epoch[300]:	2.1e-04	0.07659	99.38%	98.93%	98.82%	98.78%	98.56%	269.1s
#epoch[301]:	1.9e-04	0.07679	99.36%	98.95%	98.81%	98.78%	98.53%	265.7s
#epoch[302]:	1.7e-04	0.07671	99.37%	98.92%	98.82%	98.78%	98.55%	262.3s
#epoch[303]:	1.5e-04	0.07681	99.38%	98.96%	98.82%	98.80%	98.55%	274.2s
#epoch[304]:	1.4e-04	0.07628	99.38%	98.92%	98.83%	98.76%	98.52%	291.5s
#epoch[305]:	1.2e-04	0.07681	99.36%	98.92%	98.80%	98.78%	98.52%	282.4s
#epoch[306]:	1.1e-04	0.07585	99.38%	98.93%	98.82%	98.77%	98.54%	278.9s
#epoch[307]:	9.3e-05	0.07625	99.37%	98.94%	98.81%	98.79%	98.55%	277.0s
#epoch[308]:	8.0e-05	0.07557	99.37%	98.95%	98.82%	98.80%	98.55%	282.5s
#epoch[309]:	6.8e-05	0.07604	99.36%	98.95%	98.82%	98.79%	98.55%	283.1s
#epoch[310]:	5.8e-05	0.07630	99.37%	98.96%	98.82%	98.80%	98.56%	282.1s
#epoch[311]:	4.8e-05	0.07623	99.37%	98.95%	98.82%	98.79%	98.56%	251.0s
#epoch[312]:	3.9e-05	0.07563	99.39%	98.97%	98.82%	98.81%	98.57%	263.4s	*
#epoch[313]:	3.1e-05	0.07615	99.40%	98.96%	98.83%	98.82%	98.58%	296.7s	*
#epoch[314]:	2.5e-05	0.07598	99.38%	98.97%	98.84%	98.79%	98.56%	261.6s
#epoch[315]:	2.0e-05	0.07609	99.38%	98.94%	98.83%	98.79%	98.55%	276.9s
#epoch[316]:	1.5e-05	0.07602	99.39%	98.96%	98.82%	98.79%	98.55%	282.2s
#epoch[317]:	1.2e-05	0.07605	99.37%	98.94%	98.83%	98.79%	98.56%	282.2s
#epoch[318]:	1.1e-05	0.07627	99.40%	98.94%	98.83%	98.80%	98.56%	287.0s
#epoch[319]:	1.0e-05	0.07592	99.39%	98.95%	98.82%	98.80%	98.56%	241.4s
#done!!!  2020-12-17  23:06:18
