#start!!!  2020-12-14  09:58:29
#cuda devices: 1
#loading data ...
#building model ...
#model: TransNet(depth=6, width=512)
#training model ...
#epoch[1]:	1.0e-05	4.42513	81.32%	15.49%	9.58%	14.62%	3.97%	51.0s	*
#epoch[2]:	5.1e-04	3.89657	81.41%	16.94%	12.58%	15.78%	5.52%	67.0s	*
#epoch[3]:	1.0e-05	3.65849	82.67%	19.26%	14.91%	18.10%	7.26%	56.0s	*
#epoch[4]:	8.6e-04	3.55488	81.80%	18.10%	15.30%	15.39%	9.20%	50.6s	*
#epoch[5]:	5.1e-04	3.40667	83.35%	22.65%	18.59%	21.39%	11.62%	50.7s	*
#epoch[6]:	1.6e-04	3.29639	84.12%	25.85%	20.33%	24.59%	13.84%	50.3s	*
#epoch[7]:	1.0e-05	3.24787	84.22%	27.20%	20.62%	25.46%	15.88%	49.8s	*
#epoch[8]:	9.6e-04	3.26495	81.70%	24.39%	20.52%	22.46%	14.04%	50.4s
#epoch[9]:	8.6e-04	3.12327	82.77%	25.65%	20.91%	24.49%	15.49%	50.3s
#epoch[10]:	6.9e-04	3.03733	84.61%	27.30%	22.36%	26.43%	17.81%	50.7s	*
#epoch[11]:	5.1e-04	2.96773	84.12%	28.94%	22.75%	27.78%	18.97%	61.9s	*
#epoch[12]:	3.2e-04	2.92123	84.90%	32.72%	27.20%	30.40%	19.65%	51.1s	*
#epoch[13]:	1.6e-04	2.84693	85.96%	35.62%	28.07%	34.37%	23.43%	51.5s	*
#epoch[14]:	4.8e-05	2.82094	86.35%	36.40%	28.94%	34.75%	23.52%	50.6s	*
#epoch[15]:	1.0e-05	2.77942	86.16%	37.27%	29.33%	35.72%	24.88%	50.6s	*
#epoch[16]:	9.9e-04	2.87786	85.77%	34.56%	28.75%	32.91%	22.27%	50.2s
#epoch[17]:	9.6e-04	2.74113	85.00%	36.01%	29.72%	33.11%	23.33%	54.9s
#epoch[18]:	9.2e-04	2.63125	86.35%	41.43%	34.75%	39.40%	28.27%	50.4s	*
#epoch[19]:	8.6e-04	2.53493	86.16%	45.11%	40.76%	42.21%	32.72%	50.6s	*
#epoch[20]:	7.8e-04	2.40864	85.58%	50.73%	43.27%	46.95%	35.82%	49.6s	*
#epoch[21]:	6.9e-04	2.31304	86.64%	50.92%	44.34%	48.02%	37.66%	50.3s	*
#epoch[22]:	6.0e-04	2.21580	87.12%	55.86%	48.98%	53.24%	42.11%	50.3s	*
#epoch[23]:	5.1e-04	2.14530	87.71%	55.08%	49.66%	52.27%	42.01%	50.4s
#epoch[24]:	4.1e-04	2.04878	89.16%	59.24%	53.34%	56.53%	46.18%	50.7s	*
#epoch[25]:	3.2e-04	2.00553	87.71%	60.79%	55.37%	58.08%	48.02%	53.6s	*
#epoch[26]:	2.3e-04	1.94958	89.74%	61.37%	57.60%	58.95%	49.47%	50.4s	*
#epoch[27]:	1.6e-04	1.89374	89.74%	61.76%	57.02%	59.34%	50.24%	50.3s	*
#epoch[28]:	9.3e-05	1.86516	90.61%	62.44%	57.89%	60.12%	51.11%	49.9s	*
#epoch[29]:	4.8e-05	1.84720	89.93%	62.73%	57.89%	60.12%	50.92%	62.1s
#epoch[30]:	2.0e-05	1.83796	90.22%	63.41%	59.05%	60.99%	52.18%	50.2s	*
#epoch[31]:	1.0e-05	1.81897	90.03%	62.73%	58.95%	60.31%	51.40%	50.4s
#epoch[32]:	1.0e-03	1.98400	89.16%	58.95%	53.53%	55.76%	46.76%	50.8s
#epoch[33]:	9.9e-04	1.88263	88.29%	58.18%	55.47%	54.79%	46.18%	50.9s
#epoch[34]:	9.8e-04	1.78536	88.48%	60.99%	57.21%	57.70%	49.85%	51.0s
#epoch[35]:	9.6e-04	1.72669	90.42%	65.34%	60.50%	62.73%	54.70%	57.7s	*
#epoch[36]:	9.4e-04	1.62558	91.38%	67.47%	62.63%	65.15%	56.15%	55.6s	*
#epoch[37]:	9.2e-04	1.53699	89.93%	65.63%	62.05%	62.54%	54.79%	50.3s
#epoch[38]:	8.9e-04	1.45513	90.51%	67.96%	63.60%	64.09%	55.66%	50.7s
#epoch[39]:	8.6e-04	1.41433	91.29%	69.31%	64.57%	66.12%	58.76%	64.7s	*
#epoch[40]:	8.2e-04	1.33142	91.67%	70.09%	66.80%	67.76%	60.70%	50.8s	*
#epoch[41]:	7.8e-04	1.25516	91.19%	71.06%	67.38%	68.83%	61.37%	50.3s	*
#epoch[42]:	7.4e-04	1.22180	92.06%	72.60%	68.44%	70.76%	63.21%	50.4s	*
#epoch[43]:	6.9e-04	1.15501	92.16%	70.67%	66.80%	68.15%	61.18%	50.3s
#epoch[44]:	6.5e-04	1.11678	91.48%	71.64%	68.83%	69.12%	62.73%	50.4s
#epoch[45]:	6.0e-04	1.06804	92.26%	74.06%	69.99%	72.02%	65.44%	54.9s	*
#epoch[46]:	5.5e-04	1.01387	93.32%	74.54%	69.70%	72.51%	65.92%	50.7s	*
#epoch[47]:	5.1e-04	0.98776	92.55%	74.73%	71.44%	72.12%	66.89%	51.1s	*
#epoch[48]:	4.6e-04	0.93213	93.13%	76.09%	72.51%	73.67%	67.86%	51.4s	*
#epoch[49]:	4.1e-04	0.91142	92.84%	76.77%	72.41%	73.96%	68.05%	51.5s	*
#epoch[50]:	3.6e-04	0.84544	92.55%	76.67%	72.99%	74.54%	68.34%	55.6s	*
#epoch[51]:	3.2e-04	0.82989	93.03%	76.28%	72.99%	73.96%	68.73%	51.5s	*
#epoch[52]:	2.7e-04	0.81468	93.22%	76.86%	74.15%	74.35%	68.54%	51.1s
#epoch[53]:	2.3e-04	0.78808	93.13%	77.93%	74.15%	75.22%	69.60%	60.7s	*
#epoch[54]:	1.9e-04	0.77123	92.45%	77.44%	74.54%	75.02%	69.22%	62.9s
#epoch[55]:	1.6e-04	0.75940	93.22%	78.03%	73.57%	75.80%	69.60%	51.6s
#epoch[56]:	1.2e-04	0.75205	93.51%	77.73%	74.44%	75.41%	70.18%	51.3s	*
#epoch[57]:	9.3e-05	0.73231	93.22%	77.83%	74.93%	75.41%	70.09%	51.3s
#epoch[58]:	6.8e-05	0.73410	93.42%	78.12%	74.35%	76.09%	70.18%	51.7s
#epoch[59]:	4.8e-05	0.73321	93.13%	78.51%	74.64%	76.09%	70.09%	51.0s
#epoch[60]:	3.1e-05	0.71615	93.42%	78.61%	74.54%	76.38%	70.38%	50.9s	*
#epoch[61]:	2.0e-05	0.70882	93.61%	78.41%	75.12%	76.28%	70.57%	51.1s	*
#epoch[62]:	1.2e-05	0.72209	93.32%	78.51%	74.93%	76.28%	70.38%	51.2s
#epoch[63]:	1.0e-05	0.71651	93.32%	78.41%	74.83%	76.19%	70.28%	51.2s
#epoch[64]:	1.0e-03	0.85138	92.35%	75.12%	71.06%	72.51%	65.54%	60.1s
#epoch[65]:	1.0e-03	0.79604	90.80%	74.64%	71.35%	71.44%	64.96%	50.8s
#epoch[66]:	9.9e-04	0.76004	91.38%	76.48%	72.31%	72.80%	66.70%	51.1s
#epoch[67]:	9.9e-04	0.72691	93.80%	74.73%	71.44%	73.38%	66.31%	52.9s
#epoch[68]:	9.9e-04	0.67292	93.03%	76.48%	72.02%	73.86%	66.99%	62.6s
#epoch[69]:	9.8e-04	0.63909	91.87%	75.22%	72.70%	71.93%	66.12%	51.1s
#epoch[70]:	9.7e-04	0.59424	91.77%	75.41%	73.57%	72.22%	66.02%	51.1s
#epoch[71]:	9.6e-04	0.55245	91.77%	76.86%	74.35%	73.48%	68.05%	51.3s
#epoch[72]:	9.5e-04	0.52886	93.32%	78.03%	74.25%	76.09%	69.99%	51.1s
#epoch[73]:	9.4e-04	0.47951	93.42%	77.06%	74.54%	74.54%	68.64%	51.3s
#epoch[74]:	9.3e-04	0.46704	93.32%	77.54%	74.35%	75.02%	69.22%	51.2s
#epoch[75]:	9.2e-04	0.44489	93.13%	77.25%	74.93%	75.12%	70.09%	56.7s
#epoch[76]:	9.0e-04	0.41097	92.93%	79.96%	75.41%	77.15%	70.67%	52.1s	*
#epoch[77]:	8.9e-04	0.37992	92.93%	79.67%	76.19%	77.44%	72.02%	52.2s	*
#epoch[78]:	8.7e-04	0.36555	93.42%	79.09%	76.48%	76.96%	71.64%	52.0s
#epoch[79]:	8.6e-04	0.34034	93.42%	79.48%	76.96%	77.54%	72.31%	51.7s	*
#epoch[80]:	8.4e-04	0.33236	93.80%	79.86%	77.25%	77.54%	72.31%	51.5s
#epoch[81]:	8.2e-04	0.31863	93.71%	78.80%	75.70%	76.48%	71.64%	51.6s
#epoch[82]:	8.0e-04	0.29669	93.42%	78.90%	76.67%	76.67%	71.73%	51.7s
#epoch[83]:	7.8e-04	0.29265	93.80%	79.77%	77.54%	77.64%	73.18%	51.1s	*
#epoch[84]:	7.6e-04	0.27262	93.51%	79.67%	77.54%	77.44%	72.60%	51.4s
#epoch[85]:	7.4e-04	0.26649	93.80%	79.86%	77.35%	77.83%	72.22%	51.0s
#epoch[86]:	7.2e-04	0.25797	93.90%	79.96%	77.25%	78.03%	72.60%	51.4s
#epoch[87]:	6.9e-04	0.25192	93.03%	80.06%	77.73%	77.64%	72.80%	51.4s
#epoch[88]:	6.7e-04	0.24254	93.61%	80.25%	78.12%	78.12%	73.57%	67.0s	*
#epoch[89]:	6.5e-04	0.23127	94.00%	80.35%	78.51%	78.61%	74.64%	56.4s	*
#epoch[90]:	6.3e-04	0.23189	93.71%	79.77%	78.12%	77.54%	72.80%	55.4s
#epoch[91]:	6.0e-04	0.21748	93.51%	80.54%	78.03%	78.32%	73.18%	56.6s
#epoch[92]:	5.8e-04	0.21718	93.90%	81.12%	78.41%	78.70%	73.48%	61.3s
#epoch[93]:	5.5e-04	0.21308	93.80%	80.54%	77.73%	78.51%	73.28%	59.4s
#epoch[94]:	5.3e-04	0.21008	93.71%	80.15%	77.54%	77.93%	72.60%	51.3s
#epoch[95]:	5.1e-04	0.20984	93.80%	80.06%	77.93%	78.12%	73.28%	51.4s
#epoch[96]:	4.8e-04	0.20382	93.51%	80.83%	79.09%	78.41%	73.86%	51.2s
#epoch[97]:	4.6e-04	0.19940	93.42%	80.64%	79.09%	78.32%	73.96%	51.4s
#epoch[98]:	4.3e-04	0.19596	93.71%	80.74%	78.22%	78.22%	73.18%	51.3s
#epoch[99]:	4.1e-04	0.19507	94.00%	80.83%	78.61%	78.80%	73.86%	61.3s
#epoch[100]:	3.8e-04	0.19326	93.90%	81.03%	78.51%	78.99%	74.44%	51.0s
#epoch[101]:	3.6e-04	0.19269	93.71%	80.54%	78.70%	78.41%	73.67%	58.9s
#epoch[102]:	3.4e-04	0.18946	93.90%	81.22%	79.19%	79.19%	74.35%	55.7s
#epoch[103]:	3.2e-04	0.19052	93.90%	81.03%	79.19%	78.99%	74.64%	61.5s
#epoch[104]:	2.9e-04	0.18868	94.00%	81.22%	78.80%	79.19%	74.25%	53.1s
#epoch[105]:	2.7e-04	0.18636	93.61%	81.32%	79.28%	79.19%	74.35%	51.0s
#epoch[106]:	2.5e-04	0.18457	94.00%	80.83%	79.09%	78.90%	74.15%	50.7s
#epoch[107]:	2.3e-04	0.18514	93.61%	81.22%	78.80%	78.99%	74.06%	50.9s
#epoch[108]:	2.1e-04	0.18340	93.90%	81.22%	79.19%	79.28%	74.54%	49.9s
#epoch[109]:	1.9e-04	0.18220	93.80%	81.32%	79.28%	79.19%	74.64%	50.0s
#epoch[110]:	1.7e-04	0.18228	93.90%	80.54%	78.99%	78.61%	74.06%	50.7s
#epoch[111]:	1.5e-04	0.18149	93.90%	80.93%	79.48%	78.90%	74.54%	51.1s
#epoch[112]:	1.4e-04	0.18046	93.80%	81.12%	79.57%	79.09%	74.73%	50.4s	*
#epoch[113]:	1.2e-04	0.18049	94.00%	81.22%	78.99%	79.28%	74.54%	50.3s
#epoch[114]:	1.1e-04	0.18147	93.90%	81.22%	79.28%	79.19%	74.54%	50.9s
#epoch[115]:	9.3e-05	0.17935	94.09%	81.03%	79.19%	79.09%	74.54%	54.0s
#epoch[116]:	8.0e-05	0.17974	94.00%	81.22%	79.48%	79.28%	74.73%	51.0s
#epoch[117]:	6.8e-05	0.17814	93.90%	80.93%	79.09%	78.99%	74.44%	51.2s
#epoch[118]:	5.8e-05	0.17781	94.00%	81.32%	79.19%	79.28%	74.54%	51.4s
#epoch[119]:	4.8e-05	0.17866	94.09%	81.32%	79.19%	79.48%	74.73%	51.4s
#epoch[120]:	3.9e-05	0.17741	93.80%	81.32%	79.28%	79.19%	74.54%	51.9s
#epoch[121]:	3.1e-05	0.17738	94.09%	81.03%	79.28%	79.09%	74.54%	52.8s
#epoch[122]:	2.5e-05	0.17651	94.00%	81.22%	79.38%	79.19%	74.54%	51.5s
#epoch[123]:	2.0e-05	0.17809	94.00%	81.41%	79.09%	79.48%	74.64%	50.7s
#epoch[124]:	1.5e-05	0.17816	93.80%	81.32%	79.09%	79.19%	74.35%	51.1s
#epoch[125]:	1.2e-05	0.17675	93.80%	81.12%	79.09%	78.99%	74.35%	51.8s
#epoch[126]:	1.1e-05	0.17813	93.90%	81.12%	78.99%	79.09%	74.25%	52.2s
#epoch[127]:	1.0e-05	0.17796	93.90%	81.22%	78.90%	79.19%	74.15%	53.2s
#epoch[128]:	1.0e-03	0.18406	92.55%	80.54%	78.70%	77.73%	73.67%	52.2s
#epoch[129]:	1.0e-03	0.18035	93.71%	80.15%	78.03%	78.22%	73.77%	51.9s
#epoch[130]:	9.9e-04	0.17886	93.71%	80.64%	79.38%	78.70%	74.64%	51.8s
#epoch[131]:	9.9e-04	0.17570	93.51%	80.35%	78.70%	78.03%	73.67%	53.7s
#epoch[132]:	9.9e-04	0.17355	93.80%	81.03%	79.19%	79.19%	74.54%	53.2s
#epoch[133]:	9.8e-04	0.16968	93.61%	80.25%	78.61%	78.12%	73.86%	53.5s
#epoch[134]:	9.7e-04	0.17068	93.90%	80.74%	78.80%	78.41%	73.48%	52.2s
#epoch[135]:	9.6e-04	0.16771	94.00%	80.35%	79.09%	78.51%	74.25%	52.8s
#epoch[136]:	9.5e-04	0.16637	93.90%	80.45%	79.48%	78.70%	74.25%	51.6s
#epoch[137]:	9.4e-04	0.16503	94.00%	81.51%	79.38%	79.19%	74.44%	55.2s
#epoch[138]:	9.3e-04	0.16438	93.90%	80.74%	78.32%	78.90%	73.38%	51.5s
#epoch[139]:	9.2e-04	0.16164	94.00%	80.83%	79.28%	79.09%	75.02%	56.1s	*
#epoch[140]:	9.0e-04	0.16161	94.00%	80.83%	78.99%	78.99%	74.54%	51.2s
#epoch[141]:	8.9e-04	0.16021	93.80%	80.74%	78.61%	78.90%	74.44%	51.0s
#epoch[142]:	8.7e-04	0.15951	93.71%	81.22%	79.19%	78.80%	74.15%	53.3s
#epoch[143]:	8.6e-04	0.15648	93.71%	81.51%	78.51%	78.99%	73.96%	52.1s
#epoch[144]:	8.4e-04	0.15634	93.90%	81.22%	79.28%	79.19%	74.73%	53.2s
#epoch[145]:	8.2e-04	0.15605	94.09%	81.12%	79.09%	79.28%	74.83%	50.4s
#epoch[146]:	8.0e-04	0.15458	93.90%	80.64%	79.57%	78.70%	74.83%	50.1s
#epoch[147]:	7.8e-04	0.15445	93.80%	81.03%	79.28%	78.80%	74.64%	62.7s
#epoch[148]:	7.6e-04	0.15533	94.00%	81.80%	79.09%	79.86%	74.54%	50.0s
#epoch[149]:	7.4e-04	0.15383	94.00%	81.51%	79.19%	79.38%	74.73%	51.0s
#epoch[150]:	7.2e-04	0.15264	94.09%	80.93%	78.51%	78.90%	73.86%	54.6s
#epoch[151]:	6.9e-04	0.15236	94.19%	81.61%	79.86%	79.48%	75.12%	50.4s	*
#epoch[152]:	6.7e-04	0.15206	94.00%	81.03%	79.28%	79.09%	74.64%	52.9s
#epoch[153]:	6.5e-04	0.15103	94.00%	80.93%	79.96%	78.99%	74.73%	53.8s
#epoch[154]:	6.3e-04	0.15101	94.00%	80.83%	79.96%	78.80%	74.93%	60.3s
#epoch[155]:	6.0e-04	0.15036	93.90%	81.12%	79.57%	79.09%	74.25%	50.2s
#epoch[156]:	5.8e-04	0.15103	93.80%	81.03%	79.19%	78.99%	74.35%	50.3s
#epoch[157]:	5.5e-04	0.14963	93.90%	81.22%	79.67%	79.19%	74.83%	51.3s
#epoch[158]:	5.3e-04	0.14889	93.80%	80.93%	79.67%	78.90%	74.73%	51.4s
#epoch[159]:	5.1e-04	0.14894	94.09%	81.22%	78.99%	79.09%	73.96%	51.1s
#epoch[160]:	4.8e-04	0.14892	94.00%	81.22%	79.48%	79.19%	74.64%	51.7s
#epoch[161]:	4.6e-04	0.14843	94.09%	81.22%	79.67%	79.28%	74.54%	56.5s
#epoch[162]:	4.3e-04	0.14759	93.90%	80.83%	79.57%	78.70%	74.25%	51.5s
#epoch[163]:	4.1e-04	0.14798	94.09%	80.83%	79.67%	79.09%	74.54%	51.3s
#epoch[164]:	3.8e-04	0.14741	93.90%	81.03%	79.28%	78.90%	74.25%	51.9s
#epoch[165]:	3.6e-04	0.14739	93.80%	81.32%	79.19%	79.28%	74.54%	50.8s
#epoch[166]:	3.4e-04	0.14767	93.71%	81.41%	79.77%	79.19%	74.83%	50.6s
#epoch[167]:	3.2e-04	0.14691	94.00%	81.32%	79.67%	79.28%	74.83%	60.5s
#epoch[168]:	2.9e-04	0.14728	93.80%	81.32%	79.38%	79.28%	75.02%	51.3s
#epoch[169]:	2.7e-04	0.14668	94.00%	81.41%	80.06%	79.38%	75.12%	56.0s
#epoch[170]:	2.5e-04	0.14685	93.90%	81.70%	79.77%	79.57%	74.93%	60.2s
#epoch[171]:	2.3e-04	0.14647	93.90%	81.41%	79.57%	79.38%	74.83%	51.2s
#epoch[172]:	2.1e-04	0.14633	93.90%	81.61%	79.96%	79.48%	75.12%	51.1s
#epoch[173]:	1.9e-04	0.14633	93.80%	81.41%	79.48%	79.28%	74.73%	51.1s
#epoch[174]:	1.7e-04	0.14587	93.80%	81.41%	79.57%	79.38%	74.73%	51.0s
#epoch[175]:	1.5e-04	0.14599	93.80%	81.61%	79.57%	79.48%	74.83%	56.3s
#epoch[176]:	1.4e-04	0.14568	93.80%	81.51%	79.48%	79.38%	74.54%	50.7s
#epoch[177]:	1.2e-04	0.14577	93.80%	81.32%	79.86%	79.19%	74.83%	54.9s
#epoch[178]:	1.1e-04	0.14574	93.90%	81.32%	79.57%	79.19%	74.73%	51.2s
#epoch[179]:	9.3e-05	0.14560	93.90%	81.51%	79.77%	79.38%	74.93%	51.6s
#epoch[180]:	8.0e-05	0.14541	93.90%	81.51%	79.77%	79.38%	74.83%	50.9s
#epoch[181]:	6.8e-05	0.14494	93.90%	81.61%	79.38%	79.57%	74.73%	55.4s
#epoch[182]:	5.8e-05	0.14549	93.80%	81.61%	79.48%	79.57%	74.73%	51.8s
#epoch[183]:	4.8e-05	0.14514	93.90%	81.41%	79.48%	79.38%	74.73%	51.1s
#epoch[184]:	3.9e-05	0.14514	93.90%	81.32%	79.57%	79.28%	74.64%	51.1s
#epoch[185]:	3.1e-05	0.14550	93.90%	81.51%	79.19%	79.48%	74.54%	51.1s
#epoch[186]:	2.5e-05	0.14514	94.00%	81.41%	79.28%	79.38%	74.54%	52.5s
#epoch[187]:	2.0e-05	0.14521	94.00%	81.70%	79.38%	79.67%	74.83%	51.0s
#epoch[188]:	1.5e-05	0.14550	93.90%	81.70%	79.48%	79.67%	74.83%	51.0s
#epoch[189]:	1.2e-05	0.14549	93.90%	81.70%	79.38%	79.67%	74.83%	51.6s
#epoch[190]:	1.1e-05	0.14505	93.90%	81.61%	79.57%	79.57%	74.73%	51.1s
#epoch[191]:	1.0e-05	0.14512	93.90%	81.51%	79.67%	79.48%	74.73%	60.8s
#epoch[192]:	1.0e-03	0.14634	94.09%	81.32%	79.57%	79.38%	74.83%	51.4s
#epoch[193]:	1.0e-03	0.14546	93.90%	81.80%	79.48%	79.77%	75.02%	51.5s
#epoch[194]:	9.9e-04	0.14472	93.90%	81.70%	80.25%	79.77%	75.51%	51.2s	*
#epoch[195]:	9.9e-04	0.14565	94.00%	81.51%	79.28%	79.48%	74.83%	51.2s
#epoch[196]:	9.9e-04	0.14513	93.71%	81.61%	79.67%	79.48%	74.83%	51.5s
#epoch[197]:	9.8e-04	0.14386	94.00%	81.51%	80.25%	79.57%	75.51%	51.2s
#epoch[198]:	9.7e-04	0.14325	93.90%	81.22%	79.28%	79.38%	74.73%	51.4s
#epoch[199]:	9.6e-04	0.14424	94.39%	81.80%	80.45%	80.15%	75.80%	51.7s	*
#epoch[200]:	9.5e-04	0.14340	94.00%	81.80%	78.99%	79.57%	74.64%	51.7s
#epoch[201]:	9.4e-04	0.14287	94.00%	81.41%	79.57%	79.48%	75.02%	50.9s
#epoch[202]:	9.3e-04	0.14260	93.80%	81.70%	79.77%	79.48%	75.22%	60.8s
#epoch[203]:	9.2e-04	0.14182	94.00%	81.90%	79.48%	79.86%	75.12%	51.3s
#epoch[204]:	9.0e-04	0.14140	93.90%	81.70%	79.77%	79.57%	75.41%	51.2s
#epoch[205]:	8.9e-04	0.14135	93.90%	81.80%	80.06%	79.77%	75.51%	59.4s
#epoch[206]:	8.7e-04	0.14126	94.19%	81.80%	79.67%	79.67%	75.02%	50.9s
#epoch[207]:	8.6e-04	0.14097	94.29%	81.51%	79.77%	79.48%	75.12%	50.8s
#epoch[208]:	8.4e-04	0.14067	94.00%	81.70%	79.38%	79.77%	75.02%	51.3s
#epoch[209]:	8.2e-04	0.13989	94.29%	81.32%	80.06%	79.48%	75.51%	51.0s
#epoch[210]:	8.0e-04	0.13959	94.09%	81.61%	79.96%	79.48%	75.41%	51.4s
#epoch[211]:	7.8e-04	0.13906	94.00%	81.51%	79.77%	79.38%	75.12%	51.4s
#epoch[212]:	7.6e-04	0.13914	94.00%	81.41%	80.06%	79.38%	75.31%	51.0s
#epoch[213]:	7.4e-04	0.13886	93.80%	81.61%	80.15%	79.48%	75.02%	54.5s
#epoch[214]:	7.2e-04	0.13850	94.29%	81.03%	79.67%	79.09%	74.93%	58.6s
#epoch[215]:	6.9e-04	0.13803	94.19%	81.99%	79.67%	79.96%	75.41%	51.6s
#epoch[216]:	6.7e-04	0.13841	94.09%	81.41%	79.67%	79.48%	75.22%	51.1s
#epoch[217]:	6.5e-04	0.13757	93.90%	81.70%	79.28%	79.57%	74.73%	51.6s
#epoch[218]:	6.3e-04	0.13752	94.29%	81.70%	79.77%	79.77%	75.22%	51.3s
#epoch[219]:	6.0e-04	0.13748	94.29%	81.80%	80.15%	79.96%	75.61%	51.1s
#epoch[220]:	5.8e-04	0.13727	94.29%	82.19%	80.06%	80.25%	75.61%	50.9s
#epoch[221]:	5.5e-04	0.13683	94.39%	81.51%	80.06%	79.67%	75.31%	51.3s
#epoch[222]:	5.3e-04	0.13659	94.29%	81.80%	79.67%	79.96%	75.22%	60.9s
#epoch[223]:	5.1e-04	0.13617	94.09%	81.51%	79.96%	79.38%	74.93%	63.3s
#epoch[224]:	4.8e-04	0.13624	94.19%	81.80%	79.96%	79.67%	75.61%	56.2s
#epoch[225]:	4.6e-04	0.13585	94.19%	81.90%	79.96%	79.86%	75.22%	56.7s
#epoch[226]:	4.3e-04	0.13580	94.09%	82.09%	80.15%	79.96%	75.61%	56.6s
#epoch[227]:	4.1e-04	0.13566	94.29%	81.99%	79.77%	79.96%	75.12%	60.6s
#epoch[228]:	3.8e-04	0.13548	94.09%	82.19%	79.96%	80.06%	75.31%	54.9s
#epoch[229]:	3.6e-04	0.13545	94.09%	81.90%	80.06%	79.77%	75.22%	51.3s
#epoch[230]:	3.4e-04	0.13542	94.00%	81.80%	79.96%	79.57%	75.12%	51.3s
#epoch[231]:	3.2e-04	0.13500	94.19%	81.80%	79.77%	79.86%	75.41%	51.2s
#epoch[232]:	2.9e-04	0.13503	94.19%	82.48%	80.45%	80.54%	76.19%	52.5s	*
#epoch[233]:	2.7e-04	0.13501	94.48%	81.99%	79.77%	80.35%	75.31%	53.1s
#epoch[234]:	2.5e-04	0.13495	94.29%	82.09%	80.15%	80.06%	75.80%	62.3s
#epoch[235]:	2.3e-04	0.13463	94.39%	81.90%	80.35%	79.96%	75.80%	51.4s
#epoch[236]:	2.1e-04	0.13480	94.29%	82.09%	79.96%	79.96%	75.61%	54.5s
#epoch[237]:	1.9e-04	0.13465	94.09%	82.28%	79.86%	80.25%	75.51%	55.1s
#epoch[238]:	1.7e-04	0.13454	94.39%	82.28%	79.96%	80.35%	75.90%	51.1s
#epoch[239]:	1.5e-04	0.13441	94.39%	81.80%	80.06%	79.96%	75.41%	51.5s
#epoch[240]:	1.4e-04	0.13427	94.09%	81.90%	79.67%	79.77%	75.12%	51.2s
#epoch[241]:	1.2e-04	0.13447	94.09%	81.90%	80.06%	79.77%	75.51%	51.0s
#epoch[242]:	1.1e-04	0.13444	94.39%	81.90%	79.67%	80.06%	75.31%	58.6s
#epoch[243]:	9.3e-05	0.13420	94.29%	81.80%	79.86%	79.86%	75.51%	51.4s
#epoch[244]:	8.0e-05	0.13419	94.39%	82.09%	79.86%	80.25%	75.80%	51.5s
#epoch[245]:	6.8e-05	0.13415	94.39%	81.99%	79.86%	80.15%	75.61%	50.9s
#epoch[246]:	5.8e-05	0.13426	94.39%	82.19%	80.25%	80.35%	76.19%	50.7s
#epoch[247]:	4.8e-05	0.13398	94.29%	81.99%	80.06%	80.06%	75.61%	51.3s
#epoch[248]:	3.9e-05	0.13411	94.19%	82.09%	79.86%	80.06%	75.61%	61.0s
#epoch[249]:	3.1e-05	0.13431	94.19%	81.99%	79.96%	79.96%	75.61%	61.8s
#epoch[250]:	2.5e-05	0.13396	94.29%	81.99%	80.06%	80.06%	75.70%	61.0s
#epoch[251]:	2.0e-05	0.13416	94.29%	82.19%	79.96%	80.25%	75.90%	51.4s
#epoch[252]:	1.5e-05	0.13401	94.39%	82.09%	79.86%	80.25%	75.90%	51.8s
#epoch[253]:	1.2e-05	0.13387	94.39%	81.99%	79.96%	80.15%	75.80%	54.7s
#epoch[254]:	1.1e-05	0.13444	94.39%	81.99%	79.96%	80.15%	75.80%	61.3s
#epoch[255]:	1.0e-05	0.13427	94.39%	82.09%	79.96%	80.25%	75.90%	68.3s
#epoch[256]:	1.0e-03	0.13403	94.00%	81.99%	80.15%	79.77%	75.61%	59.2s
#epoch[257]:	1.0e-03	0.13450	93.80%	81.80%	79.96%	79.48%	75.22%	51.9s
#epoch[258]:	9.9e-04	0.13365	93.90%	81.80%	79.67%	79.38%	74.93%	51.0s
#epoch[259]:	9.9e-04	0.13412	94.09%	81.51%	79.86%	79.48%	75.22%	51.3s
#epoch[260]:	9.9e-04	0.13359	93.90%	81.99%	79.86%	79.86%	75.51%	51.5s
#epoch[261]:	9.8e-04	0.13280	94.19%	82.09%	80.06%	80.06%	75.51%	51.7s
#epoch[262]:	9.7e-04	0.13344	94.09%	82.28%	79.86%	80.06%	75.80%	51.6s
#epoch[263]:	9.6e-04	0.13283	94.48%	82.09%	79.57%	79.86%	75.12%	61.6s
#epoch[264]:	9.5e-04	0.13289	94.09%	81.32%	79.96%	79.19%	75.22%	51.9s
#epoch[265]:	9.4e-04	0.13190	94.29%	81.70%	79.67%	79.67%	74.93%	51.6s
#epoch[266]:	9.3e-04	0.13158	94.19%	82.09%	80.06%	79.67%	75.22%	51.1s
#epoch[267]:	9.2e-04	0.13121	94.19%	81.99%	80.06%	79.77%	75.51%	51.6s
#epoch[268]:	9.0e-04	0.13158	94.29%	81.99%	79.48%	79.96%	75.61%	50.8s
#epoch[269]:	8.9e-04	0.13087	94.58%	81.51%	80.06%	79.57%	75.41%	51.0s
#epoch[270]:	8.7e-04	0.13069	94.19%	82.09%	80.25%	79.96%	75.80%	53.0s
#epoch[271]:	8.6e-04	0.13054	94.39%	81.90%	79.38%	79.96%	75.51%	60.7s
#epoch[272]:	8.4e-04	0.13019	94.29%	81.90%	79.77%	79.77%	75.31%	51.4s
#epoch[273]:	8.2e-04	0.13012	94.09%	82.58%	79.86%	80.35%	75.70%	50.9s
#epoch[274]:	8.0e-04	0.12962	94.29%	81.99%	80.06%	79.86%	75.61%	58.8s
#epoch[275]:	7.8e-04	0.12941	94.19%	81.99%	79.86%	79.96%	75.41%	53.4s
#epoch[276]:	7.6e-04	0.12923	94.19%	81.61%	79.57%	79.57%	74.93%	59.4s
#epoch[277]:	7.4e-04	0.12914	94.09%	82.09%	79.86%	80.06%	75.61%	51.6s
#epoch[278]:	7.2e-04	0.12878	93.71%	82.19%	80.15%	79.86%	75.61%	51.7s
#epoch[279]:	6.9e-04	0.12892	94.19%	81.99%	80.25%	79.96%	75.61%	51.6s
#epoch[280]:	6.7e-04	0.12872	94.19%	82.19%	80.35%	80.25%	76.28%	51.2s	*
#epoch[281]:	6.5e-04	0.12819	94.19%	81.61%	80.25%	79.57%	75.80%	62.9s
#epoch[282]:	6.3e-04	0.12823	94.19%	81.90%	79.96%	79.86%	75.31%	60.2s
#epoch[283]:	6.0e-04	0.12807	94.19%	82.28%	79.86%	80.15%	75.61%	51.7s
#epoch[284]:	5.8e-04	0.12791	94.39%	82.28%	80.25%	80.45%	75.99%	56.2s
#epoch[285]:	5.5e-04	0.12759	94.29%	81.70%	80.25%	79.67%	75.70%	51.4s
#epoch[286]:	5.3e-04	0.12775	94.19%	82.28%	80.15%	80.06%	75.80%	51.5s
#epoch[287]:	5.1e-04	0.12740	94.48%	81.99%	80.35%	80.06%	75.80%	54.6s
#epoch[288]:	4.8e-04	0.12728	94.58%	82.19%	80.15%	80.35%	75.90%	59.0s
#epoch[289]:	4.6e-04	0.12721	94.29%	82.28%	79.86%	80.35%	75.70%	51.5s
#epoch[290]:	4.3e-04	0.12696	94.19%	81.80%	80.54%	79.67%	75.61%	55.9s
#epoch[291]:	4.1e-04	0.12661	94.09%	81.90%	80.06%	79.96%	75.61%	61.1s
#epoch[292]:	3.8e-04	0.12665	94.19%	82.19%	80.25%	80.06%	75.51%	62.6s
#epoch[293]:	3.6e-04	0.12670	94.39%	82.09%	80.54%	80.06%	75.90%	59.5s
#epoch[294]:	3.4e-04	0.12656	94.48%	81.80%	79.86%	79.96%	75.70%	51.3s
#epoch[295]:	3.2e-04	0.12649	94.29%	82.28%	79.96%	80.25%	75.80%	51.1s
#epoch[296]:	2.9e-04	0.12656	94.09%	82.28%	79.96%	80.35%	75.61%	50.3s
#epoch[297]:	2.7e-04	0.12623	94.39%	82.19%	80.25%	80.35%	75.90%	51.1s
#epoch[298]:	2.5e-04	0.12621	94.19%	82.09%	80.74%	80.06%	76.19%	50.2s
#epoch[299]:	2.3e-04	0.12607	94.19%	82.28%	80.25%	80.15%	75.80%	50.9s
#epoch[300]:	2.1e-04	0.12594	94.29%	81.99%	79.96%	80.15%	75.70%	50.5s
#epoch[301]:	1.9e-04	0.12604	94.29%	82.28%	80.45%	80.25%	75.99%	51.0s
#epoch[302]:	1.7e-04	0.12599	94.19%	82.38%	80.25%	80.45%	75.70%	50.9s
#epoch[303]:	1.5e-04	0.12587	94.29%	81.99%	80.15%	80.15%	75.99%	50.9s
#epoch[304]:	1.4e-04	0.12587	94.39%	82.28%	80.35%	80.54%	76.19%	50.7s
#epoch[305]:	1.2e-04	0.12558	94.39%	82.09%	80.64%	80.15%	76.19%	50.8s
#epoch[306]:	1.1e-04	0.12583	94.29%	82.09%	80.35%	80.06%	75.80%	50.1s
#epoch[307]:	9.3e-05	0.12572	94.29%	81.99%	80.54%	79.96%	76.09%	56.0s
#epoch[308]:	8.0e-05	0.12612	94.39%	81.80%	80.45%	79.96%	76.19%	50.5s
#epoch[309]:	6.8e-05	0.12559	94.39%	82.38%	80.45%	80.45%	76.28%	50.8s
#epoch[310]:	5.8e-05	0.12565	94.39%	82.09%	80.54%	80.25%	76.28%	50.3s
#epoch[311]:	4.8e-05	0.12573	94.39%	82.09%	80.25%	80.25%	75.99%	50.5s
#epoch[312]:	3.9e-05	0.12531	94.39%	81.99%	80.25%	80.15%	75.90%	51.1s
#epoch[313]:	3.1e-05	0.12576	94.19%	81.99%	80.35%	80.06%	75.90%	50.5s
#epoch[314]:	2.5e-05	0.12548	94.29%	81.90%	80.45%	80.06%	76.19%	50.3s
#epoch[315]:	2.0e-05	0.12567	94.29%	82.19%	80.45%	80.25%	76.19%	51.1s
#epoch[316]:	1.5e-05	0.12557	94.39%	82.28%	80.25%	80.45%	76.19%	50.7s
#epoch[317]:	1.2e-05	0.12556	94.39%	82.09%	80.35%	80.25%	76.09%	50.6s
#epoch[318]:	1.1e-05	0.12573	94.29%	82.09%	80.25%	80.15%	75.90%	50.6s
#epoch[319]:	1.0e-05	0.12551	94.29%	82.09%	80.45%	80.25%	76.09%	50.7s
#done!!!  2020-12-14  14:40:53
