#start!!!  2020-12-16  21:41:05
#cuda devices: 1
#loading data ...
#building model ...
#model: TransNet2_out4(depth=6, width=512)
#training model ...
#epoch[1]:	1.0e-05	6.43320	82.58%	16.65%	11.33%	15.88%	5.52%	0.00%	51.1s
#epoch[2]:	5.1e-04	5.60165	81.41%	17.33%	13.94%	16.46%	6.68%	0.00%	51.4s
#epoch[3]:	1.0e-05	5.23054	82.87%	19.46%	16.36%	18.30%	9.10%	0.00%	51.1s
#epoch[4]:	8.6e-04	5.18922	82.67%	18.59%	15.30%	17.81%	9.78%	0.00%	51.1s
#epoch[5]:	5.1e-04	4.91837	83.54%	23.33%	18.01%	20.91%	11.42%	0.00%	51.1s
#epoch[6]:	1.6e-04	4.72129	84.70%	25.65%	22.27%	24.49%	14.71%	0.00%	51.3s
#epoch[7]:	1.0e-05	4.59879	84.51%	27.01%	21.59%	25.36%	15.59%	0.00%	50.9s
#epoch[8]:	9.6e-04	4.70754	83.64%	25.46%	19.94%	23.23%	12.49%	0.00%	50.6s
#epoch[9]:	8.6e-04	4.50370	83.64%	29.24%	21.49%	27.01%	15.97%	0.00%	50.9s
#epoch[10]:	6.9e-04	4.33718	84.80%	30.49%	26.52%	29.04%	18.88%	0.00%	51.2s
#epoch[11]:	5.1e-04	4.19498	84.80%	34.85%	30.69%	32.53%	22.75%	0.00%	51.0s
#epoch[12]:	3.2e-04	4.00585	86.54%	38.04%	32.33%	36.01%	25.56%	0.00%	50.5s
#epoch[13]:	1.6e-04	3.87853	85.96%	37.95%	34.08%	36.11%	25.65%	0.00%	50.8s
#epoch[14]:	4.8e-05	3.81441	86.64%	39.88%	36.59%	38.04%	28.36%	0.00%	50.9s
#epoch[15]:	1.0e-05	3.76217	86.74%	40.46%	36.79%	39.01%	29.14%	0.00%	51.0s
#epoch[16]:	9.9e-04	4.00931	84.12%	35.82%	30.11%	33.49%	23.72%	0.00%	50.8s
#epoch[17]:	9.6e-04	3.81693	83.74%	37.17%	34.66%	34.27%	24.59%	0.00%	51.2s
#epoch[18]:	9.2e-04	3.63638	85.77%	44.14%	42.01%	41.72%	31.75%	0.00%	51.3s
#epoch[19]:	8.6e-04	3.40157	86.45%	45.98%	42.50%	43.47%	32.43%	0.00%	51.8s
#epoch[20]:	7.8e-04	3.21074	85.96%	49.76%	45.69%	46.27%	36.11%	0.00%	50.8s
#epoch[21]:	6.9e-04	3.04258	86.54%	51.50%	51.21%	48.40%	40.46%	0.00%	55.2s
#epoch[22]:	6.0e-04	2.87492	87.61%	55.95%	53.24%	51.89%	42.88%	0.00%	51.5s
#epoch[23]:	5.1e-04	2.77031	89.16%	59.24%	58.28%	55.95%	48.40%	0.00%	51.2s
#epoch[24]:	4.1e-04	2.58545	88.87%	58.76%	58.66%	55.37%	48.21%	0.00%	50.2s
#epoch[25]:	3.2e-04	2.47713	88.96%	60.70%	60.02%	57.79%	50.73%	0.00%	51.4s
#epoch[26]:	2.3e-04	2.39496	89.16%	63.12%	62.83%	60.41%	53.53%	0.00%	52.6s
#epoch[27]:	1.6e-04	2.31650	88.87%	64.86%	63.41%	61.57%	54.21%	0.00%	59.2s
#epoch[28]:	9.3e-05	2.25741	89.93%	65.34%	63.50%	62.63%	55.66%	0.00%	57.2s
#epoch[29]:	4.8e-05	2.17947	90.13%	65.34%	64.57%	62.73%	56.05%	0.00%	61.7s
#epoch[30]:	2.0e-05	2.21674	90.22%	65.63%	64.76%	63.02%	56.34%	0.00%	64.0s
#epoch[31]:	1.0e-05	2.18213	90.22%	65.73%	64.76%	63.02%	55.66%	0.00%	50.9s
#epoch[32]:	1.0e-03	2.49708	87.32%	58.18%	56.44%	54.02%	47.14%	0.00%	50.9s
#epoch[33]:	9.9e-04	2.33616	87.61%	62.83%	60.89%	58.47%	51.31%	0.00%	57.0s
#epoch[34]:	9.8e-04	2.20184	89.06%	66.60%	63.89%	63.21%	56.05%	0.00%	58.0s
#epoch[35]:	9.6e-04	2.02596	89.25%	65.92%	62.73%	63.21%	54.60%	0.00%	51.2s
#epoch[36]:	9.4e-04	1.83224	90.03%	65.73%	65.15%	63.31%	57.41%	0.00%	51.0s
#epoch[37]:	9.2e-04	1.70220	90.42%	67.09%	65.34%	64.57%	57.89%	0.00%	50.9s
#epoch[38]:	8.9e-04	1.58513	87.80%	68.93%	67.38%	64.67%	57.99%	0.00%	58.7s
#epoch[39]:	8.6e-04	1.46346	92.06%	71.15%	69.41%	69.02%	62.54%	0.00%	50.7s
#epoch[40]:	8.2e-04	1.38275	90.03%	72.31%	70.28%	69.31%	62.05%	0.00%	51.1s
#epoch[41]:	7.8e-04	1.26991	91.38%	71.54%	70.28%	69.22%	63.70%	0.00%	59.8s
#epoch[42]:	7.4e-04	1.18663	92.06%	72.99%	71.35%	70.57%	64.38%	0.00%	57.8s
#epoch[43]:	6.9e-04	1.06236	92.06%	73.57%	72.02%	71.64%	65.73%	0.00%	56.8s
#epoch[44]:	6.5e-04	0.98777	92.26%	72.99%	71.93%	71.15%	65.44%	0.10%	61.9s	*
#epoch[45]:	6.0e-04	0.91846	92.74%	75.61%	74.44%	73.77%	68.25%	0.00%	55.7s
#epoch[46]:	5.5e-04	0.86426	93.22%	75.41%	74.06%	73.77%	68.05%	0.00%	52.4s
#epoch[47]:	5.1e-04	0.80800	92.45%	74.83%	72.70%	72.51%	66.99%	0.00%	51.1s
#epoch[48]:	4.6e-04	0.75355	92.64%	75.51%	73.86%	73.77%	67.96%	0.00%	51.0s
#epoch[49]:	4.1e-04	0.71335	92.64%	76.86%	74.64%	74.93%	69.70%	0.00%	58.4s
#epoch[50]:	3.6e-04	0.67551	93.13%	76.48%	74.83%	74.44%	69.41%	0.00%	52.6s
#epoch[51]:	3.2e-04	0.65378	93.03%	75.90%	74.93%	74.25%	69.51%	0.00%	75.8s
#epoch[52]:	2.7e-04	0.61002	93.32%	77.25%	75.99%	75.51%	71.15%	0.00%	53.2s
#epoch[53]:	2.3e-04	0.60013	93.13%	76.19%	75.51%	74.64%	69.80%	0.00%	53.5s
#epoch[54]:	1.9e-04	0.58428	93.32%	76.48%	76.09%	75.02%	70.76%	0.00%	52.0s
#epoch[55]:	1.6e-04	0.55568	93.32%	76.57%	75.51%	75.22%	69.89%	0.00%	62.3s
#epoch[56]:	1.2e-04	0.54813	93.42%	76.67%	75.80%	75.12%	70.38%	0.00%	59.5s
#epoch[57]:	9.3e-05	0.54925	93.22%	77.25%	75.80%	75.41%	70.38%	0.00%	59.5s
#epoch[58]:	6.8e-05	0.53556	93.22%	77.15%	75.80%	75.61%	70.67%	0.00%	60.9s
#epoch[59]:	4.8e-05	0.53465	93.13%	77.15%	75.90%	75.51%	70.86%	0.00%	61.2s
#epoch[60]:	3.1e-05	0.53227	93.03%	77.06%	75.70%	75.41%	70.67%	0.00%	63.3s
#epoch[61]:	2.0e-05	0.53004	93.22%	76.67%	75.61%	75.12%	70.28%	0.00%	53.8s
#epoch[62]:	1.2e-05	0.51868	93.32%	76.86%	75.70%	75.41%	70.47%	0.00%	52.1s
#epoch[63]:	1.0e-05	0.51798	93.22%	76.86%	75.80%	75.41%	70.67%	0.00%	51.4s
#epoch[64]:	1.0e-03	0.66854	93.42%	75.51%	73.77%	73.77%	68.64%	0.00%	53.9s
#epoch[65]:	1.0e-03	0.62409	91.97%	75.51%	75.31%	72.89%	67.96%	0.00%	51.6s
#epoch[66]:	9.9e-04	0.56046	92.74%	74.83%	72.70%	72.60%	66.70%	0.00%	51.3s
#epoch[67]:	9.9e-04	0.51074	92.74%	76.09%	74.35%	73.86%	68.34%	0.00%	51.6s
#epoch[68]:	9.9e-04	0.46237	92.74%	75.41%	75.70%	73.77%	69.22%	0.00%	51.4s
#epoch[69]:	9.8e-04	0.42044	92.45%	76.38%	74.44%	74.25%	69.12%	0.00%	52.7s
#epoch[70]:	9.7e-04	0.38778	92.16%	77.06%	75.31%	74.54%	69.80%	0.00%	50.0s
#epoch[71]:	9.6e-04	0.34827	93.13%	77.44%	75.51%	75.61%	70.67%	0.00%	59.7s
#epoch[72]:	9.5e-04	0.32322	93.22%	77.15%	76.28%	75.51%	70.76%	0.00%	63.7s
#epoch[73]:	9.4e-04	0.31306	92.93%	77.15%	75.51%	75.51%	70.57%	0.00%	51.8s
#epoch[74]:	9.3e-04	0.28587	93.03%	77.54%	75.90%	75.99%	71.06%	0.00%	53.9s
#epoch[75]:	9.2e-04	0.27008	93.42%	77.83%	76.57%	76.09%	71.93%	0.00%	65.0s
#epoch[76]:	9.0e-04	0.25236	92.64%	76.86%	76.19%	74.73%	70.47%	0.00%	59.8s
#epoch[77]:	8.9e-04	0.24423	93.13%	77.44%	76.09%	75.41%	70.96%	0.00%	55.3s
#epoch[78]:	8.7e-04	0.23206	93.32%	77.64%	75.90%	76.19%	71.54%	0.00%	52.9s
#epoch[79]:	8.6e-04	0.22842	93.32%	77.73%	76.48%	75.99%	71.44%	0.00%	60.9s
#epoch[80]:	8.4e-04	0.21693	93.13%	77.83%	76.67%	76.19%	71.64%	0.00%	59.9s
#epoch[81]:	8.2e-04	0.21307	93.13%	77.44%	76.48%	75.80%	71.06%	0.00%	60.5s
#epoch[82]:	8.0e-04	0.20675	93.03%	78.22%	76.67%	76.28%	71.83%	0.00%	53.5s
#epoch[83]:	7.8e-04	0.20132	93.03%	78.12%	76.86%	76.28%	72.12%	0.00%	56.6s
#epoch[84]:	7.6e-04	0.19723	93.03%	77.73%	76.86%	75.90%	71.83%	0.00%	53.2s
#epoch[85]:	7.4e-04	0.19316	93.42%	77.54%	76.86%	75.99%	72.02%	0.00%	62.5s
#epoch[86]:	7.2e-04	0.19049	93.42%	78.51%	76.96%	76.86%	72.12%	0.00%	59.3s
#epoch[87]:	6.9e-04	0.18805	93.42%	78.32%	76.96%	76.86%	72.22%	0.00%	53.5s
#epoch[88]:	6.7e-04	0.18621	93.51%	78.22%	76.48%	76.86%	72.22%	0.00%	53.1s
#epoch[89]:	6.5e-04	0.18416	93.42%	77.93%	76.96%	76.57%	72.31%	0.00%	53.0s
#epoch[90]:	6.3e-04	0.18096	93.22%	78.41%	77.35%	76.57%	72.51%	0.00%	53.5s
#epoch[91]:	6.0e-04	0.17840	93.61%	78.90%	77.06%	77.35%	72.80%	0.00%	53.0s
#epoch[92]:	5.8e-04	0.17863	93.51%	78.61%	77.54%	77.06%	72.80%	0.00%	54.5s
#epoch[93]:	5.5e-04	0.17555	93.61%	78.61%	77.44%	77.06%	72.70%	0.00%	53.1s
#epoch[94]:	5.3e-04	0.17442	93.32%	78.80%	77.54%	77.06%	73.09%	0.00%	53.3s
#epoch[95]:	5.1e-04	0.17397	93.71%	78.90%	77.15%	77.54%	72.99%	0.00%	53.0s
#epoch[96]:	4.8e-04	0.17278	93.61%	78.90%	77.06%	77.35%	72.80%	0.00%	58.9s
#epoch[97]:	4.6e-04	0.17140	93.22%	78.32%	77.35%	76.48%	72.22%	0.00%	52.8s
#epoch[98]:	4.3e-04	0.17101	93.42%	78.70%	77.64%	77.06%	72.99%	0.00%	53.0s
#epoch[99]:	4.1e-04	0.17120	93.42%	78.51%	77.25%	76.77%	72.51%	0.00%	52.6s
#epoch[100]:	3.8e-04	0.17010	93.51%	78.61%	77.54%	76.77%	72.80%	0.00%	59.1s
#epoch[101]:	3.6e-04	0.17002	93.42%	78.80%	77.44%	77.25%	72.99%	0.00%	55.5s
#epoch[102]:	3.4e-04	0.16780	93.32%	78.41%	77.25%	76.67%	72.41%	0.00%	61.6s
#epoch[103]:	3.2e-04	0.16733	93.51%	78.51%	77.93%	76.86%	72.80%	0.00%	53.8s
#epoch[104]:	2.9e-04	0.16690	93.42%	79.09%	78.12%	77.44%	73.18%	0.00%	53.8s
#epoch[105]:	2.7e-04	0.16724	93.42%	78.70%	78.32%	76.96%	72.89%	0.00%	53.1s
#epoch[106]:	2.5e-04	0.16673	93.51%	78.80%	78.03%	77.35%	73.38%	0.00%	54.0s
#epoch[107]:	2.3e-04	0.16559	93.42%	78.61%	77.64%	76.96%	72.99%	0.00%	52.0s
#epoch[108]:	2.1e-04	0.16551	93.32%	78.80%	77.64%	77.06%	72.89%	0.00%	51.0s
#epoch[109]:	1.9e-04	0.16539	93.32%	78.70%	77.73%	76.96%	72.99%	0.00%	50.8s
#epoch[110]:	1.7e-04	0.16458	93.51%	78.80%	77.64%	77.15%	73.09%	0.00%	54.8s
#epoch[111]:	1.5e-04	0.16555	93.42%	78.70%	77.54%	76.96%	72.89%	0.00%	51.2s
#epoch[112]:	1.4e-04	0.16490	93.51%	79.09%	77.54%	77.54%	73.28%	0.00%	51.5s
#epoch[113]:	1.2e-04	0.16497	93.42%	78.90%	77.44%	77.15%	72.89%	0.00%	51.5s
#epoch[114]:	1.1e-04	0.16416	93.51%	78.99%	77.83%	77.35%	73.18%	0.00%	60.8s
#epoch[115]:	9.3e-05	0.16443	93.51%	79.09%	77.44%	77.44%	73.18%	0.00%	51.4s
#epoch[116]:	8.0e-05	0.16382	93.51%	78.80%	77.35%	77.15%	72.80%	0.00%	52.0s
#epoch[117]:	6.8e-05	0.16389	93.51%	78.99%	77.54%	77.35%	73.18%	0.00%	51.7s
#epoch[118]:	5.8e-05	0.16440	93.32%	78.70%	77.64%	76.86%	72.70%	0.00%	51.5s
#epoch[119]:	4.8e-05	0.16388	93.42%	78.80%	77.93%	77.06%	73.09%	0.00%	50.9s
#epoch[120]:	3.9e-05	0.16436	93.51%	78.90%	77.73%	77.25%	73.18%	0.00%	50.4s
#epoch[121]:	3.1e-05	0.16452	93.51%	78.80%	77.64%	77.15%	73.09%	0.00%	50.7s
#epoch[122]:	2.5e-05	0.16295	93.42%	78.90%	77.83%	77.15%	73.28%	0.00%	50.8s
#epoch[123]:	2.0e-05	0.16350	93.51%	78.80%	77.73%	77.15%	73.09%	0.00%	51.6s
#epoch[124]:	1.5e-05	0.16398	93.42%	78.80%	77.83%	77.06%	73.09%	0.00%	51.3s
#epoch[125]:	1.2e-05	0.16515	93.42%	78.90%	77.64%	77.15%	73.09%	0.00%	51.2s
#epoch[126]:	1.1e-05	0.16353	93.42%	78.80%	77.83%	77.06%	73.09%	0.00%	51.9s
#epoch[127]:	1.0e-05	0.16405	93.42%	78.70%	77.73%	76.96%	72.89%	0.00%	51.7s
#epoch[128]:	1.0e-03	0.16498	93.51%	78.41%	77.44%	76.67%	72.70%	0.00%	51.0s
#epoch[129]:	1.0e-03	0.16401	93.61%	78.41%	77.44%	76.96%	72.22%	0.00%	51.4s
#epoch[130]:	9.9e-04	0.16422	93.32%	78.51%	76.96%	76.67%	72.41%	0.00%	51.1s
#epoch[131]:	9.9e-04	0.16214	93.32%	78.80%	77.35%	77.15%	72.41%	0.00%	51.2s
#epoch[132]:	9.9e-04	0.16279	93.03%	78.32%	77.73%	76.38%	72.51%	0.00%	58.1s
#epoch[133]:	9.8e-04	0.16167	93.32%	79.19%	77.54%	77.44%	72.70%	0.00%	64.0s
#epoch[134]:	9.7e-04	0.16027	93.51%	78.90%	77.15%	77.15%	72.70%	0.00%	55.7s
#epoch[135]:	9.6e-04	0.16032	93.42%	78.41%	77.73%	76.67%	72.41%	0.00%	52.7s
#epoch[136]:	9.5e-04	0.15868	93.32%	78.70%	77.64%	77.06%	72.70%	0.00%	53.0s
#epoch[137]:	9.4e-04	0.15751	93.13%	79.19%	77.44%	77.15%	72.60%	0.00%	56.7s
#epoch[138]:	9.3e-04	0.15641	93.22%	78.70%	78.03%	76.77%	72.70%	0.00%	51.2s
#epoch[139]:	9.2e-04	0.15679	93.22%	79.28%	77.73%	77.25%	73.09%	0.00%	52.0s
#epoch[140]:	9.0e-04	0.15626	93.51%	78.61%	77.83%	76.96%	72.60%	0.00%	51.0s
#epoch[141]:	8.9e-04	0.15545	93.13%	78.80%	77.25%	76.96%	72.70%	0.00%	51.5s
#epoch[142]:	8.7e-04	0.15481	93.42%	78.99%	77.54%	77.35%	72.80%	0.00%	51.6s
#epoch[143]:	8.6e-04	0.15340	93.61%	78.90%	78.12%	77.25%	73.09%	0.00%	51.7s
#epoch[144]:	8.4e-04	0.15300	93.22%	79.09%	77.83%	77.25%	73.09%	0.00%	51.5s
#epoch[145]:	8.2e-04	0.15325	93.22%	78.99%	78.12%	77.15%	73.09%	0.00%	51.0s
#epoch[146]:	8.0e-04	0.15285	93.13%	78.03%	77.54%	76.28%	72.12%	0.00%	62.3s
#epoch[147]:	7.8e-04	0.15175	93.42%	79.09%	77.54%	77.35%	72.70%	0.00%	51.5s
#epoch[148]:	7.6e-04	0.15204	93.42%	78.80%	77.44%	77.15%	72.60%	0.00%	51.3s
#epoch[149]:	7.4e-04	0.15134	93.32%	78.70%	77.54%	76.86%	72.41%	0.00%	51.5s
#epoch[150]:	7.2e-04	0.15092	93.61%	79.09%	77.83%	77.54%	72.89%	0.00%	51.4s
#epoch[151]:	6.9e-04	0.15062	93.51%	79.19%	78.32%	77.44%	73.09%	0.00%	51.7s
#epoch[152]:	6.7e-04	0.15047	93.61%	78.80%	78.12%	77.06%	72.89%	0.00%	57.2s
#epoch[153]:	6.5e-04	0.14988	93.42%	79.19%	77.73%	77.54%	73.09%	0.00%	51.4s
#epoch[154]:	6.3e-04	0.15005	93.22%	79.09%	78.03%	77.25%	72.89%	0.00%	51.6s
#epoch[155]:	6.0e-04	0.14903	93.42%	79.09%	77.93%	77.35%	73.18%	0.00%	51.6s
#epoch[156]:	5.8e-04	0.14898	93.51%	78.99%	77.93%	77.44%	72.89%	0.00%	51.2s
#epoch[157]:	5.5e-04	0.14879	93.42%	79.57%	77.54%	77.83%	73.09%	0.00%	51.7s
#epoch[158]:	5.3e-04	0.14868	93.71%	79.19%	77.54%	77.64%	73.09%	0.00%	51.0s
#epoch[159]:	5.1e-04	0.14808	93.32%	79.38%	78.12%	77.44%	72.99%	0.00%	50.9s
#epoch[160]:	4.8e-04	0.14768	93.32%	79.38%	77.83%	77.44%	72.80%	0.00%	51.1s
#epoch[161]:	4.6e-04	0.14791	93.32%	79.48%	78.12%	77.54%	73.09%	0.00%	52.0s
#epoch[162]:	4.3e-04	0.14780	93.32%	79.57%	78.03%	77.64%	73.09%	0.00%	51.1s
#epoch[163]:	4.1e-04	0.14775	93.42%	79.57%	78.03%	77.73%	73.09%	0.00%	51.3s
#epoch[164]:	3.8e-04	0.14740	93.42%	79.38%	77.93%	77.64%	73.09%	0.00%	51.7s
#epoch[165]:	3.6e-04	0.14695	93.42%	79.19%	77.73%	77.35%	73.09%	0.00%	51.5s
#epoch[166]:	3.4e-04	0.14691	93.51%	79.28%	78.12%	77.44%	72.99%	0.00%	51.3s
#epoch[167]:	3.2e-04	0.14666	93.42%	79.48%	78.51%	77.64%	73.48%	0.00%	51.5s
#epoch[168]:	2.9e-04	0.14680	93.32%	79.48%	78.03%	77.54%	73.28%	0.00%	50.8s
#epoch[169]:	2.7e-04	0.14621	93.42%	79.38%	78.03%	77.64%	73.28%	0.00%	51.6s
#epoch[170]:	2.5e-04	0.14645	93.32%	79.57%	78.03%	77.73%	73.18%	0.00%	51.2s
#epoch[171]:	2.3e-04	0.14637	93.42%	79.57%	78.22%	77.93%	73.57%	0.00%	51.3s
#epoch[172]:	2.1e-04	0.14652	93.42%	79.67%	78.22%	77.73%	73.28%	0.00%	51.3s
#epoch[173]:	1.9e-04	0.14632	93.32%	79.38%	78.41%	77.64%	73.28%	0.00%	51.1s
#epoch[174]:	1.7e-04	0.14613	93.32%	79.57%	78.41%	77.64%	73.38%	0.00%	51.5s
#epoch[175]:	1.5e-04	0.14590	93.32%	79.67%	78.41%	77.73%	73.38%	0.00%	51.4s
#epoch[176]:	1.4e-04	0.14614	93.32%	79.57%	78.32%	77.64%	73.18%	0.00%	51.4s
#epoch[177]:	1.2e-04	0.14567	93.32%	79.28%	78.32%	77.54%	73.09%	0.00%	50.8s
#epoch[178]:	1.1e-04	0.14559	93.32%	79.38%	78.41%	77.54%	73.18%	0.00%	51.6s
#epoch[179]:	9.3e-05	0.14545	93.42%	79.19%	78.41%	77.44%	73.09%	0.00%	51.3s
#epoch[180]:	8.0e-05	0.14587	93.32%	79.28%	78.22%	77.54%	73.28%	0.00%	51.0s
#epoch[181]:	6.8e-05	0.14521	93.32%	79.28%	78.22%	77.44%	73.18%	0.00%	51.6s
#epoch[182]:	5.8e-05	0.14560	93.32%	79.28%	78.32%	77.35%	73.18%	0.00%	50.7s
#epoch[183]:	4.8e-05	0.14553	93.32%	79.28%	78.22%	77.44%	73.18%	0.00%	51.8s
#epoch[184]:	3.9e-05	0.14514	93.42%	79.48%	78.22%	77.64%	73.18%	0.00%	51.3s
#epoch[185]:	3.1e-05	0.14574	93.32%	79.48%	78.22%	77.54%	73.09%	0.00%	51.2s
#epoch[186]:	2.5e-05	0.14539	93.32%	79.38%	78.12%	77.54%	73.09%	0.00%	50.9s
#epoch[187]:	2.0e-05	0.14570	93.32%	79.38%	78.22%	77.54%	73.09%	0.00%	50.9s
#epoch[188]:	1.5e-05	0.14547	93.32%	79.38%	78.22%	77.54%	73.09%	0.00%	51.7s
#epoch[189]:	1.2e-05	0.14573	93.32%	79.28%	78.22%	77.44%	72.99%	0.00%	50.5s
#epoch[190]:	1.1e-05	0.14545	93.32%	79.38%	78.22%	77.54%	73.09%	0.00%	52.0s
#epoch[191]:	1.0e-05	0.14544	93.32%	79.28%	78.22%	77.44%	72.99%	0.00%	51.0s
#epoch[192]:	1.0e-03	0.14629	93.22%	78.90%	78.22%	77.06%	72.89%	0.00%	51.3s
#epoch[193]:	1.0e-03	0.14531	93.32%	78.90%	77.83%	77.15%	72.70%	0.00%	51.0s
#epoch[194]:	9.9e-04	0.14588	93.03%	79.48%	77.93%	77.35%	72.70%	0.00%	51.5s
#epoch[195]:	9.9e-04	0.14682	93.32%	79.28%	78.32%	77.54%	73.38%	0.00%	50.9s
#epoch[196]:	9.9e-04	0.14525	93.42%	79.19%	78.22%	77.25%	72.80%	0.00%	51.4s
#epoch[197]:	9.8e-04	0.14468	93.32%	79.38%	78.51%	77.73%	73.38%	0.00%	51.3s
#epoch[198]:	9.7e-04	0.14383	93.32%	79.28%	78.22%	77.54%	72.99%	0.00%	51.3s
#epoch[199]:	9.6e-04	0.14342	93.32%	79.38%	78.80%	77.54%	73.18%	0.00%	50.8s
#epoch[200]:	9.5e-04	0.14328	93.22%	79.77%	78.70%	77.93%	73.48%	0.00%	51.4s
#epoch[201]:	9.4e-04	0.14319	93.22%	79.48%	78.90%	77.73%	73.86%	0.00%	51.3s
#epoch[202]:	9.3e-04	0.14268	93.22%	79.28%	78.61%	77.54%	73.28%	0.00%	51.0s
#epoch[203]:	9.2e-04	0.14270	93.32%	79.77%	78.41%	77.93%	73.28%	0.00%	51.2s
#epoch[204]:	9.0e-04	0.14224	93.22%	79.28%	78.41%	77.25%	72.80%	0.00%	51.5s
#epoch[205]:	8.9e-04	0.14186	93.22%	80.15%	78.80%	78.12%	73.86%	0.00%	50.6s
#epoch[206]:	8.7e-04	0.14139	93.32%	80.15%	78.41%	78.22%	73.57%	0.00%	51.8s
#epoch[207]:	8.6e-04	0.14110	93.32%	79.38%	78.32%	77.54%	73.38%	0.00%	51.0s
#epoch[208]:	8.4e-04	0.14057	93.13%	79.86%	78.61%	77.83%	73.96%	0.00%	51.6s
#epoch[209]:	8.2e-04	0.14080	93.32%	79.77%	78.70%	77.93%	73.18%	0.00%	51.5s
#epoch[210]:	8.0e-04	0.14036	93.13%	79.19%	78.41%	77.25%	73.38%	0.00%	51.2s
#epoch[211]:	7.8e-04	0.14031	93.42%	79.48%	78.70%	77.54%	73.38%	0.00%	51.1s
#epoch[212]:	7.6e-04	0.13993	93.32%	79.67%	78.41%	77.73%	73.57%	0.00%	51.2s
#epoch[213]:	7.4e-04	0.13971	93.32%	79.57%	78.61%	77.54%	73.38%	0.00%	51.6s
#epoch[214]:	7.2e-04	0.13960	93.42%	79.86%	78.41%	78.22%	73.67%	0.00%	50.9s
#epoch[215]:	6.9e-04	0.13906	93.32%	79.96%	78.51%	78.12%	73.77%	0.00%	51.6s
#epoch[216]:	6.7e-04	0.13889	93.42%	79.67%	78.32%	78.03%	73.67%	0.00%	50.9s
#epoch[217]:	6.5e-04	0.13831	93.13%	79.77%	78.61%	77.73%	73.38%	0.00%	51.4s
#epoch[218]:	6.3e-04	0.13817	93.42%	79.57%	78.80%	77.83%	73.77%	0.00%	51.1s
#epoch[219]:	6.0e-04	0.13802	93.32%	79.57%	78.70%	77.93%	73.77%	0.00%	51.2s
#epoch[220]:	5.8e-04	0.13783	93.22%	79.86%	78.32%	77.93%	73.38%	0.00%	51.6s
#epoch[221]:	5.5e-04	0.13786	93.42%	79.57%	78.61%	77.83%	73.86%	0.00%	50.7s
#epoch[222]:	5.3e-04	0.13750	93.32%	79.96%	78.61%	78.12%	73.77%	0.00%	51.5s
#epoch[223]:	5.1e-04	0.13725	93.32%	79.86%	78.90%	77.93%	73.57%	0.00%	51.3s
#epoch[224]:	4.8e-04	0.13724	93.13%	79.67%	78.80%	77.64%	73.48%	0.00%	51.0s
#epoch[225]:	4.6e-04	0.13701	93.42%	79.86%	78.80%	78.03%	73.57%	0.00%	51.3s
#epoch[226]:	4.3e-04	0.13706	93.32%	80.06%	78.61%	78.12%	73.86%	0.00%	51.2s
#epoch[227]:	4.1e-04	0.13680	93.22%	79.86%	78.80%	77.93%	73.77%	0.00%	51.4s
#epoch[228]:	3.8e-04	0.13658	93.42%	79.96%	78.61%	78.03%	73.57%	0.00%	51.0s
#epoch[229]:	3.6e-04	0.13671	93.42%	79.86%	78.70%	78.03%	73.67%	0.00%	51.2s
#epoch[230]:	3.4e-04	0.13657	93.22%	79.96%	78.99%	78.12%	73.67%	0.00%	51.0s
#epoch[231]:	3.2e-04	0.13643	93.22%	80.06%	78.61%	78.12%	73.86%	0.00%	51.4s
#epoch[232]:	2.9e-04	0.13637	93.32%	79.86%	78.61%	78.03%	73.86%	0.00%	50.9s
#epoch[233]:	2.7e-04	0.13628	93.13%	80.35%	78.90%	78.41%	73.96%	0.00%	50.9s
#epoch[234]:	2.5e-04	0.13612	93.22%	79.77%	78.61%	77.83%	73.67%	0.00%	51.5s
#epoch[235]:	2.3e-04	0.13609	93.13%	79.96%	78.51%	78.03%	73.77%	0.00%	50.6s
#epoch[236]:	2.1e-04	0.13603	93.22%	79.96%	78.61%	78.03%	73.67%	0.00%	51.1s
#epoch[237]:	1.9e-04	0.13586	93.22%	79.77%	78.61%	77.93%	73.77%	0.00%	51.4s
#epoch[238]:	1.7e-04	0.13583	93.22%	80.06%	78.61%	78.22%	73.67%	0.00%	51.3s
#epoch[239]:	1.5e-04	0.13603	93.22%	79.86%	78.70%	78.03%	73.96%	0.00%	51.4s
#epoch[240]:	1.4e-04	0.13599	93.22%	80.06%	78.61%	78.12%	73.77%	0.00%	51.3s
#epoch[241]:	1.2e-04	0.13585	93.32%	79.96%	78.70%	78.22%	73.86%	0.00%	50.8s
#epoch[242]:	1.1e-04	0.13560	93.22%	80.06%	78.61%	78.12%	73.86%	0.00%	51.6s
#epoch[243]:	9.3e-05	0.13555	93.22%	79.86%	78.90%	78.03%	73.86%	0.00%	51.3s
#epoch[244]:	8.0e-05	0.13534	93.22%	80.15%	78.70%	78.22%	73.96%	0.00%	50.9s
#epoch[245]:	6.8e-05	0.13552	93.32%	80.06%	78.61%	78.32%	73.86%	0.00%	51.1s
#epoch[246]:	5.8e-05	0.13543	93.32%	80.06%	78.51%	78.22%	73.86%	0.00%	50.9s
#epoch[247]:	4.8e-05	0.13569	93.32%	80.15%	78.80%	78.32%	74.06%	0.00%	51.1s
#epoch[248]:	3.9e-05	0.13565	93.32%	80.06%	78.70%	78.22%	73.96%	0.00%	51.1s
#epoch[249]:	3.1e-05	0.13523	93.32%	80.06%	78.61%	78.22%	73.96%	0.00%	62.2s
#epoch[250]:	2.5e-05	0.13541	93.32%	80.15%	78.51%	78.32%	73.96%	0.00%	51.1s
#epoch[251]:	2.0e-05	0.13529	93.32%	80.06%	78.70%	78.22%	73.96%	0.00%	51.1s
#epoch[252]:	1.5e-05	0.13548	93.32%	80.15%	78.61%	78.32%	73.96%	0.00%	51.0s
#epoch[253]:	1.2e-05	0.13549	93.32%	80.06%	78.70%	78.22%	73.96%	0.00%	51.2s
#epoch[254]:	1.1e-05	0.13552	93.32%	80.15%	78.70%	78.32%	73.96%	0.00%	51.2s
#epoch[255]:	1.0e-05	0.13566	93.32%	80.15%	78.61%	78.32%	73.96%	0.00%	51.0s
#epoch[256]:	1.0e-03	0.13570	93.51%	80.06%	78.61%	78.41%	74.06%	0.00%	51.2s
#epoch[257]:	1.0e-03	0.13561	93.32%	80.15%	78.61%	78.12%	74.06%	0.00%	51.1s
#epoch[258]:	9.9e-04	0.13530	93.42%	79.86%	78.70%	78.12%	74.06%	0.00%	51.2s
#epoch[259]:	9.9e-04	0.13491	93.22%	79.77%	78.61%	77.93%	74.15%	0.00%	52.0s
#epoch[260]:	9.9e-04	0.13469	93.22%	80.06%	78.61%	78.12%	73.96%	0.00%	82.6s
#epoch[261]:	9.8e-04	0.13474	93.13%	80.06%	78.51%	78.12%	73.67%	0.00%	53.4s
#epoch[262]:	9.7e-04	0.13389	93.22%	80.25%	78.80%	78.32%	74.06%	0.00%	96.2s
#epoch[263]:	9.6e-04	0.13396	93.22%	80.45%	78.80%	78.61%	74.15%	0.00%	62.3s
#epoch[264]:	9.5e-04	0.13392	93.42%	79.96%	78.99%	78.03%	73.96%	0.00%	51.9s
#epoch[265]:	9.4e-04	0.13320	93.03%	79.86%	78.99%	77.83%	73.57%	0.00%	51.8s
#epoch[266]:	9.3e-04	0.13322	93.22%	79.86%	79.09%	77.83%	73.57%	0.00%	100.7s
#epoch[267]:	9.2e-04	0.13309	93.42%	80.54%	78.99%	78.70%	74.25%	0.00%	51.9s
#epoch[268]:	9.0e-04	0.13262	93.32%	79.96%	78.90%	78.03%	73.86%	0.00%	93.6s
#epoch[269]:	8.9e-04	0.13235	93.32%	80.25%	79.28%	78.22%	73.86%	0.00%	51.7s
#epoch[270]:	8.7e-04	0.13186	93.22%	80.15%	79.19%	78.12%	74.15%	0.00%	51.5s
#epoch[271]:	8.6e-04	0.13187	93.32%	80.06%	78.99%	78.12%	74.06%	0.00%	51.3s
#epoch[272]:	8.4e-04	0.13169	93.32%	80.25%	79.28%	78.41%	74.64%	0.00%	51.4s
#epoch[273]:	8.2e-04	0.13212	93.13%	80.15%	79.19%	78.03%	73.86%	0.00%	51.2s
#epoch[274]:	8.0e-04	0.13111	92.84%	80.54%	78.99%	78.03%	73.77%	0.00%	51.2s
#epoch[275]:	7.8e-04	0.13128	93.13%	80.54%	78.90%	78.51%	74.15%	0.00%	51.2s
#epoch[276]:	7.6e-04	0.13099	92.93%	80.45%	79.09%	78.22%	74.25%	0.00%	51.6s
#epoch[277]:	7.4e-04	0.13075	93.32%	80.15%	79.28%	78.22%	73.77%	0.00%	51.4s
#epoch[278]:	7.2e-04	0.13065	93.42%	80.25%	78.90%	78.41%	73.86%	0.00%	51.9s
#epoch[279]:	6.9e-04	0.13036	93.32%	80.15%	78.80%	78.22%	74.15%	0.00%	51.5s
#epoch[280]:	6.7e-04	0.13040	93.13%	80.54%	79.09%	78.51%	74.44%	0.00%	51.1s
#epoch[281]:	6.5e-04	0.13001	93.22%	79.96%	78.80%	78.03%	73.77%	0.00%	51.3s
#epoch[282]:	6.3e-04	0.12995	93.03%	80.25%	78.99%	78.12%	73.96%	0.00%	50.8s
#epoch[283]:	6.0e-04	0.12985	93.13%	80.15%	79.19%	78.12%	74.15%	0.00%	51.3s
#epoch[284]:	5.8e-04	0.12950	93.22%	80.35%	78.90%	78.41%	74.44%	0.00%	53.8s
#epoch[285]:	5.5e-04	0.12962	93.22%	79.96%	79.09%	78.03%	73.96%	0.00%	50.9s
#epoch[286]:	5.3e-04	0.12925	93.22%	80.54%	79.19%	78.61%	74.44%	0.00%	51.8s
#epoch[287]:	5.1e-04	0.12929	93.13%	80.06%	78.90%	77.83%	73.77%	0.00%	51.0s
#epoch[288]:	4.8e-04	0.12860	93.32%	80.25%	79.19%	78.32%	74.35%	0.00%	51.7s
#epoch[289]:	4.6e-04	0.12867	93.03%	80.25%	79.19%	78.12%	73.96%	0.00%	51.5s
#epoch[290]:	4.3e-04	0.12880	92.93%	80.35%	79.19%	78.22%	74.06%	0.00%	51.1s
#epoch[291]:	4.1e-04	0.12854	93.32%	80.06%	79.19%	78.03%	73.96%	0.00%	51.7s
#epoch[292]:	3.8e-04	0.12839	93.13%	80.25%	79.09%	78.12%	74.06%	0.00%	51.7s
#epoch[293]:	3.6e-04	0.12824	93.13%	80.35%	79.19%	78.32%	74.25%	0.00%	51.0s
#epoch[294]:	3.4e-04	0.12821	93.13%	80.54%	79.09%	78.51%	74.35%	0.00%	51.1s
#epoch[295]:	3.2e-04	0.12771	93.22%	80.45%	78.90%	78.51%	74.15%	0.00%	52.0s
#epoch[296]:	2.9e-04	0.12831	93.13%	80.74%	79.38%	78.70%	74.64%	0.00%	51.3s
#epoch[297]:	2.7e-04	0.12805	93.13%	80.25%	79.19%	78.32%	74.25%	0.00%	51.8s
#epoch[298]:	2.5e-04	0.12773	93.22%	80.64%	79.19%	78.70%	74.54%	0.00%	51.8s
#epoch[299]:	2.3e-04	0.12775	93.13%	80.45%	79.28%	78.32%	74.15%	0.00%	51.2s
#epoch[300]:	2.1e-04	0.12816	93.32%	80.35%	79.38%	78.41%	74.15%	0.00%	51.9s
#epoch[301]:	1.9e-04	0.12811	93.42%	80.06%	79.19%	78.32%	74.35%	0.00%	51.2s
#epoch[302]:	1.7e-04	0.12799	93.13%	80.25%	79.28%	78.32%	74.35%	0.00%	51.0s
#epoch[303]:	1.5e-04	0.12742	93.22%	80.15%	79.28%	78.22%	74.06%	0.00%	51.6s
#epoch[304]:	1.4e-04	0.12720	93.03%	80.35%	79.57%	78.32%	74.25%	0.00%	51.6s
#epoch[305]:	1.2e-04	0.12751	93.22%	80.25%	79.38%	78.41%	74.54%	0.00%	51.6s
#epoch[306]:	1.1e-04	0.12740	93.22%	80.25%	79.38%	78.41%	74.44%	0.00%	51.6s
#epoch[307]:	9.3e-05	0.12731	93.13%	80.45%	79.28%	78.51%	74.44%	0.00%	51.8s
#epoch[308]:	8.0e-05	0.12730	93.32%	80.35%	79.28%	78.41%	74.35%	0.00%	52.0s
#epoch[309]:	6.8e-05	0.12771	93.22%	80.64%	79.28%	78.80%	74.64%	0.00%	51.2s
#epoch[310]:	5.8e-05	0.12747	93.22%	80.35%	79.19%	78.41%	74.25%	0.00%	57.8s
#epoch[311]:	4.8e-05	0.12757	93.22%	80.45%	79.28%	78.61%	74.54%	0.00%	51.6s
#epoch[312]:	3.9e-05	0.12716	93.13%	80.45%	79.28%	78.51%	74.35%	0.00%	51.5s
#epoch[313]:	3.1e-05	0.12743	93.03%	80.35%	79.38%	78.32%	74.25%	0.00%	51.3s
#epoch[314]:	2.5e-05	0.12719	93.13%	80.35%	79.19%	78.41%	74.35%	0.00%	51.7s
#epoch[315]:	2.0e-05	0.12710	93.03%	80.54%	79.19%	78.51%	74.35%	0.00%	51.2s
#epoch[316]:	1.5e-05	0.12720	93.13%	80.54%	79.28%	78.61%	74.44%	0.00%	51.8s
#epoch[317]:	1.2e-05	0.12725	93.22%	80.35%	79.19%	78.51%	74.54%	0.00%	51.4s
#epoch[318]:	1.1e-05	0.12714	93.13%	80.45%	79.28%	78.51%	74.44%	0.00%	51.6s
#epoch[319]:	1.0e-05	0.12716	93.03%	80.45%	79.38%	78.41%	74.44%	0.00%	52.0s
#done!!!  2020-12-17  02:24:33
