#start!!!  2020-12-13  22:55:54
#cuda devices: 4
#loading data ...
#building model ...
#model: ResNet(depth=2, width=64)
#training model ...
#epoch[1]:	1.0e-05	4.49239	85.77%	17.33%	11.23%	17.33%	7.65%	69.0s	*
#epoch[2]:	5.1e-04	3.94130	83.74%	20.04%	14.81%	17.72%	10.84%	66.4s	*
#epoch[3]:	1.0e-05	3.60158	86.93%	26.91%	20.04%	25.94%	14.71%	66.6s	*
#epoch[4]:	8.6e-04	3.52319	85.67%	32.43%	24.30%	31.36%	18.30%	67.1s	*
#epoch[5]:	5.1e-04	3.20628	85.67%	35.33%	27.88%	33.98%	23.04%	67.4s	*
#epoch[6]:	1.6e-04	2.97382	87.71%	41.14%	32.33%	39.69%	27.20%	67.2s	*
#epoch[7]:	1.0e-05	2.85851	88.77%	46.56%	36.79%	45.30%	33.20%	67.1s	*
#epoch[8]:	9.6e-04	2.96150	85.19%	39.30%	33.40%	36.59%	27.01%	69.0s
#epoch[9]:	8.6e-04	2.72630	82.87%	40.76%	36.40%	37.95%	29.04%	66.3s
#epoch[10]:	6.9e-04	2.55198	85.67%	42.98%	38.63%	39.21%	29.24%	66.6s
#epoch[11]:	5.1e-04	2.35419	86.64%	42.69%	38.82%	40.08%	30.88%	66.9s
#epoch[12]:	3.2e-04	2.19015	85.09%	50.53%	43.08%	45.30%	35.24%	68.3s	*
#epoch[13]:	1.6e-04	2.07339	89.74%	57.21%	50.73%	54.89%	44.24%	66.2s	*
#epoch[14]:	4.8e-05	1.94930	89.55%	56.82%	50.82%	54.50%	44.63%	67.2s	*
#epoch[15]:	1.0e-05	1.93354	90.32%	55.66%	51.02%	53.82%	45.21%	67.1s	*
#epoch[16]:	9.9e-04	2.26433	86.45%	49.37%	42.79%	46.66%	37.66%	67.1s
#epoch[17]:	9.6e-04	2.12656	87.42%	51.40%	44.92%	48.02%	38.63%	67.1s
#epoch[18]:	9.2e-04	1.98345	87.71%	40.76%	35.33%	38.63%	27.98%	66.7s
#epoch[19]:	8.6e-04	1.88080	89.74%	58.95%	52.66%	56.05%	44.72%	70.4s
#epoch[20]:	7.8e-04	1.74122	86.93%	55.57%	47.34%	51.60%	41.05%	68.9s
#epoch[21]:	6.9e-04	1.61513	89.55%	55.66%	53.63%	53.44%	44.72%	68.0s
#epoch[22]:	6.0e-04	1.51903	88.96%	57.41%	55.18%	54.31%	47.14%	67.7s	*
#epoch[23]:	5.1e-04	1.40656	84.90%	57.12%	55.37%	52.76%	46.18%	66.9s
#epoch[24]:	4.1e-04	1.33141	90.13%	60.70%	57.70%	58.76%	50.73%	67.2s	*
#epoch[25]:	3.2e-04	1.24197	90.42%	60.21%	57.89%	58.08%	50.82%	67.2s	*
#epoch[26]:	2.3e-04	1.18643	90.13%	62.73%	60.02%	60.12%	51.69%	67.7s	*
#epoch[27]:	1.6e-04	1.14457	91.00%	68.64%	62.44%	65.73%	56.24%	67.2s	*
#epoch[28]:	9.3e-05	1.08745	91.29%	67.28%	61.28%	64.67%	54.79%	67.2s
#epoch[29]:	4.8e-05	1.08246	91.00%	65.44%	61.08%	63.12%	54.11%	67.0s
#epoch[30]:	2.0e-05	1.05913	91.19%	66.60%	63.02%	64.47%	55.76%	67.3s
#epoch[31]:	1.0e-05	1.06667	89.25%	64.28%	60.89%	60.79%	52.18%	67.2s
#epoch[32]:	1.0e-03	1.47950	85.29%	54.31%	49.18%	49.85%	40.37%	67.2s
#epoch[33]:	9.9e-04	1.42059	88.96%	57.89%	53.82%	54.02%	46.56%	66.2s
#epoch[34]:	9.8e-04	1.32583	86.25%	52.27%	45.60%	50.15%	40.08%	67.2s
#epoch[35]:	9.6e-04	1.23863	89.93%	61.37%	54.99%	58.66%	48.40%	66.8s
#epoch[36]:	9.4e-04	1.15325	88.96%	57.41%	54.02%	55.08%	47.05%	67.3s
#epoch[37]:	9.2e-04	1.10045	83.93%	52.57%	50.24%	48.31%	41.24%	66.8s
#epoch[38]:	8.9e-04	1.01317	86.74%	55.86%	52.47%	51.98%	45.11%	67.3s
#epoch[39]:	8.6e-04	0.95217	86.35%	62.25%	57.70%	57.60%	49.18%	67.2s
#epoch[40]:	8.2e-04	0.90519	86.16%	59.63%	54.70%	55.28%	47.05%	66.5s
#epoch[41]:	7.8e-04	0.84791	88.48%	59.92%	55.08%	56.82%	48.21%	67.6s
#epoch[42]:	7.4e-04	0.80714	91.09%	61.96%	59.44%	59.24%	52.08%	67.2s
#epoch[43]:	6.9e-04	0.74731	89.45%	58.08%	56.73%	54.60%	47.34%	67.1s
#epoch[44]:	6.5e-04	0.72417	87.51%	58.47%	54.70%	54.60%	46.85%	66.8s
#epoch[45]:	6.0e-04	0.68815	89.45%	63.99%	59.34%	60.50%	52.37%	67.0s
#epoch[46]:	5.5e-04	0.66078	90.61%	67.38%	61.08%	64.57%	55.37%	67.4s
#epoch[47]:	5.1e-04	0.61661	88.00%	63.02%	59.15%	58.47%	50.92%	66.8s
#epoch[48]:	4.6e-04	0.60412	90.42%	64.09%	61.57%	60.89%	53.34%	66.5s
#epoch[49]:	4.1e-04	0.58545	90.22%	65.63%	61.47%	62.44%	54.89%	67.3s
#epoch[50]:	3.6e-04	0.55733	90.51%	65.92%	62.54%	63.41%	55.76%	66.7s
#epoch[51]:	3.2e-04	0.54161	89.35%	65.34%	61.76%	61.67%	54.31%	67.1s
#epoch[52]:	2.7e-04	0.53086	88.96%	66.31%	62.05%	62.63%	54.70%	67.3s
#epoch[53]:	2.3e-04	0.52249	88.38%	64.67%	60.41%	60.79%	52.95%	66.5s
#epoch[54]:	1.9e-04	0.50469	90.13%	67.38%	62.34%	64.28%	55.95%	66.2s
#epoch[55]:	1.6e-04	0.48738	89.64%	62.25%	60.99%	58.76%	52.18%	66.8s
#epoch[56]:	1.2e-04	0.48082	90.03%	65.92%	62.63%	62.92%	55.86%	67.1s
#epoch[57]:	9.3e-05	0.48036	88.29%	60.02%	57.60%	56.44%	49.27%	66.5s
#epoch[58]:	6.8e-05	0.46865	90.71%	67.76%	62.83%	65.34%	57.02%	67.3s	*
#epoch[59]:	4.8e-05	0.47055	89.55%	66.60%	62.44%	63.31%	55.66%	66.9s
#epoch[60]:	3.1e-05	0.47219	87.03%	61.57%	59.05%	56.92%	50.15%	67.1s
#epoch[61]:	2.0e-05	0.46442	89.16%	62.44%	60.31%	59.05%	52.18%	66.5s
#epoch[62]:	1.2e-05	0.46845	88.96%	63.41%	60.50%	60.21%	52.86%	67.1s
#epoch[63]:	1.0e-05	0.46776	90.61%	67.86%	63.31%	65.25%	56.82%	67.1s
#epoch[64]:	1.0e-03	0.62296	88.00%	51.60%	47.34%	49.37%	40.95%	66.7s
#epoch[65]:	1.0e-03	0.79012	86.74%	46.76%	40.85%	44.82%	34.85%	67.0s
#epoch[66]:	9.9e-04	0.81003	89.35%	58.86%	55.76%	56.34%	48.50%	67.3s
#epoch[67]:	9.9e-04	0.71892	86.16%	57.50%	54.99%	53.05%	46.18%	67.1s
#epoch[68]:	9.9e-04	0.66056	87.80%	60.12%	57.12%	56.82%	50.24%	67.4s
#epoch[69]:	9.8e-04	0.59392	88.67%	58.28%	55.86%	54.60%	48.02%	67.4s
#epoch[70]:	9.7e-04	0.54635	87.71%	65.25%	60.02%	59.73%	51.98%	67.6s
#epoch[71]:	9.6e-04	0.52002	83.64%	57.31%	54.50%	52.37%	45.01%	67.6s
#epoch[72]:	9.5e-04	0.49213	89.06%	61.96%	58.57%	59.15%	51.11%	66.2s
#epoch[73]:	9.4e-04	0.46794	89.64%	61.96%	58.08%	58.76%	50.15%	66.8s
#epoch[74]:	9.3e-04	0.43627	84.70%	60.21%	56.92%	54.02%	46.66%	67.2s
#epoch[75]:	9.2e-04	0.42236	88.87%	66.12%	62.25%	61.96%	54.50%	67.3s
#epoch[76]:	9.0e-04	0.41120	89.35%	63.50%	60.50%	60.79%	52.66%	67.5s
#epoch[77]:	8.9e-04	0.39881	89.84%	54.99%	53.73%	52.08%	45.69%	67.0s
#epoch[78]:	8.7e-04	0.38859	89.45%	61.28%	59.34%	57.70%	51.21%	66.6s
#epoch[79]:	8.6e-04	0.37456	89.64%	67.67%	63.79%	63.50%	56.24%	67.3s
#epoch[80]:	8.4e-04	0.35700	89.25%	66.12%	62.73%	62.05%	54.02%	66.8s
#epoch[81]:	8.2e-04	0.34843	88.00%	63.50%	59.73%	58.76%	51.21%	66.8s
#epoch[82]:	8.0e-04	0.34563	88.67%	63.31%	60.50%	58.86%	52.08%	66.5s
#epoch[83]:	7.8e-04	0.33233	88.00%	64.47%	61.08%	60.21%	52.18%	66.5s
#epoch[84]:	7.6e-04	0.32590	90.32%	65.92%	63.21%	62.44%	55.08%	67.4s
#epoch[85]:	7.4e-04	0.32139	90.51%	65.92%	63.12%	62.83%	56.05%	67.0s
#epoch[86]:	7.2e-04	0.31824	88.09%	62.15%	58.18%	57.79%	51.02%	66.8s
#epoch[87]:	6.9e-04	0.31220	90.61%	68.73%	64.38%	65.63%	57.99%	67.0s	*
#epoch[88]:	6.7e-04	0.30912	90.13%	66.60%	64.18%	62.83%	55.95%	67.0s
#epoch[89]:	6.5e-04	0.30232	89.84%	63.12%	61.67%	59.54%	53.24%	66.9s
#epoch[90]:	6.3e-04	0.30106	84.61%	55.18%	53.73%	50.63%	44.43%	67.2s
#epoch[91]:	6.0e-04	0.29568	89.84%	65.92%	63.60%	62.05%	55.57%	66.7s
#epoch[92]:	5.8e-04	0.29594	90.71%	68.34%	63.99%	64.96%	57.41%	67.3s
#epoch[93]:	5.5e-04	0.28879	90.32%	66.51%	63.79%	63.41%	56.34%	66.5s
#epoch[94]:	5.3e-04	0.28642	90.03%	65.34%	62.44%	61.76%	54.31%	67.3s
#epoch[95]:	5.1e-04	0.28577	88.00%	62.73%	59.63%	58.57%	51.02%	67.4s
#epoch[96]:	4.8e-04	0.28331	85.09%	59.24%	57.31%	53.82%	47.14%	67.1s
#epoch[97]:	4.6e-04	0.28185	89.16%	68.05%	63.50%	63.31%	55.18%	66.7s
#epoch[98]:	4.3e-04	0.28000	89.06%	66.41%	64.09%	61.96%	54.40%	66.8s
#epoch[99]:	4.1e-04	0.27569	89.45%	65.73%	61.96%	61.57%	54.21%	66.9s
#epoch[100]:	3.8e-04	0.27665	89.74%	63.12%	60.60%	59.15%	52.86%	66.6s
#epoch[101]:	3.6e-04	0.27364	89.25%	60.89%	58.08%	57.70%	50.92%	66.6s
#epoch[102]:	3.4e-04	0.27285	89.16%	65.25%	62.15%	61.18%	53.53%	67.5s
#epoch[103]:	3.2e-04	0.27082	90.32%	67.09%	64.57%	63.41%	56.15%	66.6s
#epoch[104]:	2.9e-04	0.26997	90.22%	68.73%	65.05%	64.86%	57.70%	66.5s
#epoch[105]:	2.7e-04	0.27046	90.13%	66.51%	64.18%	62.83%	55.95%	66.9s
#epoch[106]:	2.5e-04	0.26845	90.51%	68.54%	64.38%	65.05%	56.82%	67.9s
#epoch[107]:	2.3e-04	0.26808	90.51%	69.02%	65.54%	65.63%	58.28%	66.4s	*
#epoch[108]:	2.1e-04	0.26766	88.96%	62.92%	60.50%	58.95%	52.66%	67.5s
#epoch[109]:	1.9e-04	0.26834	89.93%	68.15%	64.47%	64.28%	56.24%	66.8s
#epoch[110]:	1.7e-04	0.26393	90.71%	68.34%	64.67%	65.15%	57.89%	67.3s
#epoch[111]:	1.5e-04	0.26587	90.61%	68.73%	65.44%	65.54%	58.18%	66.9s
#epoch[112]:	1.4e-04	0.26465	91.19%	68.83%	65.05%	66.12%	57.99%	67.0s
#epoch[113]:	1.2e-04	0.26410	89.74%	65.05%	62.25%	60.99%	53.82%	66.3s
#epoch[114]:	1.1e-04	0.26356	90.42%	68.15%	62.83%	64.57%	55.95%	66.6s
#epoch[115]:	9.3e-05	0.26405	90.22%	67.76%	63.89%	63.79%	56.73%	67.3s
#epoch[116]:	8.0e-05	0.26316	90.22%	66.99%	63.70%	63.50%	56.05%	66.4s
#epoch[117]:	6.8e-05	0.26217	90.61%	69.89%	65.25%	66.60%	59.83%	67.2s	*
#epoch[118]:	5.8e-05	0.26322	90.32%	67.86%	64.76%	64.28%	57.31%	66.5s
#epoch[119]:	4.8e-05	0.26308	89.16%	62.25%	59.73%	58.57%	52.08%	66.8s
#epoch[120]:	3.9e-05	0.26249	88.09%	64.67%	60.89%	59.73%	52.37%	67.1s
#epoch[121]:	3.1e-05	0.26343	89.84%	66.60%	63.31%	62.83%	55.28%	66.2s
#epoch[122]:	2.5e-05	0.26258	88.38%	62.63%	59.54%	58.57%	51.40%	67.7s
#epoch[123]:	2.0e-05	0.26036	88.87%	63.31%	59.92%	59.05%	52.18%	66.7s
#epoch[124]:	1.5e-05	0.26089	90.61%	68.64%	63.99%	65.25%	57.31%	66.6s
#epoch[125]:	1.2e-05	0.26138	89.55%	66.12%	62.44%	61.86%	54.31%	66.9s
#epoch[126]:	1.1e-05	0.26163	90.13%	66.99%	63.41%	63.02%	55.76%	67.0s
#epoch[127]:	1.0e-05	0.26230	88.67%	64.57%	61.47%	60.02%	53.34%	66.5s
#epoch[128]:	1.0e-03	0.26722	89.74%	66.31%	62.15%	62.34%	55.08%	66.9s
#epoch[129]:	1.0e-03	0.27312	90.03%	64.09%	61.76%	60.21%	53.73%	66.6s
#epoch[130]:	9.9e-04	0.27249	87.22%	56.53%	53.53%	52.66%	45.11%	66.5s
#epoch[131]:	9.9e-04	0.27750	89.64%	66.80%	62.83%	62.92%	55.37%	67.2s
#epoch[132]:	9.9e-04	0.27406	88.58%	63.79%	59.92%	60.31%	51.89%	67.4s
#epoch[133]:	9.8e-04	0.26973	85.19%	58.95%	55.95%	53.34%	46.76%	66.3s
#epoch[134]:	9.7e-04	0.27473	87.12%	63.99%	61.47%	58.66%	51.89%	67.3s
#epoch[135]:	9.6e-04	0.26482	88.48%	65.34%	60.79%	61.18%	53.34%	67.2s
#epoch[136]:	9.5e-04	0.26283	88.87%	66.60%	62.83%	61.96%	54.02%	66.8s
#epoch[137]:	9.4e-04	0.26122	89.16%	67.57%	60.99%	63.02%	53.15%	67.3s
#epoch[138]:	9.3e-04	0.25984	84.32%	56.73%	52.86%	51.79%	43.76%	66.9s
#epoch[139]:	9.2e-04	0.25714	88.48%	62.92%	59.54%	58.66%	51.02%	67.2s
#epoch[140]:	9.0e-04	0.25432	89.93%	66.12%	61.67%	62.05%	53.92%	67.1s
#epoch[141]:	8.9e-04	0.25050	89.84%	67.76%	63.89%	63.50%	56.82%	66.7s
#epoch[142]:	8.7e-04	0.25068	89.06%	63.21%	60.02%	58.86%	51.50%	67.3s
#epoch[143]:	8.6e-04	0.25020	88.29%	66.12%	61.37%	61.37%	52.86%	67.1s
#epoch[144]:	8.4e-04	0.24713	89.84%	66.99%	62.63%	62.73%	54.70%	66.7s
#epoch[145]:	8.2e-04	0.24440	90.13%	68.34%	63.50%	64.67%	57.02%	67.4s
#epoch[146]:	8.0e-04	0.24169	89.74%	68.25%	63.60%	63.99%	55.47%	66.7s
#epoch[147]:	7.8e-04	0.24124	90.03%	67.09%	62.15%	63.21%	54.99%	66.8s
#epoch[148]:	7.6e-04	0.23932	89.35%	66.21%	62.44%	62.15%	54.60%	66.3s
#epoch[149]:	7.4e-04	0.23729	90.22%	65.34%	62.63%	61.37%	54.21%	67.2s
#epoch[150]:	7.2e-04	0.23838	89.45%	67.28%	61.67%	63.02%	54.40%	67.0s
#epoch[151]:	6.9e-04	0.23678	86.45%	56.63%	53.53%	52.86%	45.79%	66.7s
#epoch[152]:	6.7e-04	0.23419	89.74%	68.54%	64.47%	65.05%	57.02%	67.0s
#epoch[153]:	6.5e-04	0.23309	89.35%	64.67%	60.89%	60.31%	52.76%	67.3s
#epoch[154]:	6.3e-04	0.22982	86.83%	61.86%	58.18%	56.63%	49.08%	67.1s
#epoch[155]:	6.0e-04	0.22994	88.29%	63.12%	59.83%	58.08%	51.02%	66.6s
#epoch[156]:	5.8e-04	0.22880	89.06%	66.70%	62.44%	62.54%	54.40%	67.2s
#epoch[157]:	5.5e-04	0.22910	90.03%	68.25%	64.67%	64.67%	57.70%	67.2s
#epoch[158]:	5.3e-04	0.22726	90.51%	68.34%	64.57%	65.25%	57.89%	66.9s
#epoch[159]:	5.1e-04	0.22685	89.06%	65.83%	62.34%	61.57%	53.92%	67.0s
#epoch[160]:	4.8e-04	0.22503	90.32%	68.73%	64.67%	64.96%	57.60%	67.3s
#epoch[161]:	4.6e-04	0.22393	88.58%	64.86%	61.96%	60.31%	53.05%	66.9s
#epoch[162]:	4.3e-04	0.22494	89.84%	68.25%	62.92%	64.38%	55.95%	67.2s
#epoch[163]:	4.1e-04	0.22353	88.38%	64.09%	61.18%	59.05%	51.89%	66.3s
#epoch[164]:	3.8e-04	0.22280	86.74%	63.60%	59.83%	58.28%	50.53%	66.2s
#epoch[165]:	3.6e-04	0.22225	87.42%	64.57%	59.54%	59.54%	51.02%	66.5s
#epoch[166]:	3.4e-04	0.22150	88.96%	66.51%	62.05%	62.44%	54.21%	67.2s
#epoch[167]:	3.2e-04	0.22178	89.74%	68.54%	63.89%	64.76%	56.92%	66.8s
#epoch[168]:	2.9e-04	0.22086	89.55%	68.05%	63.31%	63.79%	56.24%	67.0s
#epoch[169]:	2.7e-04	0.21949	85.19%	56.82%	54.99%	52.08%	45.89%	65.9s
#epoch[170]:	2.5e-04	0.22037	89.93%	67.86%	63.31%	64.09%	56.05%	67.0s
#epoch[171]:	2.3e-04	0.21848	89.74%	68.34%	64.09%	64.47%	56.92%	66.7s
#epoch[172]:	2.1e-04	0.22000	88.58%	64.67%	61.76%	60.12%	53.34%	66.0s
#epoch[173]:	1.9e-04	0.22038	89.45%	65.63%	60.99%	61.47%	53.63%	67.1s
#epoch[174]:	1.7e-04	0.21833	88.77%	66.41%	61.67%	62.15%	53.34%	66.0s
#epoch[175]:	1.5e-04	0.21969	88.58%	63.99%	60.70%	59.34%	52.18%	65.9s
#epoch[176]:	1.4e-04	0.21799	89.06%	67.47%	62.34%	63.12%	54.60%	66.9s
#epoch[177]:	1.2e-04	0.21747	89.35%	67.18%	62.83%	63.31%	55.08%	68.4s
#epoch[178]:	1.1e-04	0.21747	87.90%	63.12%	58.95%	58.18%	50.34%	67.0s
#epoch[179]:	9.3e-05	0.21701	89.74%	67.28%	62.54%	63.31%	55.47%	66.7s
#epoch[180]:	8.0e-05	0.21755	88.96%	65.83%	61.47%	61.67%	53.53%	66.8s
#epoch[181]:	6.8e-05	0.21759	89.16%	67.28%	62.34%	63.12%	54.99%	66.2s
#epoch[182]:	5.8e-05	0.21760	90.03%	68.64%	64.09%	64.76%	56.82%	66.6s
#epoch[183]:	4.8e-05	0.21732	90.03%	67.47%	64.09%	63.99%	57.41%	66.4s
#epoch[184]:	3.9e-05	0.21633	88.77%	61.86%	59.44%	57.60%	50.63%	66.8s
#epoch[185]:	3.1e-05	0.21751	89.25%	68.05%	62.73%	63.60%	55.66%	66.3s
#epoch[186]:	2.5e-05	0.21640	88.38%	64.28%	61.67%	59.92%	52.37%	66.3s
#epoch[187]:	2.0e-05	0.21634	88.48%	63.70%	59.24%	58.95%	51.11%	67.1s
#epoch[188]:	1.5e-05	0.21554	88.38%	64.67%	60.12%	60.31%	52.18%	68.4s
#epoch[189]:	1.2e-05	0.21756	88.19%	60.31%	58.28%	56.15%	49.37%	67.0s
#epoch[190]:	1.1e-05	0.21768	87.32%	55.66%	53.53%	52.18%	44.82%	67.9s
#epoch[191]:	1.0e-05	0.21727	90.03%	68.05%	63.60%	64.09%	56.15%	67.7s
#epoch[192]:	1.0e-03	0.22023	88.19%	62.34%	59.73%	58.08%	51.40%	66.7s
#epoch[193]:	1.0e-03	0.21990	89.74%	65.05%	60.79%	60.89%	52.57%	67.3s
#epoch[194]:	9.9e-04	0.22074	90.03%	67.86%	65.25%	63.89%	57.21%	66.3s
#epoch[195]:	9.9e-04	0.22199	89.55%	64.47%	60.12%	61.28%	52.95%	68.2s
#epoch[196]:	9.9e-04	0.22084	88.29%	60.70%	58.95%	56.63%	49.76%	68.0s
#epoch[197]:	9.8e-04	0.21864	88.38%	62.54%	60.50%	58.28%	51.02%	70.4s
#epoch[198]:	9.7e-04	0.21718	90.42%	67.96%	64.18%	64.86%	57.41%	67.0s
#epoch[199]:	9.6e-04	0.21804	88.29%	63.70%	60.79%	59.05%	51.89%	66.3s
#epoch[200]:	9.5e-04	0.21643	90.03%	68.83%	63.99%	65.54%	57.89%	67.2s
#epoch[201]:	9.4e-04	0.21671	89.45%	66.89%	61.67%	63.50%	54.79%	69.2s
#epoch[202]:	9.3e-04	0.21561	86.25%	56.73%	53.92%	52.47%	45.69%	67.3s
#epoch[203]:	9.2e-04	0.21369	88.48%	63.70%	60.21%	59.34%	51.89%	70.0s
#epoch[204]:	9.0e-04	0.21250	86.93%	63.21%	58.08%	57.60%	49.27%	66.6s
#epoch[205]:	8.9e-04	0.21151	89.35%	66.89%	62.25%	62.54%	54.31%	67.3s
#epoch[206]:	8.7e-04	0.21088	89.84%	66.89%	62.05%	63.50%	55.37%	67.0s
#epoch[207]:	8.6e-04	0.21065	88.67%	65.34%	62.25%	61.18%	53.63%	67.7s
#epoch[208]:	8.4e-04	0.20950	88.29%	58.47%	55.95%	54.89%	48.31%	68.4s
#epoch[209]:	8.2e-04	0.20756	89.64%	66.31%	62.73%	62.44%	55.47%	68.1s
#epoch[210]:	8.0e-04	0.20637	89.06%	65.54%	61.67%	61.47%	53.34%	66.2s
#epoch[211]:	7.8e-04	0.20563	89.84%	65.92%	60.41%	61.96%	53.82%	68.1s
#epoch[212]:	7.6e-04	0.20679	89.45%	67.47%	62.44%	63.60%	55.18%	66.8s
#epoch[213]:	7.4e-04	0.20551	88.87%	65.25%	60.70%	60.60%	53.53%	68.3s
#epoch[214]:	7.2e-04	0.20304	89.93%	67.47%	64.18%	63.70%	56.82%	66.7s
#epoch[215]:	6.9e-04	0.20359	88.58%	62.34%	60.02%	58.18%	50.73%	67.2s
#epoch[216]:	6.7e-04	0.20265	89.84%	67.09%	62.83%	63.31%	55.47%	66.9s
#epoch[217]:	6.5e-04	0.20164	88.19%	61.28%	58.66%	57.12%	50.63%	66.5s
#epoch[218]:	6.3e-04	0.20087	87.80%	62.15%	58.66%	57.41%	49.85%	67.6s
#epoch[219]:	6.0e-04	0.19991	88.87%	65.25%	60.99%	61.18%	53.15%	66.5s
#epoch[220]:	5.8e-04	0.20061	87.42%	60.21%	57.89%	55.76%	49.27%	67.0s
#epoch[221]:	5.5e-04	0.19862	89.93%	67.67%	62.83%	64.09%	56.05%	67.5s
#epoch[222]:	5.3e-04	0.19855	82.48%	50.73%	47.63%	46.47%	39.21%	66.0s
#epoch[223]:	5.1e-04	0.19810	90.13%	67.57%	62.44%	64.28%	56.15%	66.3s
#epoch[224]:	4.8e-04	0.19731	88.09%	61.57%	59.83%	57.12%	50.73%	66.1s
#epoch[225]:	4.6e-04	0.19646	89.35%	64.38%	61.28%	60.50%	53.53%	67.1s
#epoch[226]:	4.3e-04	0.19696	89.84%	66.31%	62.63%	62.73%	55.37%	65.9s
#epoch[227]:	4.1e-04	0.19700	86.74%	56.44%	55.28%	52.76%	45.40%	66.8s
#epoch[228]:	3.8e-04	0.19560	88.87%	61.96%	59.83%	57.89%	50.92%	66.5s
#epoch[229]:	3.6e-04	0.19616	88.48%	60.41%	59.44%	56.34%	50.15%	67.4s
#epoch[230]:	3.4e-04	0.19551	88.67%	60.79%	57.60%	57.12%	50.15%	66.9s
#epoch[231]:	3.2e-04	0.19439	88.67%	64.38%	60.41%	59.92%	53.05%	67.1s
#epoch[232]:	2.9e-04	0.19267	89.93%	66.12%	62.15%	63.02%	55.47%	67.5s
#epoch[233]:	2.7e-04	0.19341	89.84%	66.89%	61.86%	63.31%	54.99%	67.1s
#epoch[234]:	2.5e-04	0.19464	89.45%	65.83%	61.67%	62.05%	54.40%	67.0s
#epoch[235]:	2.3e-04	0.19236	89.16%	66.60%	60.99%	62.83%	53.92%	66.6s
#epoch[236]:	2.1e-04	0.19337	89.06%	65.34%	60.60%	60.99%	53.05%	66.8s
#epoch[237]:	1.9e-04	0.19250	90.13%	66.21%	63.02%	62.73%	55.66%	66.2s
#epoch[238]:	1.7e-04	0.19302	89.64%	65.92%	61.08%	62.34%	54.40%	66.7s
#epoch[239]:	1.5e-04	0.19252	88.48%	63.79%	60.60%	59.44%	52.08%	67.9s
#epoch[240]:	1.4e-04	0.19220	88.00%	62.15%	58.86%	57.70%	50.53%	67.6s
#epoch[241]:	1.2e-04	0.19196	88.19%	64.18%	60.02%	59.54%	51.98%	66.2s
#epoch[242]:	1.1e-04	0.19261	86.74%	61.18%	57.41%	56.44%	48.89%	66.3s
#epoch[243]:	9.3e-05	0.19174	89.64%	67.47%	63.31%	63.89%	56.34%	68.7s
#epoch[244]:	8.0e-05	0.19230	87.80%	60.70%	58.08%	56.24%	48.98%	67.0s
#epoch[245]:	6.8e-05	0.19123	89.45%	68.05%	62.25%	63.79%	55.47%	66.3s
#epoch[246]:	5.8e-05	0.19138	88.96%	64.57%	61.47%	60.31%	53.15%	66.7s
#epoch[247]:	4.8e-05	0.19132	89.55%	67.76%	64.09%	64.28%	56.92%	66.9s
#epoch[248]:	3.9e-05	0.19245	89.16%	65.25%	61.47%	61.37%	53.34%	66.4s
#epoch[249]:	3.1e-05	0.19086	89.55%	67.18%	62.54%	63.70%	55.37%	69.1s
#epoch[250]:	2.5e-05	0.19126	88.19%	61.86%	59.15%	57.60%	50.63%	66.4s
#epoch[251]:	2.0e-05	0.19150	88.96%	67.28%	61.08%	62.73%	53.92%	67.4s
#epoch[252]:	1.5e-05	0.18932	89.93%	67.09%	63.79%	63.50%	56.73%	66.7s
#epoch[253]:	1.2e-05	0.19100	88.38%	65.63%	61.18%	61.08%	53.15%	67.9s
#epoch[254]:	1.1e-05	0.19064	88.29%	63.31%	60.02%	58.76%	51.69%	66.4s
#epoch[255]:	1.0e-05	0.19140	89.84%	66.99%	63.12%	63.79%	56.63%	66.7s
#epoch[256]:	1.0e-03	0.19429	89.35%	67.57%	63.41%	63.99%	55.95%	67.1s
#epoch[257]:	1.0e-03	0.19465	89.64%	66.02%	62.15%	62.25%	54.31%	69.2s
#epoch[258]:	9.9e-04	0.19562	88.09%	64.86%	59.73%	60.31%	51.79%	66.2s
#epoch[259]:	9.9e-04	0.19520	86.93%	60.99%	57.12%	56.73%	48.60%	67.3s
#epoch[260]:	9.9e-04	0.19863	86.54%	54.40%	52.27%	50.34%	43.85%	66.9s
#epoch[261]:	9.8e-04	0.19523	88.87%	66.31%	60.99%	61.96%	53.05%	66.8s
#epoch[262]:	9.7e-04	0.19347	90.22%	67.76%	62.73%	64.38%	56.15%	66.4s
#epoch[263]:	9.6e-04	0.19530	88.96%	67.67%	62.73%	63.41%	55.95%	66.4s
#epoch[264]:	9.5e-04	0.19368	88.09%	61.76%	58.08%	57.31%	49.27%	67.2s
#epoch[265]:	9.4e-04	0.19141	88.00%	61.76%	58.37%	57.31%	49.95%	67.0s
#epoch[266]:	9.3e-04	0.19082	89.45%	66.41%	61.18%	62.54%	53.82%	66.8s
#epoch[267]:	9.2e-04	0.19029	87.71%	60.02%	56.44%	55.66%	48.40%	66.3s
#epoch[268]:	9.0e-04	0.19019	89.64%	66.89%	63.89%	63.41%	56.44%	67.6s
#epoch[269]:	8.9e-04	0.18782	90.61%	67.57%	63.79%	64.28%	57.31%	66.8s
#epoch[270]:	8.7e-04	0.18829	88.87%	65.34%	61.47%	60.41%	53.34%	66.8s
#epoch[271]:	8.6e-04	0.18702	88.87%	62.92%	59.54%	58.37%	50.82%	66.1s
#epoch[272]:	8.4e-04	0.18785	90.03%	68.15%	63.02%	64.96%	57.02%	66.9s
#epoch[273]:	8.2e-04	0.18710	89.35%	63.02%	60.02%	59.44%	52.18%	66.6s
#epoch[274]:	8.0e-04	0.18636	87.71%	64.76%	60.50%	59.44%	51.60%	67.1s
#epoch[275]:	7.8e-04	0.18619	89.45%	64.76%	61.28%	60.89%	54.50%	67.2s
#epoch[276]:	7.6e-04	0.18654	90.32%	66.12%	62.25%	62.92%	55.47%	66.5s
#epoch[277]:	7.4e-04	0.18407	89.45%	66.41%	61.86%	63.12%	55.57%	66.7s
#epoch[278]:	7.2e-04	0.18339	87.80%	62.15%	57.50%	57.60%	49.47%	69.0s
#epoch[279]:	6.9e-04	0.18324	88.77%	65.05%	61.37%	60.70%	53.34%	68.1s
#epoch[280]:	6.7e-04	0.18150	87.22%	58.57%	55.08%	55.08%	47.73%	67.4s
#epoch[281]:	6.5e-04	0.18264	89.16%	63.41%	59.83%	59.63%	51.79%	66.9s
#epoch[282]:	6.3e-04	0.18033	88.67%	65.34%	60.41%	60.89%	52.57%	66.4s
#epoch[283]:	6.0e-04	0.18130	89.55%	65.83%	61.57%	61.96%	53.53%	67.4s
#epoch[284]:	5.8e-04	0.18020	89.45%	64.38%	60.21%	60.60%	52.86%	66.8s
#epoch[285]:	5.5e-04	0.18053	89.16%	64.76%	60.60%	60.79%	52.76%	66.6s
#epoch[286]:	5.3e-04	0.18032	89.35%	66.51%	62.05%	63.50%	55.37%	68.1s
#epoch[287]:	5.1e-04	0.17865	88.38%	63.41%	59.83%	59.15%	51.40%	65.7s
#epoch[288]:	4.8e-04	0.17838	89.06%	63.99%	59.92%	59.92%	51.98%	67.0s
#epoch[289]:	4.6e-04	0.17826	89.74%	64.86%	61.67%	61.18%	53.63%	66.0s
#epoch[290]:	4.3e-04	0.17781	89.55%	65.54%	60.12%	61.86%	53.53%	67.5s
#epoch[291]:	4.1e-04	0.17784	89.55%	66.02%	62.63%	62.54%	55.08%	69.2s
#epoch[292]:	3.8e-04	0.17754	87.90%	60.50%	57.99%	56.44%	49.27%	67.0s
#epoch[293]:	3.6e-04	0.17626	88.29%	62.25%	58.18%	57.99%	50.05%	68.0s
#epoch[294]:	3.4e-04	0.17621	89.45%	66.12%	62.25%	62.15%	54.99%	66.7s
#epoch[295]:	3.2e-04	0.17636	87.03%	56.53%	53.24%	52.27%	45.11%	66.2s
#epoch[296]:	2.9e-04	0.17554	89.06%	64.67%	61.08%	60.89%	52.86%	66.7s
#epoch[297]:	2.7e-04	0.17569	89.55%	67.09%	63.02%	62.92%	55.37%	66.6s
#epoch[298]:	2.5e-04	0.17535	89.64%	65.83%	62.05%	62.15%	54.50%	66.4s
#epoch[299]:	2.3e-04	0.17603	86.93%	61.37%	57.02%	56.15%	48.31%	66.4s
#epoch[300]:	2.1e-04	0.17503	89.45%	65.54%	61.18%	62.25%	54.79%	66.0s
#epoch[301]:	1.9e-04	0.17659	89.35%	65.15%	60.99%	61.18%	53.15%	66.5s
#epoch[302]:	1.7e-04	0.17437	89.84%	65.44%	61.86%	61.96%	54.02%	66.2s
#epoch[303]:	1.5e-04	0.17572	89.74%	67.38%	63.12%	64.09%	56.24%	67.9s
#epoch[304]:	1.4e-04	0.17579	87.90%	56.73%	52.76%	53.24%	45.69%	66.2s
#epoch[305]:	1.2e-04	0.17442	88.09%	59.73%	56.53%	55.66%	48.50%	66.2s
#epoch[306]:	1.1e-04	0.17485	89.74%	65.54%	61.86%	61.76%	54.11%	68.8s
#epoch[307]:	9.3e-05	0.17573	88.77%	65.25%	60.50%	60.89%	52.76%	66.4s
#epoch[308]:	8.0e-05	0.17443	90.03%	66.99%	63.31%	63.89%	57.02%	67.0s
#epoch[309]:	6.8e-05	0.17434	89.84%	66.70%	64.09%	63.70%	57.21%	67.5s
#epoch[310]:	5.8e-05	0.17393	89.64%	65.54%	61.76%	62.34%	54.99%	67.0s
#epoch[311]:	4.8e-05	0.17454	88.87%	64.57%	60.21%	59.83%	51.79%	66.5s
#epoch[312]:	3.9e-05	0.17339	88.58%	59.73%	57.50%	56.05%	49.08%	66.4s
#epoch[313]:	3.1e-05	0.17480	89.35%	66.02%	62.63%	61.67%	54.70%	65.8s
#epoch[314]:	2.5e-05	0.17429	89.84%	66.02%	62.05%	62.34%	54.79%	66.7s
#epoch[315]:	2.0e-05	0.17432	89.45%	65.83%	62.25%	62.44%	55.76%	66.4s
#epoch[316]:	1.5e-05	0.17426	89.45%	65.54%	60.79%	61.57%	53.15%	66.6s
#epoch[317]:	1.2e-05	0.17418	89.74%	64.86%	61.67%	61.28%	53.73%	66.7s
#epoch[318]:	1.1e-05	0.17437	89.45%	65.83%	62.73%	62.05%	55.08%	66.3s
#epoch[319]:	1.0e-05	0.17422	89.35%	65.34%	61.57%	61.18%	53.53%	66.2s
#done!!!  2020-12-14  04:52:27
