#start!!!  2020-12-13  23:16:40
#cuda devices: 0
#loading data ...
#building model ...
#model: DenseNet(depth=2, width=64)
#training model ...
#epoch[1]:	1.0e-05	5.44279	81.90%	7.07%	0.00%	6.97%	0.00%	71.6s
#epoch[2]:	5.1e-04	5.10308	84.32%	13.65%	5.32%	13.65%	1.94%	72.7s	*
#epoch[3]:	1.0e-05	4.90446	85.96%	13.75%	6.78%	13.65%	2.81%	65.3s	*
#epoch[4]:	8.6e-04	4.76185	81.99%	14.71%	6.39%	14.23%	3.00%	65.8s	*
#epoch[5]:	5.1e-04	4.56937	83.74%	13.46%	8.71%	13.46%	3.39%	65.4s	*
#epoch[6]:	1.6e-04	4.43806	87.12%	14.91%	8.23%	14.42%	5.32%	65.3s	*
#epoch[7]:	1.0e-05	4.39707	87.32%	14.52%	8.33%	14.13%	5.91%	65.5s	*
#epoch[8]:	9.6e-04	4.37009	78.90%	11.42%	8.03%	11.33%	4.74%	65.1s
#epoch[9]:	8.6e-04	4.25159	87.71%	14.33%	10.55%	13.94%	6.29%	65.0s	*
#epoch[10]:	6.9e-04	4.12596	87.03%	14.91%	11.71%	14.81%	6.78%	65.6s	*
#epoch[11]:	5.1e-04	4.05847	86.35%	14.91%	9.68%	14.91%	7.45%	65.5s	*
#epoch[12]:	3.2e-04	3.97776	88.19%	16.07%	12.68%	15.97%	6.97%	65.3s
#epoch[13]:	1.6e-04	3.90762	88.00%	15.78%	13.84%	15.59%	7.55%	65.3s	*
#epoch[14]:	4.8e-05	3.87252	88.19%	15.97%	14.33%	15.97%	7.84%	65.9s	*
#epoch[15]:	1.0e-05	3.85806	88.67%	16.17%	13.84%	16.17%	7.65%	65.9s
#epoch[16]:	9.9e-04	3.92555	82.77%	14.81%	9.97%	14.33%	6.29%	65.5s
#epoch[17]:	9.6e-04	3.83080	87.32%	17.72%	11.71%	17.23%	7.26%	65.3s
#epoch[18]:	9.2e-04	3.77387	88.09%	19.26%	15.20%	18.88%	9.87%	65.3s	*
#epoch[19]:	8.6e-04	3.65564	86.16%	14.42%	13.46%	13.75%	6.49%	65.4s
#epoch[20]:	7.8e-04	3.59091	87.90%	20.91%	15.88%	20.33%	12.20%	70.3s	*
#epoch[21]:	6.9e-04	3.53688	88.09%	18.97%	15.68%	18.88%	11.04%	64.7s
#epoch[22]:	6.0e-04	3.47311	85.96%	16.36%	15.30%	15.97%	9.87%	65.4s
#epoch[23]:	5.1e-04	3.39200	88.29%	21.88%	18.10%	21.49%	14.23%	64.9s	*
#epoch[24]:	4.1e-04	3.36902	86.16%	24.88%	17.91%	24.10%	14.23%	65.7s
#epoch[25]:	3.2e-04	3.30754	89.25%	24.59%	19.07%	24.20%	16.65%	65.2s	*
#epoch[26]:	2.3e-04	3.26842	88.00%	24.59%	20.14%	23.91%	16.07%	65.1s
#epoch[27]:	1.6e-04	3.22953	89.35%	27.40%	23.04%	26.82%	17.52%	64.8s	*
#epoch[28]:	9.3e-05	3.19878	89.35%	26.14%	22.65%	25.65%	17.23%	65.6s
#epoch[29]:	4.8e-05	3.20128	88.96%	23.14%	20.14%	22.46%	14.52%	67.7s
#epoch[30]:	2.0e-05	3.15870	89.45%	28.56%	23.04%	28.36%	20.23%	65.1s	*
#epoch[31]:	1.0e-05	3.17255	89.45%	31.27%	22.85%	31.07%	19.55%	65.8s
#epoch[32]:	1.0e-03	3.38923	86.74%	21.01%	17.33%	20.52%	13.84%	65.7s
#epoch[33]:	9.9e-04	3.29830	87.80%	22.46%	18.20%	21.97%	14.42%	65.0s
#epoch[34]:	9.8e-04	3.24246	86.64%	24.39%	19.26%	23.81%	15.59%	66.1s
#epoch[35]:	9.6e-04	3.20789	88.00%	29.33%	24.01%	28.56%	19.75%	66.4s
#epoch[36]:	9.4e-04	3.14352	88.19%	26.52%	22.36%	25.94%	18.20%	65.6s
#epoch[37]:	9.2e-04	3.08414	89.25%	30.01%	24.88%	29.62%	22.07%	66.0s	*
#epoch[38]:	8.9e-04	2.99934	88.29%	32.33%	27.88%	32.04%	24.39%	65.5s	*
#epoch[39]:	8.6e-04	2.95890	89.25%	27.40%	23.81%	26.52%	19.07%	65.1s
#epoch[40]:	8.2e-04	2.89662	85.87%	32.82%	28.85%	30.59%	22.56%	65.7s
#epoch[41]:	7.8e-04	2.87624	89.25%	39.40%	31.66%	38.72%	27.59%	65.2s	*
#epoch[42]:	7.4e-04	2.80195	89.84%	34.85%	30.98%	34.17%	26.43%	65.3s
#epoch[43]:	6.9e-04	2.75559	89.64%	34.66%	30.20%	33.79%	25.56%	65.6s
#epoch[44]:	6.5e-04	2.70630	90.13%	37.37%	32.04%	36.98%	28.27%	65.0s	*
#epoch[45]:	6.0e-04	2.65780	89.55%	39.30%	34.46%	38.53%	29.82%	65.3s	*
#epoch[46]:	5.5e-04	2.59783	89.93%	35.82%	32.14%	34.95%	25.85%	66.2s
#epoch[47]:	5.1e-04	2.53507	89.84%	38.53%	32.62%	37.37%	28.46%	65.6s
#epoch[48]:	4.6e-04	2.53997	88.58%	41.43%	36.11%	40.46%	31.66%	65.4s	*
#epoch[49]:	4.1e-04	2.48330	89.93%	42.21%	35.91%	41.34%	31.75%	66.0s	*
#epoch[50]:	3.6e-04	2.47784	90.03%	41.72%	38.04%	41.14%	33.11%	72.1s	*
#epoch[51]:	3.2e-04	2.40818	89.45%	44.24%	37.85%	43.37%	34.37%	65.6s	*
#epoch[52]:	2.7e-04	2.40449	89.25%	42.59%	37.08%	41.43%	33.01%	65.6s
#epoch[53]:	2.3e-04	2.37178	90.32%	44.43%	38.53%	43.95%	34.56%	65.8s	*
#epoch[54]:	1.9e-04	2.34682	89.55%	42.01%	36.50%	41.05%	31.66%	66.0s
#epoch[55]:	1.6e-04	2.31944	90.22%	47.34%	38.72%	46.66%	34.75%	68.9s	*
#epoch[56]:	1.2e-04	2.30314	90.32%	45.50%	37.95%	44.53%	33.98%	65.7s
#epoch[57]:	9.3e-05	2.26939	89.64%	45.11%	38.63%	43.95%	33.98%	66.0s
#epoch[58]:	6.8e-05	2.28552	88.96%	43.27%	36.69%	42.01%	31.75%	65.3s
#epoch[59]:	4.8e-05	2.27614	90.13%	45.30%	39.30%	44.63%	35.24%	65.7s	*
#epoch[60]:	3.1e-05	2.26139	89.64%	47.43%	39.79%	46.66%	35.53%	65.1s	*
#epoch[61]:	2.0e-05	2.25406	89.64%	47.53%	40.27%	46.56%	36.11%	65.3s	*
#epoch[62]:	1.2e-05	2.26626	90.42%	48.02%	40.66%	47.14%	36.59%	65.8s	*
#epoch[63]:	1.0e-05	2.25231	90.13%	45.89%	40.27%	44.92%	35.91%	66.0s
#epoch[64]:	1.0e-03	2.63870	88.96%	38.53%	34.75%	37.75%	29.91%	65.2s
#epoch[65]:	1.0e-03	2.59512	85.29%	33.11%	32.82%	31.95%	26.14%	65.2s
#epoch[66]:	9.9e-04	2.54889	89.06%	35.53%	29.24%	34.85%	25.75%	77.2s
#epoch[67]:	9.9e-04	2.48802	88.38%	38.14%	31.95%	37.27%	28.56%	66.1s
#epoch[68]:	9.9e-04	2.44287	85.96%	39.01%	33.69%	37.27%	28.46%	66.3s
#epoch[69]:	9.8e-04	2.41754	89.64%	43.95%	38.53%	42.69%	34.66%	65.3s
#epoch[70]:	9.7e-04	2.32555	88.00%	44.14%	39.30%	42.40%	32.62%	65.5s
#epoch[71]:	9.6e-04	2.28216	89.93%	42.30%	38.82%	41.24%	33.11%	65.8s
#epoch[72]:	9.5e-04	2.23393	89.74%	46.85%	41.14%	45.89%	36.98%	70.8s	*
#epoch[73]:	9.4e-04	2.22050	89.64%	45.40%	40.17%	43.85%	34.66%	66.3s
#epoch[74]:	9.3e-04	2.17406	86.54%	44.82%	38.92%	42.11%	32.72%	65.6s
#epoch[75]:	9.2e-04	2.16554	90.32%	50.24%	44.05%	48.98%	39.98%	65.4s	*
#epoch[76]:	9.0e-04	2.07419	90.61%	50.73%	43.18%	49.66%	39.01%	65.4s
#epoch[77]:	8.9e-04	2.06725	89.25%	45.30%	41.43%	43.85%	34.56%	65.3s
#epoch[78]:	8.7e-04	2.04394	88.00%	42.50%	38.33%	41.14%	32.24%	65.2s
#epoch[79]:	8.6e-04	2.01811	89.84%	48.02%	42.88%	46.47%	36.98%	65.7s
#epoch[80]:	8.4e-04	1.96732	89.74%	52.37%	45.79%	50.44%	40.08%	65.2s	*
#epoch[81]:	8.2e-04	1.92878	90.71%	50.73%	45.21%	49.27%	39.69%	65.0s
#epoch[82]:	8.0e-04	1.89874	89.55%	43.66%	38.43%	42.01%	33.30%	65.3s
#epoch[83]:	7.8e-04	1.88015	87.90%	47.24%	43.47%	44.53%	37.27%	65.1s
#epoch[84]:	7.6e-04	1.90764	90.13%	50.82%	45.21%	48.89%	40.46%	65.7s	*
#epoch[85]:	7.4e-04	1.81474	89.74%	47.92%	43.18%	46.56%	37.66%	65.6s
#epoch[86]:	7.2e-04	1.79564	90.80%	48.79%	44.72%	47.24%	38.92%	64.9s
#epoch[87]:	6.9e-04	1.77197	90.61%	52.47%	45.50%	51.02%	40.76%	65.6s	*
#epoch[88]:	6.7e-04	1.73914	90.32%	56.15%	50.24%	54.70%	43.95%	65.1s	*
#epoch[89]:	6.5e-04	1.70898	88.19%	49.56%	42.88%	47.24%	37.66%	65.7s
#epoch[90]:	6.3e-04	1.70579	90.22%	55.76%	49.08%	53.82%	44.14%	65.8s	*
#epoch[91]:	6.0e-04	1.68352	90.22%	54.02%	48.02%	52.37%	43.27%	66.2s
#epoch[92]:	5.8e-04	1.65021	89.25%	52.37%	47.92%	50.15%	41.92%	66.0s
#epoch[93]:	5.5e-04	1.62650	90.61%	53.24%	47.34%	51.60%	42.79%	66.1s
#epoch[94]:	5.3e-04	1.63591	91.48%	54.89%	50.82%	53.73%	45.01%	65.8s	*
#epoch[95]:	5.1e-04	1.59014	90.03%	55.76%	50.34%	54.02%	45.30%	65.5s	*
#epoch[96]:	4.8e-04	1.56367	90.51%	54.79%	50.24%	53.34%	45.40%	64.7s	*
#epoch[97]:	4.6e-04	1.58052	90.22%	53.44%	50.24%	51.50%	44.63%	65.8s
#epoch[98]:	4.3e-04	1.53501	90.22%	53.44%	49.95%	51.40%	44.14%	65.9s
#epoch[99]:	4.1e-04	1.50233	90.32%	54.70%	49.66%	52.76%	44.43%	65.4s
#epoch[100]:	3.8e-04	1.51965	89.93%	52.57%	49.56%	50.63%	42.88%	65.4s
#epoch[101]:	3.6e-04	1.46028	90.13%	54.60%	51.11%	52.76%	44.72%	65.6s
#epoch[102]:	3.4e-04	1.46931	89.84%	55.08%	50.44%	53.05%	45.11%	65.9s
#epoch[103]:	3.2e-04	1.46933	89.93%	57.41%	51.02%	55.28%	46.37%	65.5s	*
#epoch[104]:	2.9e-04	1.43661	89.55%	52.86%	50.82%	51.21%	44.82%	65.3s
#epoch[105]:	2.7e-04	1.42182	90.42%	54.50%	50.82%	52.95%	45.11%	65.7s
#epoch[106]:	2.5e-04	1.43549	89.16%	57.89%	51.98%	55.28%	47.24%	65.5s	*
#epoch[107]:	2.3e-04	1.40830	89.74%	52.57%	48.89%	50.73%	42.50%	65.5s
#epoch[108]:	2.1e-04	1.40645	89.64%	55.28%	50.73%	53.15%	44.92%	66.2s
#epoch[109]:	1.9e-04	1.40262	90.13%	57.21%	51.89%	55.18%	46.37%	66.1s
#epoch[110]:	1.7e-04	1.40524	89.45%	52.08%	49.95%	49.76%	42.98%	68.5s
#epoch[111]:	1.5e-04	1.37638	89.16%	50.24%	48.31%	48.11%	41.63%	72.8s
#epoch[112]:	1.4e-04	1.36690	90.13%	56.44%	52.37%	54.02%	46.08%	72.2s
#epoch[113]:	1.2e-04	1.34121	90.03%	56.92%	53.05%	54.70%	47.63%	72.4s	*
#epoch[114]:	1.1e-04	1.35691	89.45%	53.44%	49.66%	51.11%	43.18%	72.2s
#epoch[115]:	9.3e-05	1.37212	88.48%	53.73%	50.53%	50.82%	43.47%	72.5s
#epoch[116]:	8.0e-05	1.35079	90.13%	54.70%	50.63%	52.27%	44.05%	72.4s
#epoch[117]:	6.8e-05	1.35578	89.93%	50.73%	48.98%	48.69%	42.01%	72.1s
#epoch[118]:	5.8e-05	1.35652	89.55%	53.73%	50.73%	51.60%	43.76%	68.6s
#epoch[119]:	4.8e-05	1.34138	89.93%	53.92%	50.53%	51.79%	43.56%	74.2s
#epoch[120]:	3.9e-05	1.35279	89.45%	51.69%	47.73%	49.47%	41.82%	74.9s
#epoch[121]:	3.1e-05	1.34196	89.64%	55.28%	51.50%	52.76%	44.43%	65.9s
#epoch[122]:	2.5e-05	1.35546	89.25%	53.92%	49.56%	51.02%	42.98%	65.2s
#epoch[123]:	2.0e-05	1.33265	89.74%	55.66%	51.11%	53.15%	44.53%	65.3s
#epoch[124]:	1.5e-05	1.34284	89.45%	49.08%	47.34%	47.05%	39.98%	65.4s
#epoch[125]:	1.2e-05	1.33702	89.84%	53.73%	49.95%	51.69%	44.14%	65.1s
#epoch[126]:	1.1e-05	1.36511	89.25%	55.47%	51.79%	53.05%	45.11%	65.3s
#epoch[127]:	1.0e-05	1.34405	90.03%	54.21%	51.11%	51.89%	44.14%	65.1s
#epoch[128]:	1.0e-03	1.83869	78.90%	34.17%	32.24%	29.53%	24.69%	65.1s
#epoch[129]:	1.0e-03	1.88634	84.32%	40.27%	37.17%	37.85%	30.88%	65.0s
#epoch[130]:	9.9e-04	1.79139	88.09%	43.56%	39.30%	42.21%	34.27%	65.6s
#epoch[131]:	9.9e-04	1.72715	86.25%	42.88%	39.88%	40.37%	32.91%	65.9s
#epoch[132]:	9.9e-04	1.68862	90.51%	38.53%	35.82%	37.66%	31.46%	65.4s
#epoch[133]:	9.8e-04	1.58986	85.58%	41.43%	38.04%	38.82%	32.04%	65.5s
#epoch[134]:	9.7e-04	1.58832	89.74%	49.76%	46.27%	48.50%	41.43%	65.3s
#epoch[135]:	9.6e-04	1.55500	89.25%	47.34%	45.11%	46.37%	39.59%	65.1s
#epoch[136]:	9.5e-04	1.50240	89.25%	50.53%	48.40%	48.79%	42.88%	65.7s
#epoch[137]:	9.4e-04	1.50099	90.32%	50.24%	45.89%	48.89%	41.24%	65.2s
#epoch[138]:	9.3e-04	1.43928	90.61%	54.40%	50.53%	53.24%	46.66%	66.2s
#epoch[139]:	9.2e-04	1.42405	89.45%	57.60%	52.18%	54.70%	47.73%	66.7s	*
#epoch[140]:	9.0e-04	1.41389	89.16%	51.60%	48.60%	49.95%	43.47%	68.1s
#epoch[141]:	8.9e-04	1.37712	86.74%	48.89%	45.89%	46.56%	39.21%	67.8s
#epoch[142]:	8.7e-04	1.33261	90.22%	55.47%	51.31%	53.24%	45.50%	67.1s
#epoch[143]:	8.6e-04	1.33642	89.93%	53.15%	50.82%	51.50%	44.82%	66.3s
#epoch[144]:	8.4e-04	1.30446	89.84%	51.50%	48.98%	50.05%	43.56%	66.4s
#epoch[145]:	8.2e-04	1.27444	89.74%	50.34%	49.27%	48.79%	42.30%	65.9s
#epoch[146]:	8.0e-04	1.28448	89.06%	52.08%	49.08%	50.15%	43.37%	71.9s
#epoch[147]:	7.8e-04	1.25363	88.67%	54.60%	50.44%	52.08%	44.72%	72.3s
#epoch[148]:	7.6e-04	1.24739	90.61%	52.66%	49.18%	51.50%	44.05%	72.2s
#epoch[149]:	7.4e-04	1.21998	89.35%	53.34%	50.34%	51.40%	44.72%	69.3s
#epoch[150]:	7.2e-04	1.19138	89.64%	51.79%	48.31%	49.95%	43.56%	66.3s
#epoch[151]:	6.9e-04	1.17538	90.22%	55.76%	53.15%	54.40%	48.40%	65.6s	*
#epoch[152]:	6.7e-04	1.16385	90.32%	52.66%	49.27%	51.50%	44.24%	68.2s
#epoch[153]:	6.5e-04	1.14898	89.55%	51.31%	48.50%	49.85%	43.47%	66.0s
#epoch[154]:	6.3e-04	1.14053	89.84%	45.01%	41.05%	43.85%	36.59%	64.9s
#epoch[155]:	6.0e-04	1.10070	89.74%	49.66%	46.66%	48.21%	41.34%	66.8s
#epoch[156]:	5.8e-04	1.09852	89.35%	56.15%	51.79%	54.40%	48.02%	65.6s
#epoch[157]:	5.5e-04	1.09763	88.00%	52.47%	50.15%	50.24%	44.43%	65.3s
#epoch[158]:	5.3e-04	1.09472	89.84%	56.24%	52.66%	54.40%	48.21%	65.5s
#epoch[159]:	5.1e-04	1.07207	86.45%	53.24%	51.79%	50.15%	43.47%	66.7s
#epoch[160]:	4.8e-04	1.03047	87.90%	51.02%	48.60%	48.60%	42.69%	64.6s
#epoch[161]:	4.6e-04	1.03968	88.96%	53.82%	50.82%	51.69%	45.21%	65.7s
#epoch[162]:	4.3e-04	1.01499	90.90%	57.31%	52.76%	55.76%	48.60%	65.0s	*
#epoch[163]:	4.1e-04	1.03712	87.32%	50.73%	47.24%	47.92%	40.37%	65.4s
#epoch[164]:	3.8e-04	0.99851	89.16%	52.47%	48.98%	50.53%	43.95%	66.7s
#epoch[165]:	3.6e-04	0.99935	89.45%	48.40%	45.60%	46.56%	40.27%	71.1s
#epoch[166]:	3.4e-04	1.00300	88.96%	56.15%	53.34%	53.82%	47.24%	67.6s
#epoch[167]:	3.2e-04	0.99596	89.84%	54.21%	51.40%	52.37%	45.40%	67.2s
#epoch[168]:	2.9e-04	0.99618	88.48%	52.66%	50.05%	50.53%	43.95%	65.4s
#epoch[169]:	2.7e-04	0.97989	89.45%	55.28%	53.53%	53.44%	47.53%	68.0s
#epoch[170]:	2.5e-04	0.95768	89.55%	56.15%	53.53%	54.31%	47.53%	67.2s
#epoch[171]:	2.3e-04	0.94744	88.67%	53.05%	50.15%	50.82%	43.95%	68.1s
#epoch[172]:	2.1e-04	0.95701	89.16%	57.02%	52.95%	54.79%	47.34%	67.5s
#epoch[173]:	1.9e-04	0.94464	89.55%	54.40%	50.82%	52.57%	45.40%	64.5s
#epoch[174]:	1.7e-04	0.92780	89.45%	51.89%	49.56%	50.05%	43.56%	69.2s
#epoch[175]:	1.5e-04	0.93359	89.84%	58.28%	53.24%	55.66%	49.08%	71.4s	*
#epoch[176]:	1.4e-04	0.94182	88.48%	49.85%	46.56%	47.92%	41.34%	67.3s
#epoch[177]:	1.2e-04	0.92444	88.87%	52.47%	49.37%	50.34%	43.08%	68.8s
#epoch[178]:	1.1e-04	0.91080	89.64%	54.50%	51.89%	52.47%	46.18%	67.3s
#epoch[179]:	9.3e-05	0.90662	88.58%	54.89%	52.08%	52.86%	46.56%	68.4s
#epoch[180]:	8.0e-05	0.91273	88.48%	53.53%	50.73%	51.40%	44.53%	67.2s
#epoch[181]:	6.8e-05	0.91031	88.67%	53.53%	51.50%	51.50%	45.21%	67.7s
#epoch[182]:	5.8e-05	0.90385	88.67%	54.11%	52.08%	51.98%	45.89%	67.1s
#epoch[183]:	4.8e-05	0.90218	88.58%	53.92%	52.47%	51.60%	45.69%	68.3s
#epoch[184]:	3.9e-05	0.92014	88.77%	54.79%	52.76%	52.47%	46.37%	67.3s
#epoch[185]:	3.1e-05	0.90837	88.87%	53.82%	50.73%	51.79%	45.40%	66.7s
#epoch[186]:	2.5e-05	0.89370	89.64%	54.50%	53.53%	52.57%	46.76%	67.0s
#epoch[187]:	2.0e-05	0.92144	89.55%	57.21%	52.86%	54.89%	48.50%	68.2s
#epoch[188]:	1.5e-05	0.89222	88.96%	55.76%	54.02%	53.24%	47.24%	68.0s
#epoch[189]:	1.2e-05	0.90593	88.48%	53.73%	50.92%	51.50%	45.21%	68.6s
#epoch[190]:	1.1e-05	0.91467	89.93%	55.95%	53.63%	53.82%	47.34%	67.8s
#epoch[191]:	1.0e-05	0.90824	89.06%	57.21%	52.86%	54.50%	47.43%	71.0s
#epoch[192]:	1.0e-03	1.12612	88.38%	41.82%	37.37%	39.88%	32.53%	69.3s
#epoch[193]:	1.0e-03	1.37729	88.87%	46.56%	42.50%	45.21%	36.88%	68.9s
#epoch[194]:	9.9e-04	1.40363	88.38%	52.66%	48.02%	50.63%	42.59%	67.6s
#epoch[195]:	9.9e-04	1.31433	89.64%	47.92%	42.59%	46.56%	38.04%	67.6s
#epoch[196]:	9.9e-04	1.25261	88.87%	53.73%	50.82%	51.60%	44.72%	66.6s
#epoch[197]:	9.8e-04	1.20300	88.87%	55.37%	51.02%	52.86%	45.40%	72.1s
#epoch[198]:	9.7e-04	1.15104	88.96%	49.37%	46.37%	47.43%	40.85%	66.0s
#epoch[199]:	9.6e-04	1.12608	88.29%	49.08%	43.85%	47.14%	38.82%	65.9s
#epoch[200]:	9.5e-04	1.10809	88.38%	52.57%	48.60%	50.92%	43.66%	67.5s
#epoch[201]:	9.4e-04	1.06992	89.35%	55.47%	51.69%	53.92%	47.05%	67.2s
#epoch[202]:	9.3e-04	1.05437	89.16%	55.86%	51.60%	53.73%	47.24%	65.2s
#epoch[203]:	9.2e-04	1.02098	90.13%	53.53%	49.27%	52.37%	45.50%	65.9s
#epoch[204]:	9.0e-04	1.00799	88.09%	55.57%	49.95%	52.95%	45.60%	64.7s
#epoch[205]:	8.9e-04	0.99145	89.35%	49.76%	46.08%	48.31%	41.63%	65.1s
#epoch[206]:	8.7e-04	0.93346	90.03%	52.08%	49.27%	50.44%	43.18%	65.3s
#epoch[207]:	8.6e-04	0.92955	88.29%	56.92%	51.69%	54.40%	47.14%	66.6s
#epoch[208]:	8.4e-04	0.94369	89.06%	52.66%	50.73%	51.11%	45.60%	65.8s
#epoch[209]:	8.2e-04	0.91228	89.93%	55.86%	52.47%	54.11%	47.63%	65.8s
#epoch[210]:	8.0e-04	0.89132	88.67%	54.40%	51.40%	51.60%	45.11%	64.6s
#epoch[211]:	7.8e-04	0.86666	88.29%	58.18%	52.76%	54.99%	47.53%	65.8s
#epoch[212]:	7.6e-04	0.86738	88.77%	54.02%	51.11%	51.69%	45.21%	65.7s
#epoch[213]:	7.4e-04	0.85851	89.25%	53.53%	51.21%	51.89%	44.92%	65.7s
#epoch[214]:	7.2e-04	0.83759	88.00%	51.69%	48.60%	49.85%	43.47%	66.3s
#epoch[215]:	6.9e-04	0.84404	89.06%	58.66%	53.82%	56.05%	48.79%	64.8s
#epoch[216]:	6.7e-04	0.82119	89.74%	54.21%	50.53%	52.76%	46.66%	64.3s
#epoch[217]:	6.5e-04	0.83268	90.32%	54.89%	51.60%	53.34%	46.66%	67.5s
#epoch[218]:	6.3e-04	0.81210	88.29%	58.37%	53.05%	55.47%	48.31%	65.4s
#epoch[219]:	6.0e-04	0.79569	89.16%	58.86%	53.82%	56.34%	49.37%	67.1s	*
#epoch[220]:	5.8e-04	0.78332	89.55%	57.89%	53.92%	55.95%	49.37%	68.4s
#epoch[221]:	5.5e-04	0.77065	89.45%	57.70%	53.73%	55.57%	48.60%	66.9s
#epoch[222]:	5.3e-04	0.76957	90.03%	52.47%	49.27%	51.11%	45.21%	69.3s
#epoch[223]:	5.1e-04	0.76818	89.45%	55.57%	52.95%	53.34%	47.43%	66.4s
#epoch[224]:	4.8e-04	0.73522	89.74%	57.21%	53.05%	54.79%	47.34%	65.7s
#epoch[225]:	4.6e-04	0.76859	88.38%	56.73%	53.92%	54.40%	47.92%	66.3s
#epoch[226]:	4.3e-04	0.74205	87.61%	53.44%	50.63%	51.02%	45.50%	65.4s
#epoch[227]:	4.1e-04	0.72898	89.16%	56.82%	53.82%	54.99%	47.92%	66.7s
#epoch[228]:	3.8e-04	0.71770	88.09%	52.86%	49.85%	50.53%	44.43%	65.9s
#epoch[229]:	3.6e-04	0.70928	88.09%	54.21%	50.73%	51.50%	45.98%	65.0s
#epoch[230]:	3.4e-04	0.70654	88.38%	53.73%	50.53%	51.40%	45.11%	66.3s
#epoch[231]:	3.2e-04	0.70817	89.45%	53.63%	50.24%	51.89%	45.60%	66.8s
#epoch[232]:	2.9e-04	0.69673	88.09%	55.86%	52.86%	53.24%	46.95%	65.7s
#epoch[233]:	2.7e-04	0.70825	89.35%	51.40%	49.47%	49.56%	43.56%	65.1s
#epoch[234]:	2.5e-04	0.69750	89.06%	56.53%	52.47%	54.79%	47.43%	67.0s
#epoch[235]:	2.3e-04	0.68764	89.16%	57.60%	54.02%	55.57%	48.89%	64.7s
#epoch[236]:	2.1e-04	0.69213	88.19%	52.86%	49.56%	50.73%	44.63%	65.4s
#epoch[237]:	1.9e-04	0.68259	88.00%	53.63%	49.66%	51.50%	45.01%	65.6s
#epoch[238]:	1.7e-04	0.66918	88.58%	56.82%	52.86%	54.60%	48.02%	65.2s
#epoch[239]:	1.5e-04	0.68669	88.67%	57.79%	53.82%	55.37%	48.60%	65.8s
#epoch[240]:	1.4e-04	0.66444	88.19%	52.76%	50.24%	50.82%	44.92%	66.8s
#epoch[241]:	1.2e-04	0.68346	88.58%	55.08%	51.50%	52.76%	46.27%	64.9s
#epoch[242]:	1.1e-04	0.66722	88.87%	57.50%	53.05%	55.18%	47.92%	65.8s
#epoch[243]:	9.3e-05	0.65323	89.45%	55.66%	52.66%	53.82%	47.53%	66.2s
#epoch[244]:	8.0e-05	0.65831	89.25%	52.76%	49.95%	51.11%	45.11%	64.7s
#epoch[245]:	6.8e-05	0.65536	89.55%	54.31%	50.63%	52.86%	46.37%	64.4s
#epoch[246]:	5.8e-05	0.66393	89.74%	55.47%	52.76%	54.02%	47.82%	66.0s
#epoch[247]:	4.8e-05	0.65522	89.35%	55.37%	51.31%	53.44%	46.95%	67.6s
#epoch[248]:	3.9e-05	0.66454	88.96%	55.18%	51.02%	53.24%	46.47%	65.4s
#epoch[249]:	3.1e-05	0.65156	88.77%	54.31%	50.82%	52.18%	45.79%	64.6s
#epoch[250]:	2.5e-05	0.65396	87.90%	53.24%	50.15%	50.82%	44.63%	68.7s
#epoch[251]:	2.0e-05	0.67193	89.74%	54.40%	49.95%	52.66%	45.60%	69.1s
#epoch[252]:	1.5e-05	0.67221	89.45%	54.40%	52.18%	52.66%	46.85%	67.1s
#epoch[253]:	1.2e-05	0.65134	88.87%	57.02%	52.76%	54.60%	47.73%	64.3s
#epoch[254]:	1.1e-05	0.64946	88.87%	55.37%	52.08%	53.34%	47.14%	65.1s
#epoch[255]:	1.0e-05	0.64659	89.35%	57.41%	52.86%	55.28%	47.92%	64.9s
#epoch[256]:	1.0e-03	0.77758	89.06%	47.14%	44.34%	45.60%	39.59%	65.8s
#epoch[257]:	1.0e-03	0.87715	88.96%	48.50%	46.27%	46.47%	40.46%	64.8s
#epoch[258]:	9.9e-04	0.95924	88.96%	50.44%	43.66%	48.98%	40.08%	66.3s
#epoch[259]:	9.9e-04	0.98454	89.64%	46.47%	41.63%	44.92%	36.40%	66.0s
#epoch[260]:	9.9e-04	0.95668	89.93%	46.76%	43.37%	45.30%	39.30%	65.0s
#epoch[261]:	9.8e-04	0.95271	88.67%	50.92%	45.01%	49.37%	40.17%	65.9s
#epoch[262]:	9.7e-04	0.87205	87.51%	45.89%	42.30%	43.85%	36.98%	67.0s
#epoch[263]:	9.6e-04	0.83772	89.55%	49.76%	46.27%	47.82%	40.46%	65.8s
#epoch[264]:	9.5e-04	0.82457	88.96%	54.02%	50.63%	52.27%	44.92%	65.5s
#epoch[265]:	9.4e-04	0.79894	88.67%	50.92%	48.11%	49.27%	43.18%	69.4s
#epoch[266]:	9.3e-04	0.76363	88.38%	55.18%	50.44%	53.15%	46.08%	66.2s
#epoch[267]:	9.2e-04	0.78086	89.35%	57.21%	53.44%	55.57%	49.27%	66.3s
#epoch[268]:	9.0e-04	0.75347	87.61%	53.92%	50.24%	51.40%	45.11%	67.5s
#epoch[269]:	8.9e-04	0.72854	88.77%	52.47%	48.79%	50.73%	42.98%	66.2s
#epoch[270]:	8.7e-04	0.70868	88.48%	52.18%	48.89%	50.53%	43.56%	69.9s
#epoch[271]:	8.6e-04	0.68896	90.42%	52.47%	51.21%	50.44%	43.76%	65.2s
#epoch[272]:	8.4e-04	0.69127	89.45%	53.63%	51.50%	51.69%	45.01%	65.7s
#epoch[273]:	8.2e-04	0.66823	89.93%	52.37%	49.95%	50.82%	44.53%	65.1s
#epoch[274]:	8.0e-04	0.66518	90.13%	51.89%	48.02%	50.63%	43.76%	65.9s
#epoch[275]:	7.8e-04	0.63836	89.74%	55.37%	51.50%	54.02%	47.24%	66.4s
#epoch[276]:	7.6e-04	0.65043	88.77%	55.47%	51.69%	53.24%	47.24%	65.9s
#epoch[277]:	7.4e-04	0.63724	86.64%	50.44%	46.76%	47.82%	41.53%	66.1s
#epoch[278]:	7.2e-04	0.62425	88.48%	55.47%	52.66%	53.53%	47.14%	65.8s
#epoch[279]:	6.9e-04	0.61655	89.64%	54.79%	52.57%	52.95%	47.24%	65.5s
#epoch[280]:	6.7e-04	0.61451	88.48%	55.57%	52.08%	53.44%	46.47%	65.4s
#epoch[281]:	6.5e-04	0.61770	87.71%	52.57%	49.66%	50.34%	43.85%	65.4s
#epoch[282]:	6.3e-04	0.61604	90.13%	53.34%	51.31%	52.18%	46.47%	66.0s
#epoch[283]:	6.0e-04	0.58812	88.87%	57.02%	52.95%	54.70%	47.43%	65.3s
#epoch[284]:	5.8e-04	0.57728	89.35%	51.21%	46.66%	49.27%	42.11%	65.0s
#epoch[285]:	5.5e-04	0.57844	89.35%	55.86%	52.86%	53.73%	47.53%	65.5s
#epoch[286]:	5.3e-04	0.56618	89.25%	55.47%	51.60%	53.53%	46.95%	64.5s
#epoch[287]:	5.1e-04	0.57516	89.35%	57.79%	53.63%	55.28%	49.08%	64.8s
#epoch[288]:	4.8e-04	0.56680	88.87%	54.21%	51.11%	52.18%	45.79%	66.4s
#epoch[289]:	4.6e-04	0.55355	90.51%	50.63%	48.50%	49.47%	42.98%	65.0s
#epoch[290]:	4.3e-04	0.56407	89.25%	56.63%	52.47%	53.82%	47.53%	65.5s
#epoch[291]:	4.1e-04	0.55180	89.55%	53.92%	51.50%	52.57%	45.98%	65.0s
#epoch[292]:	3.8e-04	0.54777	88.48%	51.60%	48.50%	49.76%	42.79%	66.3s
#epoch[293]:	3.6e-04	0.54302	89.25%	56.24%	53.34%	54.40%	48.31%	66.2s
#epoch[294]:	3.4e-04	0.54231	88.67%	55.08%	53.05%	53.24%	48.02%	64.8s
#epoch[295]:	3.2e-04	0.54323	90.22%	57.31%	53.34%	55.18%	48.02%	65.4s
#epoch[296]:	2.9e-04	0.54275	88.67%	52.57%	51.11%	50.44%	45.01%	64.9s
#epoch[297]:	2.7e-04	0.53081	89.16%	57.89%	54.40%	55.08%	48.89%	65.3s
#epoch[298]:	2.5e-04	0.52280	89.25%	57.70%	55.08%	55.57%	49.37%	66.8s
#epoch[299]:	2.3e-04	0.52946	89.45%	53.15%	50.05%	51.69%	44.53%	65.6s
#epoch[300]:	2.1e-04	0.51819	89.64%	54.02%	51.89%	52.66%	46.27%	64.5s
#epoch[301]:	1.9e-04	0.53011	89.25%	53.92%	53.05%	52.27%	46.56%	66.6s
#epoch[302]:	1.7e-04	0.51555	89.45%	57.21%	53.44%	54.79%	48.40%	64.9s
#epoch[303]:	1.5e-04	0.52019	89.25%	58.66%	53.92%	55.47%	48.31%	65.2s
#epoch[304]:	1.4e-04	0.50848	89.55%	52.76%	51.60%	51.31%	45.01%	65.0s
#epoch[305]:	1.2e-04	0.50616	89.25%	53.92%	51.40%	52.66%	46.08%	67.1s
#epoch[306]:	1.1e-04	0.50384	89.25%	51.40%	48.60%	49.76%	43.08%	69.3s
#epoch[307]:	9.3e-05	0.50473	89.25%	58.08%	53.92%	55.66%	48.79%	67.9s
#epoch[308]:	8.0e-05	0.50651	88.48%	56.63%	51.89%	54.02%	46.18%	65.9s
#epoch[309]:	6.8e-05	0.50832	89.55%	51.60%	49.76%	50.34%	43.76%	64.3s
#epoch[310]:	5.8e-05	0.49673	89.16%	55.18%	52.76%	53.44%	46.76%	66.9s
#epoch[311]:	4.8e-05	0.50577	89.45%	57.79%	53.15%	56.05%	49.08%	64.5s
#epoch[312]:	3.9e-05	0.50854	88.96%	57.02%	53.53%	55.37%	48.50%	65.0s
#epoch[313]:	3.1e-05	0.49730	88.77%	56.63%	53.05%	54.99%	47.73%	64.5s
#epoch[314]:	2.5e-05	0.50416	89.16%	54.70%	52.37%	53.15%	46.85%	76.4s
#epoch[315]:	2.0e-05	0.50520	88.77%	54.89%	52.57%	53.34%	46.95%	67.1s
#epoch[316]:	1.5e-05	0.50138	89.25%	47.24%	44.43%	45.30%	39.11%	63.9s
#epoch[317]:	1.2e-05	0.50140	89.35%	57.12%	53.15%	55.86%	48.69%	65.1s
#epoch[318]:	1.1e-05	0.50377	88.67%	53.05%	51.21%	51.40%	45.30%	65.5s
#epoch[319]:	1.0e-05	0.49906	89.06%	57.21%	52.27%	55.37%	47.73%	67.7s
#done!!!  2020-12-14  05:10:15
