#start!!!  2020-12-14  12:16:02
#cuda devices: 0
#loading data ...
#building model ...
#model: TransNet2(depth=6, width=512)
#training model ...
#epoch[1]:	1.0e-05	4.37718	81.99%	15.88%	10.26%	15.20%	5.52%	52.7s	*
#epoch[2]:	5.1e-04	3.86157	82.96%	17.91%	13.75%	16.17%	5.32%	51.4s
#epoch[3]:	1.0e-05	3.61040	82.87%	20.72%	15.00%	19.26%	9.29%	51.4s	*
#epoch[4]:	8.6e-04	3.54880	82.38%	21.49%	17.52%	19.94%	9.39%	52.1s	*
#epoch[5]:	5.1e-04	3.38995	84.03%	24.59%	18.97%	23.33%	12.88%	51.9s	*
#epoch[6]:	1.6e-04	3.28208	83.93%	25.75%	19.65%	23.91%	14.23%	52.0s	*
#epoch[7]:	1.0e-05	3.21981	84.32%	27.01%	20.04%	25.56%	15.39%	51.2s	*
#epoch[8]:	9.6e-04	3.23440	82.96%	24.20%	20.04%	23.04%	14.04%	52.2s
#epoch[9]:	8.6e-04	3.11732	84.51%	27.01%	22.36%	26.04%	16.26%	51.5s	*
#epoch[10]:	6.9e-04	3.02074	84.51%	31.27%	23.43%	29.04%	17.04%	52.3s	*
#epoch[11]:	5.1e-04	2.92603	84.70%	33.01%	27.11%	32.04%	21.30%	51.3s	*
#epoch[12]:	3.2e-04	2.83980	85.29%	36.69%	29.82%	34.37%	23.43%	51.7s	*
#epoch[13]:	1.6e-04	2.78938	86.06%	39.50%	31.07%	37.17%	26.43%	52.1s	*
#epoch[14]:	4.8e-05	2.75294	85.77%	39.40%	32.04%	37.46%	25.94%	51.6s
#epoch[15]:	1.0e-05	2.71227	85.87%	39.98%	32.91%	37.66%	27.11%	51.7s	*
#epoch[16]:	9.9e-04	2.81211	84.80%	37.37%	29.62%	35.33%	24.01%	55.1s
#epoch[17]:	9.6e-04	2.70710	84.41%	38.04%	31.95%	35.14%	24.59%	57.1s
#epoch[18]:	9.2e-04	2.60053	86.16%	44.53%	39.30%	41.63%	31.56%	56.9s	*
#epoch[19]:	8.6e-04	2.48634	84.70%	43.76%	39.88%	40.76%	30.59%	56.9s
#epoch[20]:	7.8e-04	2.38652	85.87%	48.89%	43.95%	45.50%	36.21%	58.7s	*
#epoch[21]:	6.9e-04	2.30572	87.32%	51.21%	45.89%	47.82%	38.14%	51.3s	*
#epoch[22]:	6.0e-04	2.19353	87.51%	53.15%	46.85%	49.95%	39.88%	51.8s	*
#epoch[23]:	5.1e-04	2.11748	88.67%	54.02%	50.63%	51.60%	43.18%	51.6s	*
#epoch[24]:	4.1e-04	2.04548	88.29%	55.95%	51.69%	52.76%	43.37%	51.6s	*
#epoch[25]:	3.2e-04	1.97210	88.96%	57.12%	53.73%	54.40%	45.60%	52.3s	*
#epoch[26]:	2.3e-04	1.93090	89.06%	59.05%	55.76%	56.44%	47.73%	51.7s	*
#epoch[27]:	1.6e-04	1.86639	90.13%	60.89%	56.53%	58.08%	48.89%	51.3s	*
#epoch[28]:	9.3e-05	1.86855	89.25%	60.79%	57.79%	57.89%	49.76%	52.0s	*
#epoch[29]:	4.8e-05	1.82640	89.84%	61.28%	57.99%	59.15%	50.15%	59.3s	*
#epoch[30]:	2.0e-05	1.80898	90.13%	60.89%	57.99%	58.18%	49.76%	52.3s
#epoch[31]:	1.0e-05	1.80993	89.74%	60.60%	58.18%	57.99%	49.56%	51.8s
#epoch[32]:	1.0e-03	1.97849	88.96%	56.53%	51.50%	53.24%	44.24%	60.5s
#epoch[33]:	9.9e-04	1.89747	89.45%	60.60%	57.41%	57.70%	50.53%	52.0s	*
#epoch[34]:	9.8e-04	1.76998	90.32%	61.37%	57.12%	58.57%	49.37%	51.4s
#epoch[35]:	9.6e-04	1.71456	88.77%	63.41%	58.95%	60.79%	52.95%	51.5s	*
#epoch[36]:	9.4e-04	1.61215	90.71%	65.25%	61.96%	62.25%	55.28%	54.2s	*
#epoch[37]:	9.2e-04	1.54887	90.80%	65.63%	61.96%	62.92%	54.89%	52.0s
#epoch[38]:	8.9e-04	1.44017	91.77%	65.73%	63.02%	63.70%	55.57%	51.2s	*
#epoch[39]:	8.6e-04	1.38794	91.00%	67.86%	63.50%	65.05%	57.12%	60.2s	*
#epoch[40]:	8.2e-04	1.30852	91.00%	68.83%	64.96%	66.60%	58.95%	62.1s	*
#epoch[41]:	7.8e-04	1.25487	91.09%	69.89%	65.15%	67.86%	60.21%	54.0s	*
#epoch[42]:	7.4e-04	1.18556	92.16%	69.80%	65.92%	67.67%	60.21%	52.1s
#epoch[43]:	6.9e-04	1.14360	89.16%	71.15%	67.47%	66.89%	60.60%	61.7s	*
#epoch[44]:	6.5e-04	1.08516	92.45%	71.64%	67.28%	69.89%	62.63%	51.6s	*
#epoch[45]:	6.0e-04	1.03126	92.45%	72.41%	68.34%	70.57%	63.89%	52.2s	*
#epoch[46]:	5.5e-04	0.99668	92.26%	72.89%	70.28%	70.57%	64.18%	51.6s	*
#epoch[47]:	5.1e-04	0.94980	92.35%	74.64%	72.02%	72.22%	66.12%	57.8s	*
#epoch[48]:	4.6e-04	0.90497	92.45%	73.57%	71.25%	71.15%	64.76%	51.9s
#epoch[49]:	4.1e-04	0.87497	92.55%	75.02%	71.93%	72.70%	66.31%	51.7s	*
#epoch[50]:	3.6e-04	0.83335	92.35%	75.12%	71.93%	72.70%	67.28%	51.8s	*
#epoch[51]:	3.2e-04	0.82407	93.03%	75.51%	72.70%	73.28%	67.18%	51.6s
#epoch[52]:	2.7e-04	0.80700	93.61%	76.57%	72.99%	74.73%	68.73%	51.4s	*
#epoch[53]:	2.3e-04	0.78411	93.61%	76.77%	73.18%	75.51%	68.83%	51.9s	*
#epoch[54]:	1.9e-04	0.74698	93.42%	76.67%	73.09%	74.83%	69.02%	51.6s	*
#epoch[55]:	1.6e-04	0.74574	93.61%	76.86%	72.80%	74.73%	68.54%	61.5s
#epoch[56]:	1.2e-04	0.73673	94.00%	77.06%	72.41%	75.22%	68.73%	51.3s
#epoch[57]:	9.3e-05	0.71654	93.80%	76.96%	73.57%	75.31%	69.41%	62.9s	*
#epoch[58]:	6.8e-05	0.71199	93.22%	77.15%	73.28%	75.02%	68.73%	53.6s
#epoch[59]:	4.8e-05	0.69979	93.80%	77.73%	73.48%	75.90%	69.51%	53.5s	*
#epoch[60]:	3.1e-05	0.70565	93.80%	77.35%	73.28%	75.61%	69.12%	56.3s
#epoch[61]:	2.0e-05	0.70560	93.61%	77.54%	73.18%	75.51%	68.93%	58.1s
#epoch[62]:	1.2e-05	0.70042	93.71%	77.64%	73.86%	75.70%	69.60%	56.6s	*
#epoch[63]:	1.0e-05	0.70231	93.71%	77.64%	73.18%	75.70%	68.93%	54.9s
#epoch[64]:	1.0e-03	0.84678	92.45%	73.18%	70.57%	70.57%	65.15%	51.8s
#epoch[65]:	1.0e-03	0.78997	91.87%	75.51%	71.83%	73.28%	66.89%	52.1s
#epoch[66]:	9.9e-04	0.74719	92.16%	75.61%	72.89%	72.80%	66.99%	51.7s
#epoch[67]:	9.9e-04	0.68926	93.42%	76.28%	73.38%	75.02%	68.73%	51.8s
#epoch[68]:	9.9e-04	0.65513	92.35%	75.99%	73.86%	73.18%	68.05%	56.0s
#epoch[69]:	9.8e-04	0.61684	92.84%	76.48%	73.77%	74.54%	68.25%	51.9s
#epoch[70]:	9.7e-04	0.56007	92.84%	76.57%	74.15%	74.35%	69.02%	51.7s
#epoch[71]:	9.6e-04	0.52617	92.35%	77.35%	74.83%	74.44%	68.34%	51.7s
#epoch[72]:	9.5e-04	0.50632	93.51%	77.25%	75.90%	75.02%	69.80%	52.1s	*
#epoch[73]:	9.4e-04	0.47739	93.51%	77.06%	75.51%	75.31%	70.86%	51.9s	*
#epoch[74]:	9.3e-04	0.45177	94.29%	78.03%	74.73%	76.38%	70.57%	51.8s
#epoch[75]:	9.2e-04	0.41965	94.19%	77.54%	75.22%	75.70%	70.18%	52.0s
#epoch[76]:	9.0e-04	0.40404	93.13%	77.35%	76.28%	75.31%	70.28%	51.9s
#epoch[77]:	8.9e-04	0.36821	93.71%	78.03%	75.99%	76.48%	71.64%	52.7s	*
#epoch[78]:	8.7e-04	0.35523	94.19%	78.90%	76.48%	77.25%	72.41%	57.2s	*
#epoch[79]:	8.6e-04	0.32867	94.00%	78.32%	76.67%	76.77%	72.12%	51.9s
#epoch[80]:	8.4e-04	0.32407	94.29%	78.70%	76.09%	77.54%	72.02%	51.3s
#epoch[81]:	8.2e-04	0.29759	94.58%	78.61%	77.25%	77.15%	72.31%	51.7s
#epoch[82]:	8.0e-04	0.29448	94.00%	78.51%	77.54%	77.15%	72.89%	52.5s	*
#epoch[83]:	7.8e-04	0.28088	94.09%	78.22%	76.86%	76.57%	71.93%	51.7s
#epoch[84]:	7.6e-04	0.26920	94.19%	79.09%	77.44%	77.73%	73.09%	51.4s	*
#epoch[85]:	7.4e-04	0.25590	94.48%	78.99%	77.25%	77.64%	73.38%	58.4s	*
#epoch[86]:	7.2e-04	0.25008	94.09%	79.57%	77.73%	77.93%	72.99%	52.1s
#epoch[87]:	6.9e-04	0.23991	94.09%	79.19%	77.93%	77.64%	73.09%	52.1s
#epoch[88]:	6.7e-04	0.23278	94.09%	79.38%	77.44%	77.83%	73.18%	51.8s
#epoch[89]:	6.5e-04	0.22918	93.90%	79.28%	78.32%	77.44%	72.99%	52.0s
#epoch[90]:	6.3e-04	0.21977	94.39%	79.57%	77.83%	78.12%	73.48%	52.2s	*
#epoch[91]:	6.0e-04	0.21878	94.00%	78.80%	77.44%	77.06%	72.31%	69.9s
#epoch[92]:	5.8e-04	0.21466	94.19%	79.96%	76.86%	78.32%	72.99%	56.7s
#epoch[93]:	5.5e-04	0.20893	94.68%	80.06%	78.12%	78.90%	73.86%	69.6s	*
#epoch[94]:	5.3e-04	0.20575	94.19%	79.96%	78.22%	78.32%	73.48%	56.4s
#epoch[95]:	5.1e-04	0.20361	94.48%	79.96%	78.51%	78.51%	73.86%	56.4s
#epoch[96]:	4.8e-04	0.20115	94.29%	80.15%	78.41%	78.51%	73.86%	55.0s
#epoch[97]:	4.6e-04	0.19851	94.39%	79.86%	78.22%	78.41%	73.77%	61.3s
#epoch[98]:	4.3e-04	0.19528	94.39%	79.96%	78.22%	78.22%	74.15%	52.3s	*
#epoch[99]:	4.1e-04	0.19425	94.29%	80.35%	78.80%	78.70%	74.25%	56.6s	*
#epoch[100]:	3.8e-04	0.19158	94.39%	80.54%	78.70%	78.80%	74.64%	52.4s	*
#epoch[101]:	3.6e-04	0.18936	94.19%	80.93%	78.80%	79.28%	74.44%	52.6s
#epoch[102]:	3.4e-04	0.18743	94.09%	79.48%	78.61%	77.83%	73.48%	51.8s
#epoch[103]:	3.2e-04	0.18582	94.29%	80.25%	78.41%	78.70%	74.25%	52.0s
#epoch[104]:	2.9e-04	0.18468	94.48%	80.35%	78.41%	78.70%	74.35%	51.8s
#epoch[105]:	2.7e-04	0.18457	94.39%	80.74%	78.61%	78.99%	73.96%	55.0s
#epoch[106]:	2.5e-04	0.18290	94.19%	80.74%	78.80%	79.19%	74.35%	50.9s
#epoch[107]:	2.3e-04	0.18250	94.39%	80.35%	79.09%	78.70%	74.06%	51.8s
#epoch[108]:	2.1e-04	0.18079	94.58%	80.06%	78.90%	78.61%	74.25%	52.0s
#epoch[109]:	1.9e-04	0.18022	94.29%	80.25%	78.99%	78.51%	74.25%	51.5s
#epoch[110]:	1.7e-04	0.18004	94.19%	80.35%	78.80%	78.61%	74.25%	59.9s
#epoch[111]:	1.5e-04	0.17963	94.58%	80.25%	78.99%	78.61%	74.25%	62.3s
#epoch[112]:	1.4e-04	0.18030	94.48%	80.06%	78.90%	78.61%	74.44%	51.8s
#epoch[113]:	1.2e-04	0.17930	94.68%	80.15%	78.90%	78.80%	74.35%	51.6s
#epoch[114]:	1.1e-04	0.17749	94.48%	80.93%	78.70%	79.38%	74.44%	52.0s
#epoch[115]:	9.3e-05	0.17812	94.29%	80.45%	78.90%	78.80%	74.06%	51.7s
#epoch[116]:	8.0e-05	0.17716	94.58%	80.54%	78.90%	78.99%	74.35%	51.8s
#epoch[117]:	6.8e-05	0.17632	94.48%	80.64%	78.70%	79.19%	74.25%	51.8s
#epoch[118]:	5.8e-05	0.17654	94.48%	80.45%	78.90%	78.80%	74.44%	55.8s
#epoch[119]:	4.8e-05	0.17689	94.48%	80.25%	78.70%	78.70%	73.96%	52.2s
#epoch[120]:	3.9e-05	0.17517	94.48%	80.54%	78.99%	78.99%	74.54%	52.5s
#epoch[121]:	3.1e-05	0.17499	94.58%	80.35%	79.09%	78.90%	74.64%	51.8s
#epoch[122]:	2.5e-05	0.17742	94.58%	80.54%	78.90%	78.99%	74.35%	51.5s
#epoch[123]:	2.0e-05	0.17588	94.58%	80.64%	79.28%	79.09%	74.73%	52.3s	*
#epoch[124]:	1.5e-05	0.17564	94.48%	80.54%	79.09%	78.99%	74.54%	60.0s
#epoch[125]:	1.2e-05	0.17585	94.48%	80.35%	78.99%	78.90%	74.35%	52.4s
#epoch[126]:	1.1e-05	0.17546	94.48%	80.45%	78.99%	78.90%	74.35%	56.4s
#epoch[127]:	1.0e-05	0.17538	94.48%	80.45%	78.99%	78.99%	74.44%	52.0s
#epoch[128]:	1.0e-03	0.18147	94.29%	79.86%	78.51%	78.12%	73.96%	51.8s
#epoch[129]:	1.0e-03	0.17928	93.90%	79.77%	78.41%	77.93%	73.38%	52.3s
#epoch[130]:	9.9e-04	0.17622	94.29%	80.25%	78.80%	78.80%	74.54%	52.8s
#epoch[131]:	9.9e-04	0.17537	94.29%	80.06%	78.90%	78.70%	74.44%	52.3s
#epoch[132]:	9.9e-04	0.17118	94.09%	79.86%	78.80%	78.32%	73.67%	52.0s
#epoch[133]:	9.8e-04	0.17038	94.48%	80.15%	79.67%	78.61%	74.54%	51.6s
#epoch[134]:	9.7e-04	0.16688	94.09%	80.35%	78.90%	78.61%	73.67%	51.7s
#epoch[135]:	9.6e-04	0.16717	93.80%	80.25%	79.28%	78.61%	74.15%	59.5s
#epoch[136]:	9.5e-04	0.16437	94.09%	80.06%	79.67%	78.51%	74.64%	53.7s
#epoch[137]:	9.4e-04	0.16346	94.58%	79.96%	79.28%	78.51%	74.25%	52.1s
#epoch[138]:	9.3e-04	0.16287	94.29%	80.64%	79.57%	78.80%	74.64%	51.5s
#epoch[139]:	9.2e-04	0.16165	93.71%	80.45%	79.77%	78.80%	74.73%	51.2s
#epoch[140]:	9.0e-04	0.16009	94.39%	80.74%	79.28%	79.19%	74.25%	51.0s
#epoch[141]:	8.9e-04	0.15877	94.39%	80.15%	79.67%	78.70%	74.73%	51.0s
#epoch[142]:	8.7e-04	0.15752	94.39%	80.54%	79.48%	79.09%	74.83%	52.0s	*
#epoch[143]:	8.6e-04	0.15630	94.09%	81.03%	79.38%	79.28%	74.44%	51.4s
#epoch[144]:	8.4e-04	0.15583	94.39%	81.03%	79.28%	79.57%	74.64%	51.1s
#epoch[145]:	8.2e-04	0.15443	94.68%	81.03%	79.67%	79.38%	74.93%	51.4s	*
#epoch[146]:	8.0e-04	0.15449	94.09%	81.03%	79.86%	79.48%	74.83%	51.0s
#epoch[147]:	7.8e-04	0.15449	94.29%	81.12%	79.67%	79.57%	74.73%	52.5s
#epoch[148]:	7.6e-04	0.15381	94.87%	80.54%	80.15%	79.19%	75.02%	51.0s	*
#epoch[149]:	7.4e-04	0.15307	94.58%	80.83%	79.96%	79.48%	74.93%	50.7s
#epoch[150]:	7.2e-04	0.15179	94.97%	80.45%	79.86%	79.28%	75.12%	53.3s	*
#epoch[151]:	6.9e-04	0.15223	94.58%	80.83%	79.86%	79.48%	74.83%	51.5s
#epoch[152]:	6.7e-04	0.15147	94.48%	80.54%	79.96%	78.99%	74.64%	51.8s
#epoch[153]:	6.5e-04	0.15079	94.48%	80.93%	80.25%	79.38%	75.31%	52.1s	*
#epoch[154]:	6.3e-04	0.15062	94.58%	80.45%	80.25%	79.09%	75.02%	50.7s
#epoch[155]:	6.0e-04	0.14970	94.58%	80.35%	80.45%	78.99%	74.83%	51.8s
#epoch[156]:	5.8e-04	0.14961	94.68%	80.74%	79.67%	79.48%	75.22%	52.0s
#epoch[157]:	5.5e-04	0.14926	94.58%	80.83%	79.77%	79.48%	75.02%	51.5s
#epoch[158]:	5.3e-04	0.14875	94.48%	80.45%	79.86%	78.61%	74.35%	51.5s
#epoch[159]:	5.1e-04	0.14860	94.58%	81.12%	80.06%	79.57%	75.12%	52.2s
#epoch[160]:	4.8e-04	0.14825	94.48%	80.74%	80.15%	79.28%	75.02%	51.1s
#epoch[161]:	4.6e-04	0.14738	94.39%	81.12%	80.64%	79.57%	75.31%	52.1s
#epoch[162]:	4.3e-04	0.14753	94.58%	81.22%	80.64%	79.77%	75.70%	60.4s	*
#epoch[163]:	4.1e-04	0.14771	94.68%	81.32%	80.35%	79.96%	75.51%	51.0s
#epoch[164]:	3.8e-04	0.14687	94.68%	81.41%	79.86%	79.96%	75.22%	51.1s
#epoch[165]:	3.6e-04	0.14710	94.68%	81.12%	80.45%	79.77%	75.31%	51.4s
#epoch[166]:	3.4e-04	0.14690	94.77%	81.22%	80.45%	79.77%	75.31%	51.0s
#epoch[167]:	3.2e-04	0.14655	94.48%	80.93%	80.64%	79.48%	75.22%	51.1s
#epoch[168]:	2.9e-04	0.14597	94.48%	81.12%	80.54%	79.57%	75.22%	51.1s
#epoch[169]:	2.7e-04	0.14602	94.58%	81.03%	80.54%	79.57%	74.93%	51.1s
#epoch[170]:	2.5e-04	0.14616	94.68%	81.22%	80.64%	79.86%	75.51%	63.6s
#epoch[171]:	2.3e-04	0.14549	94.58%	81.70%	80.74%	80.25%	75.80%	62.3s	*
#epoch[172]:	2.1e-04	0.14564	94.77%	81.22%	80.54%	79.96%	75.41%	53.3s
#epoch[173]:	1.9e-04	0.14558	94.58%	81.03%	80.64%	79.57%	75.22%	51.9s
#epoch[174]:	1.7e-04	0.14579	94.68%	81.32%	80.54%	79.86%	75.31%	51.5s
#epoch[175]:	1.5e-04	0.14522	94.39%	81.12%	80.64%	79.57%	75.22%	55.1s
#epoch[176]:	1.4e-04	0.14534	94.39%	81.22%	80.64%	79.67%	75.41%	51.0s
#epoch[177]:	1.2e-04	0.14493	94.48%	81.22%	80.54%	79.77%	75.51%	51.3s
#epoch[178]:	1.1e-04	0.14510	94.48%	81.22%	80.64%	79.57%	75.31%	50.9s
#epoch[179]:	9.3e-05	0.14541	94.77%	81.41%	80.54%	79.96%	75.51%	51.2s
#epoch[180]:	8.0e-05	0.14507	94.58%	81.51%	80.54%	80.06%	75.61%	50.8s
#epoch[181]:	6.8e-05	0.14447	94.39%	81.41%	80.74%	79.86%	75.51%	51.1s
#epoch[182]:	5.8e-05	0.14528	94.48%	81.32%	80.74%	79.86%	75.41%	51.0s
#epoch[183]:	4.8e-05	0.14483	94.58%	81.41%	80.83%	79.86%	75.51%	50.8s
#epoch[184]:	3.9e-05	0.14480	94.48%	81.61%	80.54%	80.06%	75.51%	50.9s
#epoch[185]:	3.1e-05	0.14528	94.58%	81.51%	80.54%	80.06%	75.51%	57.7s
#epoch[186]:	2.5e-05	0.14456	94.48%	81.51%	80.64%	79.96%	75.51%	50.4s
#epoch[187]:	2.0e-05	0.14478	94.48%	81.41%	80.54%	79.96%	75.41%	51.4s
#epoch[188]:	1.5e-05	0.14453	94.58%	81.51%	80.64%	80.06%	75.61%	51.1s
#epoch[189]:	1.2e-05	0.14487	94.48%	81.51%	80.54%	80.06%	75.61%	50.7s
#epoch[190]:	1.1e-05	0.14489	94.48%	81.51%	80.45%	80.06%	75.51%	50.8s
#epoch[191]:	1.0e-05	0.14481	94.58%	81.51%	80.54%	80.06%	75.61%	50.9s
#epoch[192]:	1.0e-03	0.14589	94.58%	81.80%	80.25%	80.35%	75.99%	51.0s	*
#epoch[193]:	1.0e-03	0.14535	94.87%	80.93%	80.54%	79.67%	75.80%	51.1s
#epoch[194]:	9.9e-04	0.14703	94.39%	80.64%	79.77%	78.99%	74.54%	51.3s
#epoch[195]:	9.9e-04	0.14551	94.58%	80.74%	80.25%	79.09%	74.83%	50.9s
#epoch[196]:	9.9e-04	0.14403	94.58%	81.22%	80.15%	79.86%	75.22%	51.2s
#epoch[197]:	9.8e-04	0.14351	94.97%	80.83%	79.77%	79.48%	75.12%	50.9s
#epoch[198]:	9.7e-04	0.14349	94.48%	80.64%	80.25%	79.09%	74.93%	50.9s
#epoch[199]:	9.6e-04	0.14280	94.58%	81.22%	80.25%	79.48%	75.12%	51.1s
#epoch[200]:	9.5e-04	0.14228	94.39%	81.32%	80.45%	79.86%	75.41%	50.9s
#epoch[201]:	9.4e-04	0.14214	94.58%	81.51%	80.74%	79.96%	75.80%	50.6s
#epoch[202]:	9.3e-04	0.14151	94.29%	80.93%	80.54%	79.38%	75.31%	50.8s
#epoch[203]:	9.2e-04	0.14151	94.48%	81.41%	80.25%	79.96%	75.80%	51.0s
#epoch[204]:	9.0e-04	0.14113	94.29%	80.93%	80.54%	79.28%	75.02%	51.4s
#epoch[205]:	8.9e-04	0.14070	93.90%	81.12%	80.64%	79.38%	75.22%	51.0s
#epoch[206]:	8.7e-04	0.14065	94.39%	81.51%	80.64%	79.86%	75.41%	50.7s
#epoch[207]:	8.6e-04	0.14016	94.39%	81.32%	80.35%	79.57%	75.31%	51.2s
#epoch[208]:	8.4e-04	0.13999	94.19%	81.41%	80.74%	79.67%	75.51%	50.6s
#epoch[209]:	8.2e-04	0.13951	94.48%	80.74%	80.54%	79.19%	75.02%	50.6s
#epoch[210]:	8.0e-04	0.13931	94.97%	81.12%	80.64%	79.77%	75.51%	50.7s
#epoch[211]:	7.8e-04	0.13875	94.77%	81.51%	80.54%	79.96%	75.61%	50.8s
#epoch[212]:	7.6e-04	0.13859	94.87%	81.90%	80.83%	80.45%	75.99%	50.6s
#epoch[213]:	7.4e-04	0.13830	94.97%	81.51%	80.45%	79.96%	75.51%	50.8s
#epoch[214]:	7.2e-04	0.13825	94.58%	81.61%	80.93%	79.96%	75.61%	51.1s
#epoch[215]:	6.9e-04	0.13791	94.48%	81.22%	80.83%	79.48%	75.51%	51.1s
#epoch[216]:	6.7e-04	0.13759	94.48%	81.61%	81.03%	79.96%	75.90%	51.2s
#epoch[217]:	6.5e-04	0.13702	94.58%	81.61%	81.12%	79.96%	75.80%	51.3s
#epoch[218]:	6.3e-04	0.13725	94.97%	80.93%	80.54%	79.38%	75.02%	50.7s
#epoch[219]:	6.0e-04	0.13665	94.29%	81.51%	81.22%	79.86%	75.80%	51.2s
#epoch[220]:	5.8e-04	0.13656	94.48%	81.12%	80.83%	79.48%	75.41%	50.8s
#epoch[221]:	5.5e-04	0.13649	94.19%	81.51%	81.12%	79.96%	76.09%	50.8s	*
#epoch[222]:	5.3e-04	0.13631	94.09%	81.80%	81.03%	79.96%	75.70%	50.9s
#epoch[223]:	5.1e-04	0.13603	94.19%	81.41%	81.12%	79.57%	75.51%	50.6s
#epoch[224]:	4.8e-04	0.13560	94.48%	81.41%	81.22%	79.86%	75.90%	50.6s
#epoch[225]:	4.6e-04	0.13592	94.87%	81.22%	81.03%	79.77%	75.61%	50.5s
#epoch[226]:	4.3e-04	0.13561	94.48%	81.12%	80.93%	79.57%	75.70%	51.3s
#epoch[227]:	4.1e-04	0.13538	94.29%	81.51%	81.03%	79.77%	75.51%	50.6s
#epoch[228]:	3.8e-04	0.13566	94.87%	81.61%	81.03%	80.15%	75.99%	50.3s
#epoch[229]:	3.6e-04	0.13508	94.58%	81.22%	81.12%	79.67%	75.61%	51.1s
#epoch[230]:	3.4e-04	0.13523	94.48%	81.70%	81.22%	80.35%	76.09%	51.1s
#epoch[231]:	3.2e-04	0.13490	94.68%	81.41%	81.22%	79.86%	75.80%	50.6s
#epoch[232]:	2.9e-04	0.13492	94.77%	81.41%	81.22%	79.77%	75.80%	50.6s
#epoch[233]:	2.7e-04	0.13455	94.97%	81.51%	81.51%	80.06%	76.19%	51.3s	*
#epoch[234]:	2.5e-04	0.13463	94.68%	81.32%	81.32%	79.77%	75.99%	50.8s
#epoch[235]:	2.3e-04	0.13467	94.68%	81.51%	81.41%	79.96%	76.09%	51.0s
#epoch[236]:	2.1e-04	0.13426	94.58%	81.70%	81.41%	80.06%	76.09%	50.7s
#epoch[237]:	1.9e-04	0.13433	94.68%	81.51%	81.41%	79.96%	75.99%	51.0s
#epoch[238]:	1.7e-04	0.13449	94.68%	81.22%	81.22%	79.67%	75.70%	50.6s
#epoch[239]:	1.5e-04	0.13417	94.68%	81.51%	81.22%	80.06%	75.90%	50.9s
#epoch[240]:	1.4e-04	0.13402	94.68%	81.32%	81.22%	79.77%	75.61%	51.2s
#epoch[241]:	1.2e-04	0.13413	94.68%	81.51%	81.12%	79.96%	75.70%	50.9s
#epoch[242]:	1.1e-04	0.13392	94.68%	81.61%	81.22%	80.06%	75.99%	50.5s
#epoch[243]:	9.3e-05	0.13433	94.68%	81.61%	81.03%	80.06%	75.90%	51.2s
#epoch[244]:	8.0e-05	0.13420	94.58%	81.32%	81.22%	79.77%	75.90%	50.5s
#epoch[245]:	6.8e-05	0.13366	94.58%	81.32%	81.03%	79.77%	75.61%	51.5s
#epoch[246]:	5.8e-05	0.13391	94.68%	81.61%	81.03%	80.06%	75.90%	51.2s
#epoch[247]:	4.8e-05	0.13387	94.77%	81.32%	81.41%	79.86%	75.90%	50.5s
#epoch[248]:	3.9e-05	0.13389	94.58%	81.70%	81.22%	80.15%	76.09%	50.7s
#epoch[249]:	3.1e-05	0.13396	94.68%	81.61%	81.22%	80.15%	76.09%	51.1s
#epoch[250]:	2.5e-05	0.13392	94.77%	81.41%	81.12%	79.96%	75.90%	51.0s
#epoch[251]:	2.0e-05	0.13371	94.68%	81.51%	81.22%	80.06%	75.99%	50.9s
#epoch[252]:	1.5e-05	0.13363	94.68%	81.51%	81.22%	79.96%	75.90%	51.0s
#epoch[253]:	1.2e-05	0.13359	94.58%	81.32%	81.22%	79.77%	75.80%	51.2s
#epoch[254]:	1.1e-05	0.13423	94.58%	81.32%	81.22%	79.77%	75.80%	51.2s
#epoch[255]:	1.0e-05	0.13388	94.58%	81.32%	81.22%	79.77%	75.80%	50.8s
#epoch[256]:	1.0e-03	0.13434	94.58%	81.80%	81.03%	80.06%	75.80%	51.0s
#epoch[257]:	1.0e-03	0.13381	94.68%	81.51%	80.64%	79.86%	75.70%	51.1s
#epoch[258]:	9.9e-04	0.13407	94.58%	80.74%	81.03%	79.19%	75.12%	51.3s
#epoch[259]:	9.9e-04	0.13331	94.87%	81.12%	81.03%	79.67%	75.90%	51.3s
#epoch[260]:	9.9e-04	0.13306	94.58%	81.12%	81.22%	79.38%	75.61%	50.5s
#epoch[261]:	9.8e-04	0.13297	95.06%	81.22%	80.83%	79.96%	76.19%	50.9s
#epoch[262]:	9.7e-04	0.13303	94.97%	80.93%	81.22%	79.38%	75.80%	50.7s
#epoch[263]:	9.6e-04	0.13232	94.48%	81.22%	81.12%	79.57%	75.51%	51.0s
#epoch[264]:	9.5e-04	0.13201	94.58%	81.22%	81.22%	79.67%	75.80%	51.0s
#epoch[265]:	9.4e-04	0.13183	94.87%	81.41%	81.12%	80.06%	76.09%	50.8s
#epoch[266]:	9.3e-04	0.13159	94.58%	81.51%	80.83%	79.77%	75.70%	51.2s
#epoch[267]:	9.2e-04	0.13163	94.77%	81.12%	80.93%	79.57%	75.41%	50.7s
#epoch[268]:	9.0e-04	0.13105	94.77%	81.32%	80.93%	79.77%	75.70%	51.3s
#epoch[269]:	8.9e-04	0.13092	94.97%	81.61%	81.61%	80.06%	76.28%	51.1s	*
#epoch[270]:	8.7e-04	0.13066	94.48%	81.51%	81.12%	79.96%	75.90%	51.0s
#epoch[271]:	8.6e-04	0.13053	94.58%	81.41%	80.93%	79.86%	75.80%	50.8s
#epoch[272]:	8.4e-04	0.13024	94.68%	81.22%	81.32%	79.86%	76.19%	51.0s
#epoch[273]:	8.2e-04	0.12981	94.58%	81.22%	81.22%	79.77%	75.80%	51.1s
#epoch[274]:	8.0e-04	0.12963	94.68%	81.32%	81.41%	79.67%	76.09%	50.6s
#epoch[275]:	7.8e-04	0.12973	94.39%	81.41%	80.93%	79.96%	75.80%	51.1s
#epoch[276]:	7.6e-04	0.12934	94.68%	81.32%	80.35%	79.67%	75.41%	50.9s
#epoch[277]:	7.4e-04	0.12883	94.97%	81.12%	81.61%	79.77%	76.28%	51.4s
#epoch[278]:	7.2e-04	0.12866	94.39%	81.41%	81.03%	79.67%	75.61%	51.3s
#epoch[279]:	6.9e-04	0.12841	94.77%	81.22%	80.74%	79.57%	75.51%	50.9s
#epoch[280]:	6.7e-04	0.12825	94.77%	81.22%	80.93%	79.57%	75.61%	50.5s
#epoch[281]:	6.5e-04	0.12812	95.06%	81.22%	81.12%	79.67%	75.99%	51.2s
#epoch[282]:	6.3e-04	0.12809	94.68%	81.12%	81.03%	79.48%	75.90%	51.3s
#epoch[283]:	6.0e-04	0.12812	94.58%	81.51%	81.41%	79.77%	76.09%	50.8s
#epoch[284]:	5.8e-04	0.12767	94.68%	81.22%	81.22%	79.57%	75.90%	51.1s
#epoch[285]:	5.5e-04	0.12756	94.87%	81.51%	81.41%	79.86%	76.28%	51.3s
#epoch[286]:	5.3e-04	0.12744	94.68%	81.03%	81.41%	79.38%	75.61%	50.8s
#epoch[287]:	5.1e-04	0.12721	94.77%	81.12%	81.32%	79.48%	75.90%	61.2s
#epoch[288]:	4.8e-04	0.12707	94.77%	81.61%	81.12%	79.86%	75.99%	51.4s
#epoch[289]:	4.6e-04	0.12690	94.68%	81.51%	81.12%	79.86%	76.09%	51.1s
#epoch[290]:	4.3e-04	0.12665	94.97%	81.12%	81.22%	79.67%	75.99%	51.0s
#epoch[291]:	4.1e-04	0.12679	94.48%	81.22%	81.32%	79.77%	76.09%	50.9s
#epoch[292]:	3.8e-04	0.12686	94.68%	81.70%	81.22%	79.96%	75.99%	50.8s
#epoch[293]:	3.6e-04	0.12638	94.77%	81.22%	81.41%	79.67%	76.19%	51.3s
#epoch[294]:	3.4e-04	0.12628	94.77%	81.22%	81.41%	79.67%	76.09%	51.3s
#epoch[295]:	3.2e-04	0.12634	94.97%	81.22%	81.41%	79.67%	76.19%	51.4s
#epoch[296]:	2.9e-04	0.12640	94.77%	81.12%	81.32%	79.57%	75.99%	50.8s
#epoch[297]:	2.7e-04	0.12626	94.58%	81.32%	81.32%	79.77%	75.99%	53.9s
#epoch[298]:	2.5e-04	0.12627	94.58%	81.51%	81.41%	79.96%	76.28%	51.1s
#epoch[299]:	2.3e-04	0.12625	94.87%	81.80%	81.22%	80.25%	76.57%	51.5s	*
#epoch[300]:	2.1e-04	0.12591	94.68%	81.22%	81.51%	79.67%	76.09%	51.2s
#epoch[301]:	1.9e-04	0.12578	94.68%	81.03%	81.41%	79.48%	76.09%	51.1s
#epoch[302]:	1.7e-04	0.12594	94.68%	81.41%	81.41%	79.86%	76.19%	50.9s
#epoch[303]:	1.5e-04	0.12598	94.58%	81.51%	81.41%	79.86%	76.19%	51.1s
#epoch[304]:	1.4e-04	0.12584	94.68%	81.61%	81.41%	80.06%	76.38%	51.2s
#epoch[305]:	1.2e-04	0.12570	94.68%	81.41%	81.41%	79.86%	76.38%	50.8s
#epoch[306]:	1.1e-04	0.12535	94.77%	81.32%	81.41%	79.77%	76.28%	51.1s
#epoch[307]:	9.3e-05	0.12571	94.68%	81.41%	81.32%	79.86%	76.28%	50.8s
#epoch[308]:	8.0e-05	0.12572	94.68%	81.32%	81.41%	79.77%	76.09%	50.7s
#epoch[309]:	6.8e-05	0.12561	94.68%	81.51%	81.51%	79.96%	76.38%	51.2s
#epoch[310]:	5.8e-05	0.12546	94.68%	81.51%	81.41%	79.96%	76.28%	50.7s
#epoch[311]:	4.8e-05	0.12562	94.58%	81.32%	81.22%	79.77%	75.99%	54.3s
#epoch[312]:	3.9e-05	0.12529	94.68%	81.41%	81.32%	79.86%	76.28%	51.0s
#epoch[313]:	3.1e-05	0.12559	94.77%	81.41%	81.41%	79.86%	76.28%	50.7s
#epoch[314]:	2.5e-05	0.12527	94.77%	81.22%	81.41%	79.67%	75.99%	51.6s
#epoch[315]:	2.0e-05	0.12548	94.77%	81.41%	81.51%	79.86%	76.38%	50.9s
#epoch[316]:	1.5e-05	0.12553	94.77%	81.41%	81.32%	79.86%	76.28%	51.2s
#epoch[317]:	1.2e-05	0.12567	94.77%	81.41%	81.32%	79.86%	76.28%	50.5s
#epoch[318]:	1.1e-05	0.12567	94.77%	81.51%	81.32%	79.96%	76.38%	50.9s
#epoch[319]:	1.0e-05	0.12566	94.77%	81.41%	81.41%	79.86%	76.28%	50.9s
#done!!!  2020-12-14  16:55:05
