#start!!!  2020-12-14  20:53:27
#cuda devices: 0
#loading data ...
#building model ...
#model: DenseNet(depth=2, width=64)
#training model ...
#epoch[1]:	1.0e-05	5.47659	79.19%	8.23%	0.00%	8.23%	0.00%	91.7s
#epoch[2]:	5.1e-04	5.13743	85.38%	14.04%	7.26%	13.94%	2.32%	89.8s	*
#epoch[3]:	1.0e-05	4.91298	85.67%	14.42%	7.65%	14.42%	1.94%	91.0s
#epoch[4]:	8.6e-04	4.77992	85.58%	14.33%	6.97%	13.94%	3.58%	95.7s	*
#epoch[5]:	5.1e-04	4.57375	83.45%	13.94%	8.91%	13.36%	7.26%	92.7s	*
#epoch[6]:	1.6e-04	4.46217	87.03%	13.75%	9.00%	13.55%	7.94%	93.2s	*
#epoch[7]:	1.0e-05	4.39362	86.93%	15.10%	8.91%	15.00%	4.74%	91.3s
#epoch[8]:	9.6e-04	4.37641	86.83%	15.10%	11.33%	14.52%	6.97%	91.9s
#epoch[9]:	8.6e-04	4.23531	84.51%	18.59%	10.55%	18.01%	7.26%	96.3s
#epoch[10]:	6.9e-04	4.09930	86.74%	17.72%	11.71%	17.62%	10.65%	96.7s	*
#epoch[11]:	5.1e-04	4.01650	87.32%	19.55%	13.55%	19.17%	8.33%	96.1s
#epoch[12]:	3.2e-04	3.92996	88.77%	18.39%	12.78%	18.30%	9.68%	95.6s
#epoch[13]:	1.6e-04	3.87228	88.29%	20.81%	13.36%	20.52%	7.84%	93.4s
#epoch[14]:	4.8e-05	3.84034	88.77%	18.68%	15.49%	18.49%	9.68%	93.2s
#epoch[15]:	1.0e-05	3.81004	89.25%	21.01%	15.39%	20.91%	11.04%	93.0s	*
#epoch[16]:	9.9e-04	3.88652	86.74%	18.68%	12.00%	18.30%	6.87%	95.1s
#epoch[17]:	9.6e-04	3.80030	87.51%	19.46%	14.91%	19.26%	9.97%	80.4s
#epoch[18]:	9.2e-04	3.73031	87.42%	21.01%	15.30%	20.52%	11.71%	68.5s	*
#epoch[19]:	8.6e-04	3.63061	86.06%	22.07%	19.46%	21.88%	13.65%	67.3s	*
#epoch[20]:	7.8e-04	3.51385	88.09%	24.69%	19.65%	23.81%	15.78%	69.2s	*
#epoch[21]:	6.9e-04	3.48198	87.22%	19.94%	16.55%	19.26%	11.91%	70.2s
#epoch[22]:	6.0e-04	3.40435	88.38%	23.14%	20.43%	23.04%	15.68%	65.0s
#epoch[23]:	5.1e-04	3.33969	88.58%	26.14%	19.85%	25.94%	16.26%	66.2s	*
#epoch[24]:	4.1e-04	3.27131	88.96%	26.14%	21.68%	25.56%	16.84%	68.9s	*
#epoch[25]:	3.2e-04	3.23510	88.09%	28.36%	24.69%	27.11%	20.33%	74.8s	*
#epoch[26]:	2.3e-04	3.19143	90.03%	27.88%	24.20%	27.40%	21.49%	67.6s	*
#epoch[27]:	1.6e-04	3.17019	90.13%	30.69%	24.88%	30.40%	22.65%	68.2s	*
#epoch[28]:	9.3e-05	3.14727	88.96%	30.40%	24.88%	29.53%	21.97%	70.2s
#epoch[29]:	4.8e-05	3.12259	89.16%	28.94%	24.10%	28.17%	21.59%	67.8s
#epoch[30]:	2.0e-05	3.09941	89.16%	29.14%	24.59%	28.46%	21.88%	66.5s
#epoch[31]:	1.0e-05	3.10252	89.16%	29.04%	24.59%	28.27%	21.68%	69.1s
#epoch[32]:	1.0e-03	3.29790	88.09%	24.69%	20.43%	23.62%	16.17%	70.0s
#epoch[33]:	9.9e-04	3.21711	75.51%	28.75%	23.23%	25.36%	18.68%	67.5s
#epoch[34]:	9.8e-04	3.16294	88.48%	31.75%	25.17%	31.36%	21.39%	67.2s
#epoch[35]:	9.6e-04	3.06753	88.96%	34.08%	27.88%	33.69%	25.36%	67.2s	*
#epoch[36]:	9.4e-04	2.99396	82.87%	30.30%	26.33%	30.20%	23.43%	65.8s
#epoch[37]:	9.2e-04	2.98695	87.61%	35.62%	29.43%	34.85%	26.43%	68.6s	*
#epoch[38]:	8.9e-04	2.91089	86.54%	27.88%	23.72%	27.40%	20.33%	65.0s
#epoch[39]:	8.6e-04	2.85572	86.16%	32.72%	28.36%	31.17%	22.94%	66.3s
#epoch[40]:	8.2e-04	2.82272	83.35%	33.88%	28.56%	32.24%	25.75%	65.0s
#epoch[41]:	7.8e-04	2.76420	87.51%	36.69%	32.43%	35.62%	28.07%	67.4s	*
#epoch[42]:	7.4e-04	2.71673	89.45%	41.53%	35.53%	41.05%	30.88%	70.0s	*
#epoch[43]:	6.9e-04	2.64701	89.84%	36.40%	34.08%	35.91%	27.40%	69.9s
#epoch[44]:	6.5e-04	2.65409	89.16%	45.11%	36.01%	44.34%	32.43%	64.0s	*
#epoch[45]:	6.0e-04	2.58463	89.64%	41.82%	36.69%	40.95%	31.75%	63.7s
#epoch[46]:	5.5e-04	2.50730	87.51%	39.01%	34.37%	37.66%	28.07%	63.4s
#epoch[47]:	5.1e-04	2.47682	90.32%	40.76%	36.11%	40.37%	31.27%	63.9s
#epoch[48]:	4.6e-04	2.42309	89.93%	44.43%	39.50%	43.56%	34.37%	64.3s	*
#epoch[49]:	4.1e-04	2.42175	90.13%	45.69%	38.63%	44.82%	33.79%	64.2s
#epoch[50]:	3.6e-04	2.36681	90.22%	45.50%	39.30%	45.01%	35.24%	63.7s	*
#epoch[51]:	3.2e-04	2.37257	90.42%	43.76%	38.63%	43.08%	33.30%	63.8s
#epoch[52]:	2.7e-04	2.30594	90.51%	46.47%	40.76%	45.50%	36.79%	63.4s	*
#epoch[53]:	2.3e-04	2.29805	89.93%	44.53%	40.37%	43.47%	35.33%	64.2s
#epoch[54]:	1.9e-04	2.26490	90.61%	45.79%	42.21%	45.01%	36.40%	63.5s
#epoch[55]:	1.6e-04	2.24194	90.32%	47.43%	41.43%	46.56%	37.08%	64.3s	*
#epoch[56]:	1.2e-04	2.21988	90.22%	48.60%	40.95%	47.24%	36.59%	64.5s
#epoch[57]:	9.3e-05	2.18199	90.32%	48.79%	41.72%	48.02%	36.98%	63.7s
#epoch[58]:	6.8e-05	2.19948	90.32%	47.14%	42.21%	45.98%	36.88%	63.6s
#epoch[59]:	4.8e-05	2.19581	90.61%	47.14%	41.34%	46.27%	36.59%	64.2s
#epoch[60]:	3.1e-05	2.20296	90.32%	48.02%	42.30%	46.56%	36.69%	64.5s
#epoch[61]:	2.0e-05	2.15636	90.32%	48.50%	41.53%	47.34%	36.50%	64.4s
#epoch[62]:	1.2e-05	2.18765	90.22%	47.05%	41.34%	45.89%	36.40%	64.3s
#epoch[63]:	1.0e-05	2.17282	90.22%	48.21%	42.30%	47.34%	37.37%	64.2s	*
#epoch[64]:	1.0e-03	2.54033	88.29%	32.62%	29.72%	31.27%	24.59%	64.1s
#epoch[65]:	1.0e-03	2.51987	90.32%	40.66%	37.08%	39.79%	30.78%	66.0s
#epoch[66]:	9.9e-04	2.47043	90.13%	39.88%	35.91%	39.11%	30.20%	70.0s
#epoch[67]:	9.9e-04	2.37839	89.64%	46.76%	38.53%	45.69%	33.40%	70.2s
#epoch[68]:	9.9e-04	2.33231	89.84%	46.18%	40.85%	45.01%	35.33%	70.1s
#epoch[69]:	9.8e-04	2.28089	88.38%	42.21%	37.46%	41.34%	32.33%	69.9s
#epoch[70]:	9.7e-04	2.24849	86.45%	46.95%	41.05%	45.40%	35.24%	69.8s
#epoch[71]:	9.6e-04	2.18181	88.87%	46.18%	40.08%	44.05%	34.75%	70.5s
#epoch[72]:	9.5e-04	2.16599	90.71%	49.47%	41.34%	48.60%	36.79%	70.5s
#epoch[73]:	9.4e-04	2.11850	89.74%	47.63%	43.18%	46.37%	37.17%	70.2s
#epoch[74]:	9.3e-04	2.08015	89.93%	48.69%	43.37%	47.53%	38.63%	70.5s	*
#epoch[75]:	9.2e-04	2.03214	87.22%	45.11%	40.27%	42.11%	33.59%	79.0s
#epoch[76]:	9.0e-04	1.99751	90.22%	48.79%	43.85%	48.02%	38.72%	63.7s	*
#epoch[77]:	8.9e-04	1.99361	89.45%	49.66%	43.08%	48.31%	38.04%	63.6s
#epoch[78]:	8.7e-04	1.95942	89.45%	48.60%	43.37%	47.43%	39.11%	64.2s	*
#epoch[79]:	8.6e-04	1.89776	88.77%	46.27%	40.85%	44.43%	35.53%	64.3s
#epoch[80]:	8.4e-04	1.89205	89.74%	54.40%	47.34%	53.24%	42.98%	64.1s	*
#epoch[81]:	8.2e-04	1.87342	88.29%	52.47%	45.50%	51.02%	40.76%	64.4s
#epoch[82]:	8.0e-04	1.81727	89.93%	52.47%	46.56%	51.31%	41.72%	64.3s
#epoch[83]:	7.8e-04	1.81628	90.22%	51.89%	46.18%	50.73%	41.53%	64.2s
#epoch[84]:	7.6e-04	1.77453	87.71%	46.27%	40.66%	43.76%	35.14%	64.2s
#epoch[85]:	7.4e-04	1.74342	89.93%	53.05%	46.85%	52.08%	42.88%	64.5s
#epoch[86]:	7.2e-04	1.72509	89.93%	49.47%	43.08%	48.79%	38.53%	64.3s
#epoch[87]:	6.9e-04	1.69307	89.35%	56.53%	48.89%	54.79%	44.24%	63.9s	*
#epoch[88]:	6.7e-04	1.66310	89.93%	57.70%	49.37%	55.66%	44.53%	63.9s	*
#epoch[89]:	6.5e-04	1.63680	91.00%	57.70%	50.92%	56.15%	45.89%	63.8s	*
#epoch[90]:	6.3e-04	1.61782	90.03%	49.66%	43.95%	48.31%	39.59%	64.2s
#epoch[91]:	6.0e-04	1.61028	89.55%	50.15%	46.66%	48.98%	41.72%	63.7s
#epoch[92]:	5.8e-04	1.59107	89.93%	57.50%	51.40%	56.15%	46.08%	64.0s	*
#epoch[93]:	5.5e-04	1.56231	89.45%	53.73%	49.56%	52.27%	43.47%	64.0s
#epoch[94]:	5.3e-04	1.54501	89.84%	56.34%	49.76%	54.40%	45.30%	64.6s
#epoch[95]:	5.1e-04	1.51502	90.22%	56.53%	50.82%	54.99%	45.69%	64.0s
#epoch[96]:	4.8e-04	1.52138	90.13%	55.86%	50.73%	54.60%	45.60%	64.2s
#epoch[97]:	4.6e-04	1.47978	89.84%	56.15%	50.82%	55.08%	46.27%	64.1s	*
#epoch[98]:	4.3e-04	1.45102	90.13%	55.37%	51.11%	54.21%	46.18%	64.1s
#epoch[99]:	4.1e-04	1.45853	89.84%	58.57%	51.98%	56.92%	46.85%	64.2s	*
#epoch[100]:	3.8e-04	1.43839	90.03%	56.63%	51.98%	54.99%	46.66%	64.2s
#epoch[101]:	3.6e-04	1.42605	89.84%	56.24%	50.73%	54.99%	46.47%	64.0s
#epoch[102]:	3.4e-04	1.40433	90.13%	59.83%	53.05%	58.37%	48.50%	64.5s	*
#epoch[103]:	3.2e-04	1.38291	90.32%	61.28%	53.73%	59.63%	49.56%	64.0s	*
#epoch[104]:	2.9e-04	1.38224	90.42%	54.02%	48.11%	52.76%	44.05%	64.4s
#epoch[105]:	2.7e-04	1.38091	90.51%	56.34%	51.02%	55.28%	45.89%	64.1s
#epoch[106]:	2.5e-04	1.36926	90.61%	58.28%	51.40%	56.63%	45.98%	64.0s
#epoch[107]:	2.3e-04	1.36364	90.13%	58.95%	53.82%	57.50%	48.89%	63.9s
#epoch[108]:	2.1e-04	1.33381	89.74%	55.66%	50.63%	54.31%	45.69%	64.0s
#epoch[109]:	1.9e-04	1.33570	90.61%	57.21%	52.08%	55.95%	46.76%	63.8s
#epoch[110]:	1.7e-04	1.34665	90.13%	58.57%	51.79%	56.63%	46.76%	63.8s
#epoch[111]:	1.5e-04	1.30487	89.74%	56.63%	51.02%	55.18%	46.76%	64.3s
#epoch[112]:	1.4e-04	1.34436	89.64%	55.28%	49.85%	53.63%	45.30%	64.0s
#epoch[113]:	1.2e-04	1.31812	89.55%	59.92%	53.53%	57.60%	48.60%	64.3s
#epoch[114]:	1.1e-04	1.27963	89.84%	57.12%	51.98%	55.47%	46.56%	63.8s
#epoch[115]:	9.3e-05	1.30017	89.93%	55.47%	51.11%	53.82%	45.69%	63.8s
#epoch[116]:	8.0e-05	1.30724	90.13%	55.37%	50.34%	54.11%	45.89%	64.4s
#epoch[117]:	6.8e-05	1.27632	90.13%	61.47%	53.44%	60.02%	49.95%	63.7s	*
#epoch[118]:	5.8e-05	1.31402	89.64%	57.02%	51.11%	55.28%	45.89%	64.1s
#epoch[119]:	4.8e-05	1.29542	89.84%	60.60%	53.15%	58.76%	48.89%	64.0s
#epoch[120]:	3.9e-05	1.28120	89.84%	60.41%	53.82%	58.66%	49.18%	63.7s
#epoch[121]:	3.1e-05	1.27890	90.42%	59.73%	54.70%	58.37%	49.85%	63.7s
#epoch[122]:	2.5e-05	1.30168	89.93%	57.12%	52.37%	55.57%	46.76%	63.8s
#epoch[123]:	2.0e-05	1.26495	89.74%	56.63%	51.40%	55.18%	46.27%	63.9s
#epoch[124]:	1.5e-05	1.29283	90.22%	60.89%	54.21%	59.34%	50.63%	63.9s	*
#epoch[125]:	1.2e-05	1.28519	89.84%	57.31%	51.40%	55.47%	46.56%	63.9s
#epoch[126]:	1.1e-05	1.28546	90.42%	59.92%	54.70%	58.37%	50.05%	63.8s
#epoch[127]:	1.0e-05	1.27043	89.74%	57.79%	52.08%	55.95%	47.05%	64.1s
#epoch[128]:	1.0e-03	1.71126	89.64%	44.05%	40.27%	42.69%	35.04%	71.4s
#epoch[129]:	1.0e-03	1.80271	89.45%	48.60%	46.37%	47.05%	39.21%	66.5s
#epoch[130]:	9.9e-04	1.70000	90.32%	42.69%	36.30%	42.01%	32.14%	66.2s
#epoch[131]:	9.9e-04	1.63569	89.35%	49.37%	44.72%	47.92%	39.79%	66.2s
#epoch[132]:	9.9e-04	1.57901	89.64%	51.50%	48.11%	50.05%	42.88%	66.8s
#epoch[133]:	9.8e-04	1.58067	90.03%	56.63%	51.79%	54.79%	46.47%	66.2s
#epoch[134]:	9.7e-04	1.52124	90.42%	55.18%	50.34%	54.21%	46.47%	66.2s
#epoch[135]:	9.6e-04	1.48851	90.32%	53.44%	48.98%	51.40%	42.69%	66.4s
#epoch[136]:	9.5e-04	1.47168	88.58%	48.79%	42.79%	47.24%	39.30%	66.1s
#epoch[137]:	9.4e-04	1.43272	90.51%	57.79%	53.44%	56.15%	48.50%	66.3s
#epoch[138]:	9.3e-04	1.39100	91.00%	57.02%	50.63%	55.76%	46.95%	66.6s
#epoch[139]:	9.2e-04	1.40669	90.03%	55.37%	51.11%	53.92%	45.30%	66.2s
#epoch[140]:	9.0e-04	1.33991	89.55%	45.50%	42.01%	44.63%	37.17%	66.2s
#epoch[141]:	8.9e-04	1.31319	89.84%	60.60%	53.73%	58.66%	49.08%	65.4s
#epoch[142]:	8.7e-04	1.27491	90.13%	57.41%	53.15%	56.05%	48.02%	63.6s
#epoch[143]:	8.6e-04	1.29488	89.93%	57.12%	50.73%	55.47%	46.76%	63.6s
#epoch[144]:	8.4e-04	1.26639	89.74%	55.76%	50.73%	54.60%	45.98%	63.6s
#epoch[145]:	8.2e-04	1.23207	91.09%	61.47%	53.05%	59.92%	49.18%	63.7s
#epoch[146]:	8.0e-04	1.21207	91.09%	61.28%	55.37%	59.63%	50.92%	63.6s	*
#epoch[147]:	7.8e-04	1.20389	90.42%	56.63%	52.18%	55.47%	46.66%	63.6s
#epoch[148]:	7.6e-04	1.17974	89.84%	52.86%	49.85%	51.50%	44.43%	64.0s
#epoch[149]:	7.4e-04	1.15097	88.48%	60.02%	52.57%	57.02%	46.76%	64.4s
#epoch[150]:	7.2e-04	1.15869	90.22%	62.63%	53.53%	60.79%	50.63%	64.2s
#epoch[151]:	6.9e-04	1.12728	88.38%	49.27%	45.40%	47.63%	41.14%	63.3s
#epoch[152]:	6.7e-04	1.11460	90.03%	56.63%	52.08%	55.18%	47.53%	64.1s
#epoch[153]:	6.5e-04	1.12486	90.51%	58.66%	54.11%	57.50%	49.66%	63.7s
#epoch[154]:	6.3e-04	1.06491	90.80%	61.67%	55.28%	60.41%	50.82%	64.0s
#epoch[155]:	6.0e-04	1.05848	90.51%	61.47%	54.31%	59.92%	49.66%	64.2s
#epoch[156]:	5.8e-04	1.05167	90.90%	60.31%	52.86%	59.63%	49.85%	64.4s
#epoch[157]:	5.5e-04	1.03745	90.22%	60.21%	53.92%	58.37%	49.27%	63.9s
#epoch[158]:	5.3e-04	1.01843	90.32%	57.89%	52.47%	56.44%	48.50%	63.5s
#epoch[159]:	5.1e-04	1.01928	90.13%	57.41%	51.79%	56.82%	47.82%	64.1s
#epoch[160]:	4.8e-04	1.00301	90.42%	56.82%	52.47%	55.66%	47.73%	63.4s
#epoch[161]:	4.6e-04	0.97887	89.84%	56.34%	51.50%	55.08%	46.85%	64.2s
#epoch[162]:	4.3e-04	0.98150	89.64%	53.82%	49.37%	53.15%	45.40%	64.0s
#epoch[163]:	4.1e-04	0.96250	90.80%	57.99%	51.79%	57.12%	47.82%	63.7s
#epoch[164]:	3.8e-04	0.95354	89.93%	62.63%	55.47%	60.70%	50.82%	64.0s
#epoch[165]:	3.6e-04	0.95765	90.13%	59.05%	54.11%	57.89%	49.37%	63.8s
#epoch[166]:	3.4e-04	0.92941	90.42%	59.83%	54.89%	58.57%	50.34%	66.1s
#epoch[167]:	3.2e-04	0.93324	90.61%	60.31%	54.79%	58.47%	49.85%	64.2s
#epoch[168]:	2.9e-04	0.92749	90.51%	59.73%	53.63%	58.47%	49.47%	64.3s
#epoch[169]:	2.7e-04	0.94860	89.45%	52.18%	47.53%	51.02%	43.47%	63.8s
#epoch[170]:	2.5e-04	0.93779	89.84%	52.95%	48.89%	51.79%	44.43%	64.4s
#epoch[171]:	2.3e-04	0.91599	90.71%	61.67%	54.21%	60.02%	49.66%	64.0s
#epoch[172]:	2.1e-04	0.89093	89.93%	55.86%	50.15%	54.70%	46.95%	63.7s
#epoch[173]:	1.9e-04	0.89432	91.09%	63.02%	54.31%	61.37%	50.53%	64.3s
#epoch[174]:	1.7e-04	0.88679	90.13%	57.89%	52.86%	56.34%	48.40%	64.0s
#epoch[175]:	1.5e-04	0.91578	90.51%	59.15%	53.34%	57.99%	49.08%	64.1s
#epoch[176]:	1.4e-04	0.87743	90.71%	60.21%	53.82%	59.15%	50.05%	64.3s
#epoch[177]:	1.2e-04	0.89102	90.42%	61.28%	52.57%	59.44%	48.60%	64.3s
#epoch[178]:	1.1e-04	0.86382	90.03%	54.99%	48.79%	54.11%	45.60%	64.1s
#epoch[179]:	9.3e-05	0.87201	91.00%	62.92%	54.02%	60.89%	50.34%	63.9s
#epoch[180]:	8.0e-05	0.86496	88.96%	48.89%	44.24%	47.82%	40.46%	63.9s
#epoch[181]:	6.8e-05	0.86943	91.00%	62.05%	54.40%	60.50%	49.76%	63.9s
#epoch[182]:	5.8e-05	0.88060	90.80%	61.76%	53.53%	60.02%	49.18%	64.1s
#epoch[183]:	4.8e-05	0.86432	90.51%	60.41%	54.02%	58.86%	49.56%	63.7s
#epoch[184]:	3.9e-05	0.86564	90.13%	56.92%	52.08%	55.86%	48.60%	64.5s
#epoch[185]:	3.1e-05	0.85381	90.13%	57.50%	52.76%	56.24%	48.98%	64.0s
#epoch[186]:	2.5e-05	0.85284	91.00%	61.28%	53.53%	59.73%	49.27%	63.8s
#epoch[187]:	2.0e-05	0.86214	90.13%	59.15%	53.24%	57.99%	49.66%	65.0s
#epoch[188]:	1.5e-05	0.86504	90.03%	59.44%	53.34%	57.89%	48.98%	64.1s
#epoch[189]:	1.2e-05	0.85221	90.03%	54.99%	50.63%	54.31%	47.24%	63.4s
#epoch[190]:	1.1e-05	0.86523	90.13%	58.08%	52.66%	56.82%	48.89%	64.3s
#epoch[191]:	1.0e-05	0.85043	89.93%	59.34%	53.53%	57.70%	49.37%	63.8s
#epoch[192]:	1.0e-03	1.04310	89.55%	52.08%	44.72%	50.63%	40.27%	64.1s
#epoch[193]:	1.0e-03	1.25559	89.84%	50.53%	44.43%	49.18%	39.59%	64.1s
#epoch[194]:	9.9e-04	1.25604	90.03%	53.73%	49.56%	52.18%	45.21%	73.8s
#epoch[195]:	9.9e-04	1.25307	88.48%	49.56%	44.14%	47.63%	39.79%	64.1s
#epoch[196]:	9.9e-04	1.17241	89.84%	59.73%	53.05%	58.18%	48.69%	64.3s
#epoch[197]:	9.8e-04	1.10515	89.84%	51.60%	47.34%	50.34%	43.18%	63.6s
#epoch[198]:	9.7e-04	1.08101	88.38%	48.79%	46.27%	47.24%	40.08%	64.1s
#epoch[199]:	9.6e-04	1.06992	89.74%	57.99%	51.02%	55.95%	46.47%	64.1s
#epoch[200]:	9.5e-04	1.00713	89.06%	55.95%	52.08%	53.73%	47.24%	63.7s
#epoch[201]:	9.4e-04	1.00619	90.03%	58.95%	52.37%	57.79%	48.89%	63.9s
#epoch[202]:	9.3e-04	0.99305	90.32%	58.95%	53.63%	57.70%	48.98%	75.3s
#epoch[203]:	9.2e-04	0.94996	90.51%	58.47%	50.82%	56.73%	46.76%	63.5s
#epoch[204]:	9.0e-04	0.93631	90.61%	57.50%	52.37%	56.44%	48.11%	63.9s
#epoch[205]:	8.9e-04	0.91928	89.93%	58.37%	53.63%	56.92%	48.69%	63.5s
#epoch[206]:	8.7e-04	0.91406	90.13%	59.54%	52.57%	57.99%	48.69%	63.9s
#epoch[207]:	8.6e-04	0.89563	90.13%	56.44%	51.02%	54.99%	46.66%	63.9s
#epoch[208]:	8.4e-04	0.86672	89.25%	55.86%	51.02%	54.50%	47.34%	76.0s
#epoch[209]:	8.2e-04	0.85076	90.80%	61.18%	53.82%	60.02%	50.34%	65.4s
#epoch[210]:	8.0e-04	0.84185	90.42%	58.66%	54.60%	56.82%	49.18%	67.1s
#epoch[211]:	7.8e-04	0.81534	88.96%	51.40%	47.43%	49.95%	43.08%	64.0s
#epoch[212]:	7.6e-04	0.82048	89.93%	54.31%	51.11%	53.34%	46.47%	64.5s
#epoch[213]:	7.4e-04	0.80109	90.51%	59.44%	53.53%	58.18%	49.56%	69.6s
#epoch[214]:	7.2e-04	0.78781	88.67%	56.34%	50.92%	54.50%	46.56%	71.9s
#epoch[215]:	6.9e-04	0.80230	90.61%	60.41%	54.11%	58.86%	50.63%	64.0s
#epoch[216]:	6.7e-04	0.77821	90.51%	59.63%	53.44%	57.99%	49.18%	64.8s
#epoch[217]:	6.5e-04	0.74389	90.32%	61.37%	55.76%	59.44%	51.11%	64.6s	*
#epoch[218]:	6.3e-04	0.75056	90.42%	59.73%	53.82%	58.28%	49.37%	64.5s
#epoch[219]:	6.0e-04	0.75033	90.13%	57.31%	51.89%	55.47%	47.24%	64.2s
#epoch[220]:	5.8e-04	0.73337	90.22%	59.92%	54.70%	58.28%	49.47%	64.1s
#epoch[221]:	5.5e-04	0.72670	89.93%	56.82%	51.02%	55.37%	46.95%	63.9s
#epoch[222]:	5.3e-04	0.72359	90.90%	61.18%	54.40%	59.83%	50.73%	64.0s
#epoch[223]:	5.1e-04	0.72321	90.42%	59.54%	54.02%	57.79%	49.18%	63.9s
#epoch[224]:	4.8e-04	0.70198	90.13%	60.02%	53.15%	58.18%	49.27%	64.4s
#epoch[225]:	4.6e-04	0.69689	90.71%	60.50%	53.24%	59.63%	49.47%	64.4s
#epoch[226]:	4.3e-04	0.68769	90.51%	59.44%	53.24%	57.41%	48.31%	64.1s
#epoch[227]:	4.1e-04	0.68853	90.42%	59.54%	54.50%	57.79%	49.85%	64.0s
#epoch[228]:	3.8e-04	0.67087	89.74%	53.73%	49.76%	52.27%	45.40%	64.4s
#epoch[229]:	3.6e-04	0.68416	90.32%	60.12%	53.82%	58.37%	49.56%	64.6s
#epoch[230]:	3.4e-04	0.68361	90.42%	60.21%	54.21%	58.37%	50.44%	72.0s
#epoch[231]:	3.2e-04	0.65907	90.22%	60.41%	55.47%	58.86%	50.92%	77.2s
#epoch[232]:	2.9e-04	0.64864	90.22%	61.08%	55.76%	59.24%	51.50%	75.6s	*
#epoch[233]:	2.7e-04	0.66920	90.32%	58.95%	53.63%	57.79%	49.27%	64.5s
#epoch[234]:	2.5e-04	0.65247	90.13%	57.70%	53.24%	56.34%	48.60%	77.7s
#epoch[235]:	2.3e-04	0.66233	90.42%	63.02%	54.99%	60.70%	50.34%	79.0s
#epoch[236]:	2.1e-04	0.65065	90.13%	58.57%	53.05%	56.73%	48.89%	68.8s
#epoch[237]:	1.9e-04	0.62209	90.42%	59.73%	53.24%	58.18%	49.08%	69.2s
#epoch[238]:	1.7e-04	0.63892	89.93%	56.24%	50.15%	54.31%	46.08%	74.2s
#epoch[239]:	1.5e-04	0.63292	90.51%	61.67%	54.89%	59.73%	49.47%	77.9s
#epoch[240]:	1.4e-04	0.63483	90.22%	58.86%	54.11%	57.41%	50.24%	80.5s
#epoch[241]:	1.2e-04	0.62929	90.13%	53.73%	47.82%	52.08%	44.72%	85.9s
#epoch[242]:	1.1e-04	0.62194	90.03%	60.02%	53.63%	57.99%	48.50%	72.7s
#epoch[243]:	9.3e-05	0.62282	90.32%	57.21%	51.21%	55.37%	47.34%	72.3s
#epoch[244]:	8.0e-05	0.62182	90.32%	58.28%	52.47%	56.73%	48.50%	83.2s
#epoch[245]:	6.8e-05	0.62828	90.22%	56.63%	51.31%	55.28%	47.73%	75.0s
#epoch[246]:	5.8e-05	0.63042	89.93%	58.66%	52.86%	56.63%	48.60%	71.5s
#epoch[247]:	4.8e-05	0.62188	90.32%	59.73%	54.70%	58.47%	50.34%	80.0s
#epoch[248]:	3.9e-05	0.62338	90.61%	61.08%	53.92%	59.05%	49.56%	70.8s
#epoch[249]:	3.1e-05	0.62060	90.80%	62.63%	54.31%	60.60%	50.24%	73.1s
#epoch[250]:	2.5e-05	0.61121	90.13%	58.66%	52.08%	56.73%	47.92%	75.1s
#epoch[251]:	2.0e-05	0.60773	89.64%	54.79%	50.44%	52.86%	46.27%	81.8s
#epoch[252]:	1.5e-05	0.61596	90.22%	55.28%	50.92%	53.63%	47.43%	77.4s
#epoch[253]:	1.2e-05	0.62454	90.71%	62.15%	55.37%	60.31%	51.50%	75.9s
#epoch[254]:	1.1e-05	0.60854	90.22%	59.44%	52.76%	57.50%	48.40%	74.0s
#epoch[255]:	1.0e-05	0.60955	90.03%	56.73%	51.50%	55.08%	47.34%	78.2s
#epoch[256]:	1.0e-03	0.69061	90.13%	49.08%	43.18%	48.21%	40.08%	78.4s
#epoch[257]:	1.0e-03	0.82504	88.48%	47.82%	41.82%	46.37%	36.98%	71.1s
#epoch[258]:	9.9e-04	0.88918	89.84%	54.50%	46.85%	52.37%	42.79%	82.0s
#epoch[259]:	9.9e-04	0.88727	90.13%	52.27%	46.47%	51.50%	42.59%	68.7s
#epoch[260]:	9.9e-04	0.90242	87.90%	51.79%	48.79%	49.95%	42.69%	72.8s
#epoch[261]:	9.8e-04	0.89776	88.77%	55.57%	49.47%	53.63%	43.85%	75.0s
#epoch[262]:	9.7e-04	0.86132	88.58%	51.11%	44.92%	49.85%	41.34%	84.3s
#epoch[263]:	9.6e-04	0.82997	89.74%	50.92%	46.18%	49.95%	41.82%	71.6s
#epoch[264]:	9.5e-04	0.78377	89.25%	52.27%	46.27%	51.02%	42.98%	82.2s
#epoch[265]:	9.4e-04	0.77933	89.25%	55.08%	50.53%	53.34%	45.89%	81.2s
#epoch[266]:	9.3e-04	0.73721	89.64%	53.73%	49.66%	52.57%	45.40%	75.2s
#epoch[267]:	9.2e-04	0.70822	89.45%	54.60%	49.18%	52.95%	45.40%	75.9s
#epoch[268]:	9.0e-04	0.71051	89.55%	62.15%	54.79%	60.50%	50.15%	70.4s
#epoch[269]:	8.9e-04	0.68932	90.03%	55.57%	50.44%	54.02%	45.98%	68.7s
#epoch[270]:	8.7e-04	0.66039	90.51%	59.63%	54.02%	58.18%	49.85%	69.8s
#epoch[271]:	8.6e-04	0.64761	90.22%	58.37%	52.66%	56.44%	48.60%	82.6s
#epoch[272]:	8.4e-04	0.65020	90.32%	58.95%	51.98%	57.99%	48.79%	77.2s
#epoch[273]:	8.2e-04	0.64716	89.93%	54.31%	48.31%	52.86%	45.21%	70.3s
#epoch[274]:	8.0e-04	0.62534	89.64%	59.34%	52.76%	57.79%	48.98%	73.4s
#epoch[275]:	7.8e-04	0.60513	90.22%	59.54%	52.37%	57.89%	48.89%	81.7s
#epoch[276]:	7.6e-04	0.61422	90.22%	58.47%	53.24%	56.63%	48.50%	82.3s
#epoch[277]:	7.4e-04	0.60390	90.13%	59.44%	53.73%	57.70%	48.98%	72.8s
#epoch[278]:	7.2e-04	0.59434	89.74%	59.24%	52.86%	57.21%	48.60%	76.8s
#epoch[279]:	6.9e-04	0.57778	90.32%	56.44%	50.44%	55.28%	46.95%	74.1s
#epoch[280]:	6.7e-04	0.57631	89.64%	56.15%	49.95%	54.50%	46.27%	76.0s
#epoch[281]:	6.5e-04	0.56409	90.61%	61.57%	54.89%	60.50%	51.98%	74.4s	*
#epoch[282]:	6.3e-04	0.56266	89.74%	58.08%	52.57%	56.63%	48.98%	78.8s
#epoch[283]:	6.0e-04	0.55037	90.22%	59.15%	52.66%	57.89%	48.89%	74.9s
#epoch[284]:	5.8e-04	0.56024	90.22%	59.54%	52.76%	57.99%	49.56%	75.5s
#epoch[285]:	5.5e-04	0.54273	90.71%	63.41%	55.66%	61.76%	52.27%	73.7s	*
#epoch[286]:	5.3e-04	0.53406	90.42%	59.15%	55.76%	57.89%	50.24%	73.3s
#epoch[287]:	5.1e-04	0.52984	89.64%	60.70%	54.11%	59.15%	50.63%	80.3s
#epoch[288]:	4.8e-04	0.51901	89.93%	57.99%	51.98%	56.92%	48.79%	85.0s
#epoch[289]:	4.6e-04	0.52541	89.93%	56.92%	51.02%	55.66%	47.53%	77.9s
#epoch[290]:	4.3e-04	0.51728	90.71%	62.92%	56.34%	61.47%	52.37%	77.6s	*
#epoch[291]:	4.1e-04	0.50341	90.51%	60.21%	54.50%	58.86%	50.05%	75.8s
#epoch[292]:	3.8e-04	0.49811	89.93%	60.89%	54.21%	59.44%	49.85%	81.9s
#epoch[293]:	3.6e-04	0.49770	90.32%	59.83%	53.53%	58.47%	49.76%	76.8s
#epoch[294]:	3.4e-04	0.50722	90.03%	55.37%	49.37%	54.02%	46.37%	75.3s
#epoch[295]:	3.2e-04	0.48728	90.13%	57.99%	52.27%	56.82%	48.50%	70.8s
#epoch[296]:	2.9e-04	0.49551	90.22%	60.12%	53.73%	58.86%	49.95%	78.8s
#epoch[297]:	2.7e-04	0.48651	90.13%	57.31%	51.31%	55.95%	47.24%	67.6s
#epoch[298]:	2.5e-04	0.47279	90.32%	59.83%	52.76%	58.66%	49.27%	77.6s
#epoch[299]:	2.3e-04	0.48791	90.32%	58.28%	51.79%	57.12%	48.40%	80.0s
#epoch[300]:	2.1e-04	0.47493	90.42%	61.86%	55.08%	60.50%	51.31%	73.7s
#epoch[301]:	1.9e-04	0.47578	90.22%	60.99%	54.11%	59.54%	50.73%	74.4s
#epoch[302]:	1.7e-04	0.47215	90.03%	57.02%	51.50%	55.57%	47.63%	80.5s
#epoch[303]:	1.5e-04	0.47601	90.32%	60.31%	54.40%	58.76%	50.15%	82.4s
#epoch[304]:	1.4e-04	0.47217	90.13%	53.34%	47.53%	52.08%	44.05%	78.2s
#epoch[305]:	1.2e-04	0.46872	90.03%	54.89%	49.27%	53.63%	46.08%	80.9s
#epoch[306]:	1.1e-04	0.47350	89.74%	57.89%	51.79%	56.63%	47.82%	73.0s
#epoch[307]:	9.3e-05	0.46973	90.13%	56.24%	49.66%	54.79%	46.56%	81.4s
#epoch[308]:	8.0e-05	0.47383	89.84%	61.08%	53.82%	59.15%	50.05%	77.1s
#epoch[309]:	6.8e-05	0.46851	90.32%	62.73%	54.31%	60.60%	49.95%	78.0s
#epoch[310]:	5.8e-05	0.46257	89.84%	61.47%	55.28%	59.92%	50.92%	80.6s
#epoch[311]:	4.8e-05	0.46580	90.22%	58.18%	53.15%	56.82%	48.79%	71.0s
#epoch[312]:	3.9e-05	0.47284	89.74%	58.28%	52.37%	56.92%	48.40%	70.2s
#epoch[313]:	3.1e-05	0.45650	90.13%	62.05%	54.99%	60.21%	50.73%	76.8s
#epoch[314]:	2.5e-05	0.46378	90.03%	58.95%	53.34%	57.50%	49.27%	75.8s
#epoch[315]:	2.0e-05	0.46334	90.13%	59.44%	54.50%	57.99%	49.85%	76.1s
#epoch[316]:	1.5e-05	0.47085	89.93%	59.92%	54.89%	58.47%	50.92%	75.6s
#epoch[317]:	1.2e-05	0.45868	90.03%	51.31%	46.95%	50.05%	42.69%	78.0s
#epoch[318]:	1.1e-05	0.46693	90.03%	56.92%	51.40%	55.47%	48.21%	79.9s
#epoch[319]:	1.0e-05	0.46608	89.93%	60.70%	55.66%	59.24%	51.31%	80.5s
#done!!!  2020-12-15  03:05:05
